{"id":74660,"type":"success","level":1,"name":"签到","meta":{"paths":["lp0hx8"]},"content":"1559901047完成了一次签到！","timestamp":1774143338668}
{"id":76081,"type":"info","level":2,"name":"关键词回复","meta":{"paths":["lp0hx8"]},"content":"随机数为3，触发自动回复","timestamp":1774148719235}
{"id":76090,"type":"info","level":2,"name":"关键词回复","meta":{"paths":["lp0hx8"]},"content":"随机数为5，触发自动回复","timestamp":1774148724984}
{"id":76168,"type":"info","level":2,"name":"关键词回复","meta":{"paths":["lp0hx8"]},"content":"随机数为10，触发自动回复","timestamp":1774148780479}
{"id":77547,"type":"success","level":1,"name":"签到","meta":{"paths":["lp0hx8"]},"content":"1723814703完成了一次签到！","timestamp":1774150608678}
{"id":78946,"type":"info","level":2,"name":"绑定id","meta":{"paths":["lp0hx8"]},"content":"用户1376311343绑定了cnid：7521724121655401259","timestamp":1774152129743}
{"id":79132,"type":"info","level":2,"name":"绑定id","meta":{"paths":["lp0hx8"]},"content":"用户1074659330绑定了cnid：7487451112287705883","timestamp":1774152453034}
{"id":79209,"type":"error","level":1,"name":"绑定id","meta":{"paths":["lp0hx8"]},"content":"1074659330输入错误id：7487451112287705883，id过短","timestamp":1774152587866}
{"id":79237,"type":"info","level":2,"name":"绑定id","meta":{"paths":["lp0hx8"]},"content":"用户1074659330绑定了cnid：7487451112287705883","timestamp":1774152621505}
{"id":82842,"type":"info","level":2,"name":"关键词回复","meta":{"paths":["lp0hx8"]},"content":"随机数为3，触发自动回复","timestamp":1774155897537}
{"id":83256,"type":"info","level":2,"name":"关键词回复","meta":{"paths":["lp0hx8"]},"content":"随机数为3，触发自动回复","timestamp":1774156100705}
{"id":83287,"type":"info","level":2,"name":"关键词回复","meta":{"paths":["lp0hx8"]},"content":"随机数为7，触发自动回复","timestamp":1774156115506}
{"id":83411,"type":"info","level":2,"name":"关键词回复","meta":{"paths":["lp0hx8"]},"content":"随机数为8，触发自动回复","timestamp":1774156153261}
{"id":84410,"type":"info","level":2,"name":"关键词回复","meta":{"paths":["lp0hx8"]},"content":"随机数为10，触发自动回复","timestamp":1774156569812}
{"id":85183,"type":"info","level":2,"name":"关键词回复","meta":{"paths":["lp0hx8"]},"content":"随机数为2，触发自动回复","timestamp":1774156908212}
{"id":85264,"type":"info","level":2,"name":"关键词回复","meta":{"paths":["lp0hx8"]},"content":"随机数为10，触发自动回复","timestamp":1774156937931}
{"id":85776,"type":"info","level":2,"name":"关键词回复","meta":{"paths":["lp0hx8"]},"content":"随机数为10，触发自动回复","timestamp":1774157119351}
{"id":86012,"type":"info","level":2,"name":"关键词回复","meta":{"paths":["lp0hx8"]},"content":"随机数为3，触发自动回复","timestamp":1774157224360}
{"id":86658,"type":"info","level":2,"name":"关键词回复","meta":{"paths":["lp0hx8"]},"content":"随机数为3，触发自动回复","timestamp":1774157545943}
{"id":86732,"type":"info","level":2,"name":"关键词回复","meta":{"paths":["lp0hx8"]},"content":"随机数为7，触发自动回复","timestamp":1774157580677}
{"id":86846,"type":"info","level":2,"name":"关键词回复","meta":{"paths":["lp0hx8"]},"content":"随机数为5，触发自动回复","timestamp":1774157632095}
{"id":87038,"type":"info","level":2,"name":"关键词回复","meta":{"paths":["lp0hx8"]},"content":"随机数为10，触发自动回复","timestamp":1774157816743}
{"id":87131,"type":"info","level":2,"name":"关键词回复","meta":{"paths":["lp0hx8"]},"content":"随机数为6，触发自动回复","timestamp":1774157874085}
{"id":87789,"type":"info","level":2,"name":"关键词回复","meta":{"paths":["lp0hx8"]},"content":"随机数为9，触发自动回复","timestamp":1774158341969}
{"id":87815,"type":"info","level":2,"name":"关键词回复","meta":{"paths":["lp0hx8"]},"content":"随机数为8，触发自动回复","timestamp":1774158381876}
{"id":89560,"type":"error","level":1,"name":"绑定id","meta":{"paths":["lp0hx8"]},"content":"3669154852输入错误id：＋id，id过短","timestamp":1774160530518}
{"id":89850,"type":"info","level":2,"name":"绑定id","meta":{"paths":["lp0hx8"]},"content":"用户2381221036绑定了id：457757638979342351","timestamp":1774160801610}
{"id":90935,"type":"info","level":2,"name":"绑定id","meta":{"paths":["lp0hx8"]},"content":"用户1074659330绑定了cnid：7487451112287705883","timestamp":1774162062183}
{"id":91029,"type":"info","level":2,"name":"绑定id","meta":{"paths":["lp0hx8"]},"content":"用户1074659330绑定了cnid：7487451112287705883","timestamp":1774162230656}
{"id":91080,"type":"error","level":1,"name":"绑定id","meta":{"paths":["lp0hx8"]},"content":"2841902212输入错误id：+数字id（不用写+），id过短","timestamp":1774162311007}
{"id":91097,"type":"error","level":1,"name":"绑定id","meta":{"paths":["lp0hx8"]},"content":"1074659330输入错误id：7487451112287705883，id过短","timestamp":1774162337068}
{"id":91115,"type":"error","level":1,"name":"绑定id","meta":{"paths":["lp0hx8"]},"content":"941149315输入错误id：7563148084906285859，id过短","timestamp":1774162352560}
{"id":91161,"type":"error","level":1,"name":"绑定id","meta":{"paths":["lp0hx8"]},"content":"941149315输入错误id：7445585468206619418，id过短","timestamp":1774162393531}
{"id":91193,"type":"info","level":2,"name":"绑定id","meta":{"paths":["lp0hx8"]},"content":"用户941149315绑定了cnid：7445585468206619418","timestamp":1774162403533}
{"id":91223,"type":"info","level":2,"name":"绑定id","meta":{"paths":["lp0hx8"]},"content":"用户1074659330绑定了cnid：7487451112287705883","timestamp":1774162416739}
{"id":91319,"type":"info","level":2,"name":"绑定id","meta":{"paths":["lp0hx8"]},"content":"用户1550318633绑定了twid：7615565512545983285","timestamp":1774162471509}
{"id":91353,"type":"info","level":2,"name":"绑定id","meta":{"paths":["lp0hx8"]},"content":"用户941149315绑定了cnid：7445585468206619418","timestamp":1774162479842}
{"id":91386,"type":"info","level":2,"name":"绑定id","meta":{"paths":["lp0hx8"]},"content":"用户1550318633绑定了twid：7615565512545983285","timestamp":1774162587323}
{"id":96499,"type":"info","level":2,"name":"关键词回复","meta":{"paths":["lp0hx8"]},"content":"随机数为6，触发自动回复","timestamp":1774170074081}
{"id":101781,"type":"error","level":1,"name":"绑定id","meta":{"paths":["lp0hx8"]},"content":"2837463674输入错误id：5729387346038797，id过短","timestamp":1774176749173}
{"id":101918,"type":"error","level":1,"name":"绑定id","meta":{"paths":["lp0hx8"]},"content":"3086419582输入错误id：5976038572810243，id过短","timestamp":1774176851356}
{"id":105864,"type":"info","level":2,"name":"绑定id","meta":{"paths":["lp0hx8"]},"content":"用户749528056绑定了cnid：7561067299932134207","timestamp":1774179666684}
{"id":117377,"type":"error","level":1,"name":"签到","meta":{"paths":["lp0hx8"]},"content":"3479543026签到失败！原因：该用户已经签到","timestamp":1774190013354}
{"id":121380,"type":"warn","level":2,"name":"session","meta":{"paths":[]},"content":"娶群友\nTypeError: Cannot read properties of undefined (reading 'attrs')\n    at eval (eval at <anonymous> (/www/wwwroot/default/koishi/koishi-app/node_modules/koishi-plugin-blockly-null/lib/index.js:1:1), <anonymous>:22:77)\n    at Object.apply (/www/wwwroot/default/koishi/koishi-app/node_modules/@cordisjs/core/lib/index.cjs:171:28)\n    at next (/www/wwwroot/default/koishi/koishi-app/node_modules/@koishijs/core/lib/index.cjs:827:38)\n    at /www/wwwroot/default/koishi/koishi-app/node_modules/koishi-plugin-re-driftbottle/lib/index.js:1110:14\n    at Object.apply (/www/wwwroot/default/koishi/koishi-app/node_modules/@cordisjs/core/lib/index.cjs:171:28)\n    at next (/www/wwwroot/default/koishi/koishi-app/node_modules/@koishijs/core/lib/index.cjs:827:38)\n    at /www/wwwroot/default/koishi/koishi-app/node_modules/koishi-plugin-anti-space/lib/index.js:100:16\n    at Object.apply (/www/wwwroot/default/koishi/koishi-app/node_modules/@cordisjs/core/lib/index.cjs:171:28)\n    at next (/www/wwwroot/default/koishi/koishi-app/node_modules/@koishijs/core/lib/index.cjs:827:38)\n    at /www/wwwroot/default/koishi/koishi-app/node_modules/koishi-plugin-anti-space/lib/index.js:75:16","timestamp":1774193531021}
{"id":121459,"type":"warn","level":2,"name":"session","meta":{"paths":[]},"content":"娶群友\nTypeError: Cannot read properties of undefined (reading 'attrs')\n    at eval (eval at <anonymous> (/www/wwwroot/default/koishi/koishi-app/node_modules/koishi-plugin-blockly-null/lib/index.js:1:1), <anonymous>:22:77)\n    at Object.apply (/www/wwwroot/default/koishi/koishi-app/node_modules/@cordisjs/core/lib/index.cjs:171:28)\n    at next (/www/wwwroot/default/koishi/koishi-app/node_modules/@koishijs/core/lib/index.cjs:827:38)\n    at /www/wwwroot/default/koishi/koishi-app/node_modules/koishi-plugin-re-driftbottle/lib/index.js:1110:14\n    at Object.apply (/www/wwwroot/default/koishi/koishi-app/node_modules/@cordisjs/core/lib/index.cjs:171:28)\n    at next (/www/wwwroot/default/koishi/koishi-app/node_modules/@koishijs/core/lib/index.cjs:827:38)\n    at /www/wwwroot/default/koishi/koishi-app/node_modules/koishi-plugin-anti-space/lib/index.js:100:16\n    at Object.apply (/www/wwwroot/default/koishi/koishi-app/node_modules/@cordisjs/core/lib/index.cjs:171:28)\n    at next (/www/wwwroot/default/koishi/koishi-app/node_modules/@koishijs/core/lib/index.cjs:827:38)\n    at /www/wwwroot/default/koishi/koishi-app/node_modules/koishi-plugin-anti-space/lib/index.js:75:16","timestamp":1774193541559}
{"id":121514,"type":"warn","level":2,"name":"session","meta":{"paths":[]},"content":"娶群友\nTypeError: Cannot read properties of undefined (reading 'attrs')\n    at eval (eval at <anonymous> (/www/wwwroot/default/koishi/koishi-app/node_modules/koishi-plugin-blockly-null/lib/index.js:1:1), <anonymous>:22:77)\n    at Object.apply (/www/wwwroot/default/koishi/koishi-app/node_modules/@cordisjs/core/lib/index.cjs:171:28)\n    at next (/www/wwwroot/default/koishi/koishi-app/node_modules/@koishijs/core/lib/index.cjs:827:38)\n    at /www/wwwroot/default/koishi/koishi-app/node_modules/koishi-plugin-re-driftbottle/lib/index.js:1110:14\n    at Object.apply (/www/wwwroot/default/koishi/koishi-app/node_modules/@cordisjs/core/lib/index.cjs:171:28)\n    at next (/www/wwwroot/default/koishi/koishi-app/node_modules/@koishijs/core/lib/index.cjs:827:38)\n    at /www/wwwroot/default/koishi/koishi-app/node_modules/koishi-plugin-anti-space/lib/index.js:100:16\n    at Object.apply (/www/wwwroot/default/koishi/koishi-app/node_modules/@cordisjs/core/lib/index.cjs:171:28)\n    at next (/www/wwwroot/default/koishi/koishi-app/node_modules/@koishijs/core/lib/index.cjs:827:38)\n    at /www/wwwroot/default/koishi/koishi-app/node_modules/koishi-plugin-anti-space/lib/index.js:75:16","timestamp":1774193552330}
{"id":121613,"type":"info","level":2,"name":"关键词回复","meta":{"paths":["lp0hx8"]},"content":"随机数为6，触发自动回复","timestamp":1774193573074}
{"id":121620,"type":"warn","level":2,"name":"session","meta":{"paths":[]},"content":"娶群友\nTypeError: Cannot read properties of undefined (reading 'attrs')\n    at eval (eval at <anonymous> (/www/wwwroot/default/koishi/koishi-app/node_modules/koishi-plugin-blockly-null/lib/index.js:1:1), <anonymous>:22:77)\n    at Object.apply (/www/wwwroot/default/koishi/koishi-app/node_modules/@cordisjs/core/lib/index.cjs:171:28)\n    at next (/www/wwwroot/default/koishi/koishi-app/node_modules/@koishijs/core/lib/index.cjs:827:38)\n    at /www/wwwroot/default/koishi/koishi-app/node_modules/koishi-plugin-re-driftbottle/lib/index.js:1110:14\n    at Object.apply (/www/wwwroot/default/koishi/koishi-app/node_modules/@cordisjs/core/lib/index.cjs:171:28)\n    at next (/www/wwwroot/default/koishi/koishi-app/node_modules/@koishijs/core/lib/index.cjs:827:38)\n    at /www/wwwroot/default/koishi/koishi-app/node_modules/koishi-plugin-anti-space/lib/index.js:100:16\n    at Object.apply (/www/wwwroot/default/koishi/koishi-app/node_modules/@cordisjs/core/lib/index.cjs:171:28)\n    at next (/www/wwwroot/default/koishi/koishi-app/node_modules/@koishijs/core/lib/index.cjs:827:38)\n    at /www/wwwroot/default/koishi/koishi-app/node_modules/koishi-plugin-anti-space/lib/index.js:75:16","timestamp":1774193574013}
{"id":121909,"type":"info","level":2,"name":"关键词回复","meta":{"paths":["lp0hx8"]},"content":"随机数为2，触发自动回复","timestamp":1774193717605}
{"id":123073,"type":"info","level":2,"name":"关键词回复","meta":{"paths":["lp0hx8"]},"content":"随机数为3，触发自动回复","timestamp":1774194431401}
{"id":123353,"type":"info","level":2,"name":"关键词回复","meta":{"paths":["lp0hx8"]},"content":"随机数为4，触发自动回复","timestamp":1774194511333}
{"id":123392,"type":"info","level":2,"name":"关键词回复","meta":{"paths":["lp0hx8"]},"content":"随机数为1，触发自动回复","timestamp":1774194527275}
{"id":124308,"type":"info","level":2,"name":"关键词回复","meta":{"paths":["lp0hx8"]},"content":"随机数为10，触发自动回复","timestamp":1774195028788}
{"id":124425,"type":"info","level":2,"name":"关键词回复","meta":{"paths":["lp0hx8"]},"content":"随机数为6，触发自动回复","timestamp":1774195109130}
{"id":124484,"type":"info","level":2,"name":"关键词回复","meta":{"paths":["lp0hx8"]},"content":"随机数为4，触发自动回复","timestamp":1774195138946}
{"id":125924,"type":"success","level":1,"name":"签到","meta":{"paths":["lp0hx8"]},"content":"3663735613完成了一次签到！","timestamp":1774196091618}
{"id":125965,"type":"success","level":1,"name":"签到","meta":{"paths":["lp0hx8"]},"content":"2182223762完成了一次签到！","timestamp":1774196097152}
{"id":126193,"type":"success","level":1,"name":"签到","meta":{"paths":["lp0hx8"]},"content":"1559901047完成了一次签到！","timestamp":1774196262202}
{"id":129785,"type":"success","level":1,"name":"签到","meta":{"paths":["lp0hx8"]},"content":"3479543026完成了一次签到！","timestamp":1774199679369}
{"id":130850,"type":"error","level":1,"name":"绑定id","meta":{"paths":["lp0hx8"]},"content":"2374362596输入错误id：51245121374760968，id过短","timestamp":1774200320376}
{"id":131627,"type":"error","level":1,"name":"绑定id","meta":{"paths":["lp0hx8"]},"content":"2374362596输入错误id：51245121374760968，id过短","timestamp":1774200497199}
{"id":133336,"type":"info","level":2,"name":"绑定id","meta":{"paths":["lp0hx8"]},"content":"用户3679826062绑定了cnid：7590356879298616099","timestamp":1774201485889}
{"id":137489,"type":"info","level":2,"name":"绑定id","meta":{"paths":["lp0hx8"]},"content":"用户2633676604绑定了twid：7201444032076290817","timestamp":1774202836630}
