{"id":252178,"type":"success","level":1,"name":"签到","meta":{"paths":["lp0hx8"]},"content":"3663735613完成了一次签到！","timestamp":1773101413069}
{"id":252293,"type":"success","level":1,"name":"签到","meta":{"paths":["lp0hx8"]},"content":"2789918774完成了一次签到！","timestamp":1773102483056}
{"id":252995,"type":"info","level":2,"name":"关键词回复","meta":{"paths":["lp0hx8"]},"content":"随机数为5，触发自动回复","timestamp":1773109621501}
{"id":253351,"type":"info","level":2,"name":"绑定id","meta":{"paths":["lp0hx8"]},"content":"用户29053789绑定了cnid：7485983327862741771","timestamp":1773111984593}
{"id":253402,"type":"info","level":2,"name":"关键词回复","meta":{"paths":["lp0hx8"]},"content":"随机数为3，触发自动回复","timestamp":1773112180370}
{"id":254107,"type":"info","level":2,"name":"关键词回复","meta":{"paths":["lp0hx8"]},"content":"随机数为7，触发自动回复","timestamp":1773113636441}
{"id":254326,"type":"info","level":2,"name":"关键词回复","meta":{"paths":["lp0hx8"]},"content":"随机数为9，触发自动回复","timestamp":1773114107986}
{"id":258677,"type":"info","level":2,"name":"关键词回复","meta":{"paths":["lp0hx8"]},"content":"随机数为7，触发自动回复","timestamp":1773126268760}
{"id":259530,"type":"info","level":2,"name":"关键词回复","meta":{"paths":["lp0hx8"]},"content":"随机数为4，触发自动回复","timestamp":1773127025218}
{"id":259791,"type":"info","level":2,"name":"关键词回复","meta":{"paths":["lp0hx8"]},"content":"随机数为3，触发自动回复","timestamp":1773127192126}
{"id":259868,"type":"info","level":2,"name":"blockly","meta":{"paths":["lp0hx8"]},"content":"Loading 4 plugin(s)","timestamp":1773127267939}
{"id":259869,"type":"info","level":2,"name":"blockly","meta":{"paths":["lp0hx8"]},"content":"Loaded 4 plugin(s)","timestamp":1773127268011}
{"id":260304,"type":"info","level":2,"name":"关键词回复","meta":{"paths":["lp0hx8"]},"content":"随机数为9，触发自动回复","timestamp":1773127952757}
{"id":261486,"type":"info","level":2,"name":"关键词回复","meta":{"paths":["lp0hx8"]},"content":"随机数为5，触发自动回复","timestamp":1773130266640}
{"id":263088,"type":"info","level":2,"name":"关键词回复","meta":{"paths":["lp0hx8"]},"content":"随机数为2，触发自动回复","timestamp":1773132764594}
{"id":265917,"type":"info","level":2,"name":"关键词回复","meta":{"paths":["lp0hx8"]},"content":"随机数为10，触发自动回复","timestamp":1773135984887}
{"id":266058,"type":"info","level":2,"name":"关键词回复","meta":{"paths":["lp0hx8"]},"content":"随机数为5，触发自动回复","timestamp":1773136041128}
{"id":268070,"type":"info","level":2,"name":"关键词回复","meta":{"paths":["lp0hx8"]},"content":"随机数为2，触发自动回复","timestamp":1773137064454}
{"id":269587,"type":"error","level":1,"name":"绑定id","meta":{"paths":["lp0hx8"]},"content":"1784773412输入错误id：458129232050200590，id过短","timestamp":1773137941235}
{"id":269617,"type":"info","level":2,"name":"绑定id","meta":{"paths":["lp0hx8"]},"content":"用户1784773412绑定了id：458129232050200590","timestamp":1773137955417}
{"id":270163,"type":"info","level":2,"name":"关键词回复","meta":{"paths":["lp0hx8"]},"content":"随机数为7，触发自动回复","timestamp":1773138329606}
{"id":270181,"type":"info","level":2,"name":"关键词回复","meta":{"paths":["lp0hx8"]},"content":"随机数为6，触发自动回复","timestamp":1773138369880}
{"id":271113,"type":"info","level":2,"name":"关键词回复","meta":{"paths":["lp0hx8"]},"content":"随机数为3，触发自动回复","timestamp":1773139197853}
{"id":271896,"type":"info","level":2,"name":"关键词回复","meta":{"paths":["lp0hx8"]},"content":"随机数为7，触发自动回复","timestamp":1773139794641}
{"id":273629,"type":"info","level":2,"name":"关键词回复","meta":{"paths":["lp0hx8"]},"content":"随机数为9，触发自动回复","timestamp":1773140720241}
{"id":275831,"type":"info","level":2,"name":"关键词回复","meta":{"paths":["lp0hx8"]},"content":"随机数为3，触发自动回复","timestamp":1773141917642}
{"id":280673,"type":"info","level":2,"name":"关键词回复","meta":{"paths":["lp0hx8"]},"content":"随机数为2，触发自动回复","timestamp":1773145784714}
{"id":280860,"type":"info","level":2,"name":"关键词回复","meta":{"paths":["lp0hx8"]},"content":"随机数为1，触发自动回复","timestamp":1773145865391}
{"id":281431,"type":"info","level":2,"name":"关键词回复","meta":{"paths":["lp0hx8"]},"content":"随机数为8，触发自动回复","timestamp":1773146448563}
{"id":281639,"type":"info","level":2,"name":"关键词回复","meta":{"paths":["lp0hx8"]},"content":"随机数为8，触发自动回复","timestamp":1773146848464}
{"id":282736,"type":"info","level":2,"name":"关键词回复","meta":{"paths":["lp0hx8"]},"content":"随机数为7，触发自动回复","timestamp":1773147780241}
{"id":282849,"type":"info","level":2,"name":"关键词回复","meta":{"paths":["lp0hx8"]},"content":"随机数为4，触发自动回复","timestamp":1773147850849}
{"id":282899,"type":"info","level":2,"name":"关键词回复","meta":{"paths":["lp0hx8"]},"content":"随机数为2，触发自动回复","timestamp":1773147900712}
{"id":283260,"type":"info","level":2,"name":"关键词回复","meta":{"paths":["lp0hx8"]},"content":"随机数为2，触发自动回复","timestamp":1773148120301}
{"id":284268,"type":"info","level":2,"name":"关键词回复","meta":{"paths":["lp0hx8"]},"content":"随机数为10，触发自动回复","timestamp":1773149367755}
{"id":284564,"type":"info","level":2,"name":"关键词回复","meta":{"paths":["lp0hx8"]},"content":"随机数为2，触发自动回复","timestamp":1773149661641}
{"id":285348,"type":"info","level":2,"name":"关键词回复","meta":{"paths":["lp0hx8"]},"content":"随机数为9，触发自动回复","timestamp":1773150327099}
{"id":285881,"type":"info","level":2,"name":"关键词回复","meta":{"paths":["lp0hx8"]},"content":"随机数为9，触发自动回复","timestamp":1773151113383}
{"id":285890,"type":"info","level":2,"name":"关键词回复","meta":{"paths":["lp0hx8"]},"content":"随机数为5，触发自动回复","timestamp":1773151116089}
{"id":295771,"type":"success","level":1,"name":"签到","meta":{"paths":["lp0hx8"]},"content":"3663735613完成了一次签到！","timestamp":1773163887378}
{"id":296646,"type":"info","level":2,"name":"关键词回复","meta":{"paths":["lp0hx8"]},"content":"随机数为8，触发自动回复","timestamp":1773165852773}
{"id":297599,"type":"success","level":1,"name":"签到","meta":{"paths":["lp0hx8"]},"content":"3479543026完成了一次签到！","timestamp":1773173711591}
{"id":297912,"type":"success","level":1,"name":"签到","meta":{"paths":["lp0hx8"]},"content":"771353605完成了一次签到！","timestamp":1773182572602}
{"id":298122,"type":"success","level":1,"name":"签到","meta":{"paths":["lp0hx8"]},"content":"1159143098完成了一次签到！","timestamp":1773185628728}
