{"id":76138,"type":"warn","level":2,"name":"command","meta":{},"content":"cn绑定 \nTypeError: Cannot read properties of undefined (reading 'indexOf')\n    at _Command.eval (eval at <anonymous> (/www/wwwroot/default/koishi/koishi-app/node_modules/koishi-plugin-blockly-null/lib/index.js:1:1), <anonymous>:18:16)\n    at Array.<anonymous> (/www/wwwroot/default/koishi/koishi-app/node_modules/@koishijs/core/lib/index.cjs:1079:27)\n    at argv.next (/www/wwwroot/default/koishi/koishi-app/node_modules/@koishijs/core/lib/index.cjs:1090:30)\n    at _Command.execute (/www/wwwroot/default/koishi/koishi-app/node_modules/@koishijs/core/lib/index.cjs:1093:33)\n    at process.processTicksAndRejections (node:internal/process/task_queues:103:5)\n    at async /www/wwwroot/default/koishi/koishi-app/node_modules/@koishijs/core/lib/index.cjs:2049:22\n    at async Proxy.withScope (/www/wwwroot/default/koishi/koishi-app/node_modules/@koishijs/core/lib/index.cjs:1958:22)\n    at async next (/www/wwwroot/default/koishi/koishi-app/node_modules/@koishijs/core/lib/index.cjs:827:16)\n    at async next (/www/wwwroot/default/koishi/koishi-app/node_modules/@koishijs/core/lib/index.cjs:827:16)\n    at async next (/www/wwwroot/default/koishi/koishi-app/node_modules/@koishijs/core/lib/index.cjs:827:16)","timestamp":1772159274691}
{"id":76986,"type":"info","level":2,"name":"绑定id","meta":{"paths":["lp0hx8"]},"content":"用户2919529476绑定了cnid：7538478218345683727","timestamp":1772160350191}
{"id":77995,"type":"warn","level":2,"name":"session","meta":{},"content":"Error: Error with request send_group_msg, args: {\"group_id\":1059649545,\"message\":[{\"type\":\"record\",\"data\":{\"file\":\"http://smmcat.cn/run/fa/啊~this good~（van）.mp3\",\"cache\":0}}]}, retcode: 1200\n    at _Internal._get (/www/wwwroot/default/koishi/koishi-app/node_modules/koishi-plugin-adapter-onebot/lib/index.js:119:11)\n    at process.processTicksAndRejections (node:internal/process/task_queues:103:5)\n    at async _Internal.<computed> [as sendGroupMsg] (/www/wwwroot/default/koishi/koishi-app/node_modules/koishi-plugin-adapter-onebot/lib/index.js:162:20)\n    at async OneBotMessageEncoder.flush (/www/wwwroot/default/koishi/koishi-app/node_modules/koishi-plugin-adapter-onebot/lib/index.js:771:338)\n    at async OneBotMessageEncoder.send (/www/wwwroot/default/koishi/koishi-app/node_modules/@satorijs/core/lib/index.cjs:755:5)\n    at async Proxy.sendMessage (/www/wwwroot/default/koishi/koishi-app/node_modules/@satorijs/core/lib/index.cjs:487:22)","timestamp":1772161216711}
{"id":79049,"type":"info","level":2,"name":"关键词回复","meta":{"paths":["lp0hx8"]},"content":"随机数为2，触发自动回复","timestamp":1772162139068}
{"id":79076,"type":"info","level":2,"name":"关键词回复","meta":{"paths":["lp0hx8"]},"content":"随机数为8，触发自动回复","timestamp":1772162160794}
{"id":79110,"type":"success","level":1,"name":"签到","meta":{"paths":["lp0hx8"]},"content":"1449679792完成了一次签到！","timestamp":1772162208732}
{"id":79140,"type":"info","level":2,"name":"抽卡与卡组","meta":{"paths":["lp0hx8"]},"content":"29053789抽到了一张☆二星★卡，剩余116730P点","timestamp":1772162218174}
{"id":79173,"type":"info","level":2,"name":"关键词回复","meta":{"paths":["lp0hx8"]},"content":"随机数为5，触发自动回复","timestamp":1772162254002}
{"id":79304,"type":"info","level":2,"name":"关键词回复","meta":{"paths":["lp0hx8"]},"content":"随机数为8，触发自动回复","timestamp":1772162355308}
{"id":79648,"type":"success","level":1,"name":"签到","meta":{"paths":["lp0hx8"]},"content":"1559901047完成了一次签到！","timestamp":1772162859501}
{"id":79675,"type":"info","level":2,"name":"关键词回复","meta":{"paths":["lp0hx8"]},"content":"随机数为2，触发自动回复","timestamp":1772162885114}
{"id":80228,"type":"info","level":2,"name":"关键词回复","meta":{"paths":["lp0hx8"]},"content":"随机数为7，触发自动回复","timestamp":1772164541169}
{"id":80729,"type":"info","level":2,"name":"关键词回复","meta":{"paths":["lp0hx8"]},"content":"随机数为7，触发自动回复","timestamp":1772165449225}
{"id":80813,"type":"info","level":2,"name":"关键词回复","meta":{"paths":["lp0hx8"]},"content":"随机数为2，触发自动回复","timestamp":1772165498027}
{"id":80873,"type":"info","level":2,"name":"关键词回复","meta":{"paths":["lp0hx8"]},"content":"随机数为7，触发自动回复","timestamp":1772165523020}
{"id":81205,"type":"info","level":2,"name":"关键词回复","meta":{"paths":["lp0hx8"]},"content":"随机数为3，触发自动回复","timestamp":1772166423243}
{"id":82329,"type":"info","level":2,"name":"关键词回复","meta":{"paths":["lp0hx8"]},"content":"随机数为6，触发自动回复","timestamp":1772168349949}
{"id":82476,"type":"info","level":2,"name":"关键词回复","meta":{"paths":["lp0hx8"]},"content":"随机数为3，触发自动回复","timestamp":1772168388665}
{"id":82507,"type":"info","level":2,"name":"关键词回复","meta":{"paths":["lp0hx8"]},"content":"随机数为4，触发自动回复","timestamp":1772168402308}
{"id":83513,"type":"info","level":2,"name":"关键词回复","meta":{"paths":["lp0hx8"]},"content":"随机数为1，触发自动回复","timestamp":1772169037605}
{"id":83606,"type":"info","level":2,"name":"关键词回复","meta":{"paths":["lp0hx8"]},"content":"随机数为8，触发自动回复","timestamp":1772169183510}
{"id":84127,"type":"info","level":2,"name":"关键词回复","meta":{"paths":["lp0hx8"]},"content":"随机数为8，触发自动回复","timestamp":1772169782046}
{"id":84147,"type":"info","level":2,"name":"关键词回复","meta":{"paths":["lp0hx8"]},"content":"随机数为8，触发自动回复","timestamp":1772169816536}
{"id":84254,"type":"success","level":1,"name":"签到","meta":{"paths":["lp0hx8"]},"content":"771353605完成了一次签到！","timestamp":1772169903104}
{"id":84682,"type":"info","level":2,"name":"关键词回复","meta":{"paths":["lp0hx8"]},"content":"随机数为1，触发自动回复","timestamp":1772170252701}
{"id":84747,"type":"info","level":2,"name":"关键词回复","meta":{"paths":["lp0hx8"]},"content":"随机数为2，触发自动回复","timestamp":1772170268579}
{"id":85403,"type":"info","level":2,"name":"关键词回复","meta":{"paths":["lp0hx8"]},"content":"随机数为9，触发自动回复","timestamp":1772171463173}
{"id":85578,"type":"info","level":2,"name":"关键词回复","meta":{"paths":["lp0hx8"]},"content":"随机数为2，触发自动回复","timestamp":1772171986739}
{"id":85621,"type":"info","level":2,"name":"抽卡与卡组","meta":{"paths":["lp0hx8"]},"content":"1559901047抽到了一张❀三星☄卡，剩余5454P点","timestamp":1772172005432}
{"id":85645,"type":"info","level":2,"name":"抽卡与卡组","meta":{"paths":["lp0hx8"]},"content":"1559901047抽到了一张☆二星★卡，剩余5054P点","timestamp":1772172009836}
{"id":85679,"type":"info","level":2,"name":"抽卡与卡组","meta":{"paths":["lp0hx8"]},"content":"1559901047抽到了一张☆二星★卡，剩余4654P点","timestamp":1772172011442}
{"id":85803,"type":"success","level":1,"name":"抽卡与卡组","meta":{"paths":["lp0hx8"]},"content":"1559901047献祭了：5张二星  1张三星  获得1960P点，当前P点数为6614","timestamp":1772172125435}
{"id":85867,"type":"success","level":1,"name":"抽卡与卡组","meta":{"paths":["lp0hx8"]},"content":"1559901047献祭了：5张二星  1张三星  获得1960P点，当前P点数为6174","timestamp":1772172158249}
{"id":85922,"type":"success","level":1,"name":"抽卡与卡组","meta":{"paths":["lp0hx8"]},"content":"1559901047献祭了：4张二星  2张三星  获得2240P点，当前P点数为6014","timestamp":1772172173507}
{"id":85977,"type":"success","level":1,"name":"抽卡与卡组","meta":{"paths":["lp0hx8"]},"content":"1559901047献祭了：3张二星  3张三星  获得2520P点，当前P点数为6134","timestamp":1772172189356}
{"id":86029,"type":"success","level":1,"name":"抽卡与卡组","meta":{"paths":["lp0hx8"]},"content":"1559901047献祭了：3张二星  3张三星  获得2520P点，当前P点数为6254","timestamp":1772172206397}
{"id":86101,"type":"success","level":1,"name":"抽卡与卡组","meta":{"paths":["lp0hx8"]},"content":"1559901047献祭了：5张二星  1张三星  获得1960P点，当前P点数为5814","timestamp":1772172226177}
{"id":86153,"type":"success","level":1,"name":"抽卡与卡组","meta":{"paths":["lp0hx8"]},"content":"1559901047献祭了：3张二星  3张三星  获得2520P点，当前P点数为5934","timestamp":1772172237406}
{"id":86217,"type":"success","level":1,"name":"抽卡与卡组","meta":{"paths":["lp0hx8"]},"content":"1559901047献祭了：4张二星  2张三星  获得2240P点，当前P点数为5774","timestamp":1772172251954}
{"id":86277,"type":"success","level":1,"name":"抽卡与卡组","meta":{"paths":["lp0hx8"]},"content":"1559901047献祭了：4张二星  2张三星  获得2240P点，当前P点数为5614","timestamp":1772172263583}
{"id":86324,"type":"success","level":1,"name":"抽卡与卡组","meta":{"paths":["lp0hx8"]},"content":"1559901047献祭了：3张二星  3张三星  获得2520P点，当前P点数为5734","timestamp":1772172280524}
{"id":86370,"type":"success","level":1,"name":"抽卡与卡组","meta":{"paths":["lp0hx8"]},"content":"1559901047献祭了：4张二星  2张三星  获得2240P点，当前P点数为5574","timestamp":1772172298103}
{"id":86420,"type":"success","level":1,"name":"抽卡与卡组","meta":{"paths":["lp0hx8"]},"content":"1559901047献祭了：6张二星  获得1680P点，当前P点数为4854","timestamp":1772172310617}
{"id":86466,"type":"success","level":1,"name":"抽卡与卡组","meta":{"paths":["lp0hx8"]},"content":"1559901047献祭了：5张二星  1张三星  获得1960P点，当前P点数为4414","timestamp":1772172325323}
{"id":86513,"type":"success","level":1,"name":"抽卡与卡组","meta":{"paths":["lp0hx8"]},"content":"1559901047献祭了：5张二星  1张三星  获得1960P点，当前P点数为3974","timestamp":1772172342897}
{"id":88165,"type":"info","level":2,"name":"关键词回复","meta":{"paths":["lp0hx8"]},"content":"随机数为7，触发自动回复","timestamp":1772177004849}
{"id":88473,"type":"info","level":2,"name":"关键词回复","meta":{"paths":["lp0hx8"]},"content":"随机数为1，触发自动回复","timestamp":1772177669757}
{"id":88854,"type":"warn","level":2,"name":"session","meta":{},"content":"Error: Error with request send_group_msg, args: {\"group_id\":1056859232,\"message\":[{\"type\":\"record\",\"data\":{\"file\":\"http://smmcat.cn/run/fa/嗯~~.mp3\",\"cache\":0}}]}, retcode: 1200\n    at _Internal._get (/www/wwwroot/default/koishi/koishi-app/node_modules/koishi-plugin-adapter-onebot/lib/index.js:119:11)\n    at process.processTicksAndRejections (node:internal/process/task_queues:103:5)\n    at async _Internal.<computed> [as sendGroupMsg] (/www/wwwroot/default/koishi/koishi-app/node_modules/koishi-plugin-adapter-onebot/lib/index.js:162:20)\n    at async OneBotMessageEncoder.flush (/www/wwwroot/default/koishi/koishi-app/node_modules/koishi-plugin-adapter-onebot/lib/index.js:771:338)\n    at async OneBotMessageEncoder.send (/www/wwwroot/default/koishi/koishi-app/node_modules/@satorijs/core/lib/index.cjs:755:5)\n    at async Proxy.sendMessage (/www/wwwroot/default/koishi/koishi-app/node_modules/@satorijs/core/lib/index.cjs:487:22)","timestamp":1772178763890}
{"id":88884,"type":"info","level":2,"name":"绑定id","meta":{"paths":["lp0hx8"]},"content":"用户3463293114绑定了cnid：7486020673870109455","timestamp":1772178812201}
{"id":89120,"type":"info","level":2,"name":"关键词回复","meta":{"paths":["lp0hx8"]},"content":"随机数为4，触发自动回复","timestamp":1772180004863}
{"id":89886,"type":"success","level":1,"name":"签到","meta":{"paths":["lp0hx8"]},"content":"2535081283完成了一次签到！","timestamp":1772181736040}
{"id":90550,"type":"info","level":2,"name":"关键词回复","meta":{"paths":["lp0hx8"]},"content":"随机数为1，触发自动回复","timestamp":1772182767500}
{"id":90557,"type":"info","level":2,"name":"关键词回复","meta":{"paths":["lp0hx8"]},"content":"随机数为9，触发自动回复","timestamp":1772182776232}
{"id":90767,"type":"info","level":2,"name":"关键词回复","meta":{"paths":["lp0hx8"]},"content":"随机数为3，触发自动回复","timestamp":1772183642247}
{"id":90793,"type":"info","level":2,"name":"关键词回复","meta":{"paths":["lp0hx8"]},"content":"随机数为6，触发自动回复","timestamp":1772183685725}
{"id":91501,"type":"info","level":2,"name":"关键词回复","meta":{"paths":["lp0hx8"]},"content":"随机数为10，触发自动回复","timestamp":1772184073949}
{"id":92705,"type":"info","level":2,"name":"关键词回复","meta":{"paths":["lp0hx8"]},"content":"随机数为4，触发自动回复","timestamp":1772185453363}
{"id":92903,"type":"warn","level":2,"name":"session","meta":{},"content":"Error: Error with request send_group_msg, args: {\"group_id\":789037781,\"message\":[{\"type\":\"record\",\"data\":{\"file\":\"http://smmcat.cn/run/fa/嗯~~.mp3\",\"cache\":0}}]}, retcode: 1200\n    at _Internal._get (/www/wwwroot/default/koishi/koishi-app/node_modules/koishi-plugin-adapter-onebot/lib/index.js:119:11)\n    at process.processTicksAndRejections (node:internal/process/task_queues:103:5)\n    at async _Internal.<computed> [as sendGroupMsg] (/www/wwwroot/default/koishi/koishi-app/node_modules/koishi-plugin-adapter-onebot/lib/index.js:162:20)\n    at async OneBotMessageEncoder.flush (/www/wwwroot/default/koishi/koishi-app/node_modules/koishi-plugin-adapter-onebot/lib/index.js:771:338)\n    at async OneBotMessageEncoder.send (/www/wwwroot/default/koishi/koishi-app/node_modules/@satorijs/core/lib/index.cjs:755:5)\n    at async Proxy.sendMessage (/www/wwwroot/default/koishi/koishi-app/node_modules/@satorijs/core/lib/index.cjs:487:22)","timestamp":1772185915814}
{"id":92912,"type":"warn","level":2,"name":"session","meta":{},"content":"Error: Error with request send_group_msg, args: {\"group_id\":789037781,\"message\":[{\"type\":\"record\",\"data\":{\"file\":\"http://smmcat.cn/run/fa/嗯~~.mp3\",\"cache\":0}}]}, retcode: 1200\n    at _Internal._get (/www/wwwroot/default/koishi/koishi-app/node_modules/koishi-plugin-adapter-onebot/lib/index.js:119:11)\n    at process.processTicksAndRejections (node:internal/process/task_queues:103:5)\n    at async _Internal.<computed> [as sendGroupMsg] (/www/wwwroot/default/koishi/koishi-app/node_modules/koishi-plugin-adapter-onebot/lib/index.js:162:20)\n    at async OneBotMessageEncoder.flush (/www/wwwroot/default/koishi/koishi-app/node_modules/koishi-plugin-adapter-onebot/lib/index.js:771:338)\n    at async OneBotMessageEncoder.send (/www/wwwroot/default/koishi/koishi-app/node_modules/@satorijs/core/lib/index.cjs:755:5)\n    at async Proxy.sendMessage (/www/wwwroot/default/koishi/koishi-app/node_modules/@satorijs/core/lib/index.cjs:487:22)","timestamp":1772185918142}
{"id":94707,"type":"info","level":2,"name":"关键词回复","meta":{"paths":["lp0hx8"]},"content":"随机数为3，触发自动回复","timestamp":1772188932452}
{"id":95106,"type":"success","level":1,"name":"签到","meta":{"paths":["lp0hx8"]},"content":"2104851152完成了一次签到！","timestamp":1772189071996}
{"id":95153,"type":"info","level":2,"name":"抽卡与卡组","meta":{"paths":["lp0hx8"]},"content":"2104851152抽到了一张☆二星★卡，剩余400P点","timestamp":1772189086038}
{"id":95199,"type":"info","level":2,"name":"抽卡与卡组","meta":{"paths":["lp0hx8"]},"content":"2104851152抽到了一张❀三星☄卡，剩余0P点","timestamp":1772189095567}
{"id":95869,"type":"info","level":2,"name":"关键词回复","meta":{"paths":["lp0hx8"]},"content":"随机数为6，触发自动回复","timestamp":1772189412762}
{"id":96065,"type":"warn","level":2,"name":"session","meta":{},"content":"Error: Error with request send_group_msg, args: {\"group_id\":682255155,\"message\":[{\"type\":\"record\",\"data\":{\"file\":\"http://smmcat.cn/run/fa/啊~~.mp3\",\"cache\":0}}]}, retcode: 1200\n    at _Internal._get (/www/wwwroot/default/koishi/koishi-app/node_modules/koishi-plugin-adapter-onebot/lib/index.js:119:11)\n    at process.processTicksAndRejections (node:internal/process/task_queues:103:5)\n    at async _Internal.<computed> [as sendGroupMsg] (/www/wwwroot/default/koishi/koishi-app/node_modules/koishi-plugin-adapter-onebot/lib/index.js:162:20)\n    at async OneBotMessageEncoder.flush (/www/wwwroot/default/koishi/koishi-app/node_modules/koishi-plugin-adapter-onebot/lib/index.js:771:338)\n    at async OneBotMessageEncoder.send (/www/wwwroot/default/koishi/koishi-app/node_modules/@satorijs/core/lib/index.cjs:755:5)\n    at async Proxy.sendMessage (/www/wwwroot/default/koishi/koishi-app/node_modules/@satorijs/core/lib/index.cjs:487:22)","timestamp":1772189489762}
{"id":96222,"type":"info","level":2,"name":"关键词回复","meta":{"paths":["lp0hx8"]},"content":"随机数为1，触发自动回复","timestamp":1772189548545}
{"id":96575,"type":"info","level":2,"name":"关键词回复","meta":{"paths":["lp0hx8"]},"content":"随机数为5，触发自动回复","timestamp":1772189837970}
{"id":96709,"type":"info","level":2,"name":"关键词回复","meta":{"paths":["lp0hx8"]},"content":"随机数为9，触发自动回复","timestamp":1772189994778}
{"id":97390,"type":"info","level":2,"name":"关键词回复","meta":{"paths":["lp0hx8"]},"content":"随机数为6，触发自动回复","timestamp":1772191479183}
{"id":97775,"type":"info","level":2,"name":"关键词回复","meta":{"paths":["lp0hx8"]},"content":"随机数为2，触发自动回复","timestamp":1772191982804}
{"id":97954,"type":"warn","level":2,"name":"session","meta":{},"content":"Error: Error with request send_group_msg, args: {\"group_id\":682255155,\"message\":[{\"type\":\"record\",\"data\":{\"file\":\"http://smmcat.cn/run/fa/啊！！！.mp3\",\"cache\":0}}]}, retcode: 1200\n    at _Internal._get (/www/wwwroot/default/koishi/koishi-app/node_modules/koishi-plugin-adapter-onebot/lib/index.js:119:11)\n    at process.processTicksAndRejections (node:internal/process/task_queues:103:5)\n    at async _Internal.<computed> [as sendGroupMsg] (/www/wwwroot/default/koishi/koishi-app/node_modules/koishi-plugin-adapter-onebot/lib/index.js:162:20)\n    at async OneBotMessageEncoder.flush (/www/wwwroot/default/koishi/koishi-app/node_modules/koishi-plugin-adapter-onebot/lib/index.js:771:338)\n    at async OneBotMessageEncoder.send (/www/wwwroot/default/koishi/koishi-app/node_modules/@satorijs/core/lib/index.cjs:755:5)\n    at async Proxy.sendMessage (/www/wwwroot/default/koishi/koishi-app/node_modules/@satorijs/core/lib/index.cjs:487:22)","timestamp":1772192243596}
{"id":98622,"type":"error","level":1,"name":"绑定id","meta":{"paths":["lp0hx8"]},"content":"2535081283输入错误id：＋游戏id，id过短","timestamp":1772192501506}
{"id":98632,"type":"error","level":1,"name":"绑定id","meta":{"paths":["lp0hx8"]},"content":"3113544196输入错误id：+uid，id过短","timestamp":1772192510839}
{"id":98700,"type":"error","level":1,"name":"绑定id","meta":{"paths":["lp0hx8"]},"content":"3113544196输入错误id：+uid，id过短","timestamp":1772192547840}
{"id":98753,"type":"info","level":2,"name":"绑定id","meta":{"paths":["lp0hx8"]},"content":"用户2535081283绑定了cnid：7485968570380278562","timestamp":1772192592740}
{"id":98790,"type":"info","level":2,"name":"绑定id","meta":{"paths":["lp0hx8"]},"content":"用户2253608388绑定了twid：7214817821216414466","timestamp":1772192610486}
{"id":98887,"type":"error","level":1,"name":"绑定id","meta":{"paths":["lp0hx8"]},"content":"205213503输入错误id：7486850881070259007，id过短","timestamp":1772192661580}
{"id":98918,"type":"info","level":2,"name":"绑定id","meta":{"paths":["lp0hx8"]},"content":"用户2535081283绑定了cnid：7487916812726885159","timestamp":1772192684183}
{"id":98966,"type":"info","level":2,"name":"绑定id","meta":{"paths":["lp0hx8"]},"content":"用户205213503绑定了cnid：7486850881070259007","timestamp":1772192700292}
{"id":100072,"type":"info","level":2,"name":"关键词回复","meta":{"paths":["lp0hx8"]},"content":"随机数为9，触发自动回复","timestamp":1772193600477}
{"id":100813,"type":"info","level":2,"name":"关键词回复","meta":{"paths":["lp0hx8"]},"content":"随机数为10，触发自动回复","timestamp":1772195186535}
{"id":100867,"type":"info","level":2,"name":"关键词回复","meta":{"paths":["lp0hx8"]},"content":"随机数为6，触发自动回复","timestamp":1772195251777}
{"id":101046,"type":"warn","level":2,"name":"session","meta":{},"content":"Error: Error with request send_group_msg, args: {\"group_id\":682255155,\"message\":[{\"type\":\"record\",\"data\":{\"file\":\"http://smmcat.cn/run/fa/哦，shit I'm sorry.mp3\",\"cache\":0}}]}, retcode: 1200\n    at _Internal._get (/www/wwwroot/default/koishi/koishi-app/node_modules/koishi-plugin-adapter-onebot/lib/index.js:119:11)\n    at process.processTicksAndRejections (node:internal/process/task_queues:103:5)\n    at async _Internal.<computed> [as sendGroupMsg] (/www/wwwroot/default/koishi/koishi-app/node_modules/koishi-plugin-adapter-onebot/lib/index.js:162:20)\n    at async OneBotMessageEncoder.flush (/www/wwwroot/default/koishi/koishi-app/node_modules/koishi-plugin-adapter-onebot/lib/index.js:771:338)\n    at async OneBotMessageEncoder.send (/www/wwwroot/default/koishi/koishi-app/node_modules/@satorijs/core/lib/index.cjs:755:5)\n    at async Proxy.sendMessage (/www/wwwroot/default/koishi/koishi-app/node_modules/@satorijs/core/lib/index.cjs:487:22)","timestamp":1772195393531}
{"id":101253,"type":"warn","level":2,"name":"session","meta":{},"content":"Error: Error with request send_group_msg, args: {\"group_id\":1059649545,\"message\":[{\"type\":\"record\",\"data\":{\"file\":\"http://smmcat.cn/run/fa/来！.mp3\",\"cache\":0}}]}, retcode: 1200\n    at _Internal._get (/www/wwwroot/default/koishi/koishi-app/node_modules/koishi-plugin-adapter-onebot/lib/index.js:119:11)\n    at process.processTicksAndRejections (node:internal/process/task_queues:103:5)\n    at async _Internal.<computed> [as sendGroupMsg] (/www/wwwroot/default/koishi/koishi-app/node_modules/koishi-plugin-adapter-onebot/lib/index.js:162:20)\n    at async OneBotMessageEncoder.flush (/www/wwwroot/default/koishi/koishi-app/node_modules/koishi-plugin-adapter-onebot/lib/index.js:771:338)\n    at async OneBotMessageEncoder.send (/www/wwwroot/default/koishi/koishi-app/node_modules/@satorijs/core/lib/index.cjs:755:5)\n    at async Proxy.sendMessage (/www/wwwroot/default/koishi/koishi-app/node_modules/@satorijs/core/lib/index.cjs:487:22)","timestamp":1772195574887}
{"id":101796,"type":"info","level":2,"name":"关键词回复","meta":{"paths":["lp0hx8"]},"content":"随机数为6，触发自动回复","timestamp":1772196312845}
{"id":102154,"type":"info","level":2,"name":"关键词回复","meta":{"paths":["lp0hx8"]},"content":"随机数为3，触发自动回复","timestamp":1772196494500}
{"id":102177,"type":"warn","level":2,"name":"session","meta":{},"content":"Error: Error with request send_group_msg, args: {\"group_id\":1059649545,\"message\":[{\"type\":\"record\",\"data\":{\"file\":\"http://smmcat.cn/run/fa/来.mp3\",\"cache\":0}}]}, retcode: 1200\n    at _Internal._get (/www/wwwroot/default/koishi/koishi-app/node_modules/koishi-plugin-adapter-onebot/lib/index.js:119:11)\n    at process.processTicksAndRejections (node:internal/process/task_queues:103:5)\n    at async _Internal.<computed> [as sendGroupMsg] (/www/wwwroot/default/koishi/koishi-app/node_modules/koishi-plugin-adapter-onebot/lib/index.js:162:20)\n    at async OneBotMessageEncoder.flush (/www/wwwroot/default/koishi/koishi-app/node_modules/koishi-plugin-adapter-onebot/lib/index.js:771:338)\n    at async OneBotMessageEncoder.send (/www/wwwroot/default/koishi/koishi-app/node_modules/@satorijs/core/lib/index.cjs:755:5)\n    at async Proxy.sendMessage (/www/wwwroot/default/koishi/koishi-app/node_modules/@satorijs/core/lib/index.cjs:487:22)","timestamp":1772196498318}
{"id":103653,"type":"info","level":2,"name":"关键词回复","meta":{"paths":["lp0hx8"]},"content":"随机数为9，触发自动回复","timestamp":1772197630097}
{"id":104599,"type":"info","level":2,"name":"关键词回复","meta":{"paths":["lp0hx8"]},"content":"随机数为8，触发自动回复","timestamp":1772198281108}
{"id":104701,"type":"info","level":2,"name":"关键词回复","meta":{"paths":["lp0hx8"]},"content":"随机数为8，触发自动回复","timestamp":1772198317674}
{"id":104871,"type":"info","level":2,"name":"关键词回复","meta":{"paths":["lp0hx8"]},"content":"随机数为10，触发自动回复","timestamp":1772198384534}
{"id":105598,"type":"info","level":2,"name":"关键词回复","meta":{"paths":["lp0hx8"]},"content":"随机数为2，触发自动回复","timestamp":1772199029933}
{"id":106318,"type":"info","level":2,"name":"关键词回复","meta":{"paths":["lp0hx8"]},"content":"随机数为4，触发自动回复","timestamp":1772199470032}
{"id":106454,"type":"warn","level":2,"name":"session","meta":{},"content":"Error: Error with request send_group_msg, args: {\"group_id\":682255155,\"message\":[{\"type\":\"record\",\"data\":{\"file\":\"http://smmcat.cn/run/fa/哇！.mp3\",\"cache\":0}}]}, retcode: 1200\n    at _Internal._get (/www/wwwroot/default/koishi/koishi-app/node_modules/koishi-plugin-adapter-onebot/lib/index.js:119:11)\n    at process.processTicksAndRejections (node:internal/process/task_queues:103:5)\n    at async _Internal.<computed> [as sendGroupMsg] (/www/wwwroot/default/koishi/koishi-app/node_modules/koishi-plugin-adapter-onebot/lib/index.js:162:20)\n    at async OneBotMessageEncoder.flush (/www/wwwroot/default/koishi/koishi-app/node_modules/koishi-plugin-adapter-onebot/lib/index.js:771:338)\n    at async OneBotMessageEncoder.send (/www/wwwroot/default/koishi/koishi-app/node_modules/@satorijs/core/lib/index.cjs:755:5)\n    at async Proxy.sendMessage (/www/wwwroot/default/koishi/koishi-app/node_modules/@satorijs/core/lib/index.cjs:487:22)","timestamp":1772199519695}
{"id":106495,"type":"info","level":2,"name":"关键词回复","meta":{"paths":["lp0hx8"]},"content":"随机数为9，触发自动回复","timestamp":1772199525210}
{"id":106729,"type":"info","level":2,"name":"关键词回复","meta":{"paths":["lp0hx8"]},"content":"随机数为4，触发自动回复","timestamp":1772199595255}
{"id":107802,"type":"info","level":2,"name":"关键词回复","meta":{"paths":["lp0hx8"]},"content":"随机数为1，触发自动回复","timestamp":1772200721236}
{"id":108079,"type":"info","level":2,"name":"关键词回复","meta":{"paths":["lp0hx8"]},"content":"随机数为10，触发自动回复","timestamp":1772200888965}
{"id":108454,"type":"info","level":2,"name":"关键词回复","meta":{"paths":["lp0hx8"]},"content":"随机数为3，触发自动回复","timestamp":1772201178620}
{"id":108824,"type":"info","level":2,"name":"关键词回复","meta":{"paths":["lp0hx8"]},"content":"随机数为8，触发自动回复","timestamp":1772201489895}
{"id":108833,"type":"info","level":2,"name":"关键词回复","meta":{"paths":["lp0hx8"]},"content":"随机数为6，触发自动回复","timestamp":1772201492573}
{"id":109107,"type":"warn","level":2,"name":"session","meta":{},"content":"Error: Error with request send_group_msg, args: {\"group_id\":682255155,\"message\":[{\"type\":\"record\",\"data\":{\"file\":\"http://smmcat.cn/run/fa/来！.mp3\",\"cache\":0}}]}, retcode: 1200\n    at _Internal._get (/www/wwwroot/default/koishi/koishi-app/node_modules/koishi-plugin-adapter-onebot/lib/index.js:119:11)\n    at process.processTicksAndRejections (node:internal/process/task_queues:103:5)\n    at async _Internal.<computed> [as sendGroupMsg] (/www/wwwroot/default/koishi/koishi-app/node_modules/koishi-plugin-adapter-onebot/lib/index.js:162:20)\n    at async OneBotMessageEncoder.flush (/www/wwwroot/default/koishi/koishi-app/node_modules/koishi-plugin-adapter-onebot/lib/index.js:771:338)\n    at async OneBotMessageEncoder.send (/www/wwwroot/default/koishi/koishi-app/node_modules/@satorijs/core/lib/index.cjs:755:5)\n    at async Proxy.sendMessage (/www/wwwroot/default/koishi/koishi-app/node_modules/@satorijs/core/lib/index.cjs:487:22)","timestamp":1772201692425}
{"id":109227,"type":"info","level":2,"name":"关键词回复","meta":{"paths":["lp0hx8"]},"content":"随机数为2，触发自动回复","timestamp":1772201744366}
{"id":109323,"type":"info","level":2,"name":"关键词回复","meta":{"paths":["lp0hx8"]},"content":"随机数为9，触发自动回复","timestamp":1772201921631}
{"id":110119,"type":"warn","level":2,"name":"session","meta":{},"content":"Error: Error with request send_group_msg, args: {\"group_id\":682255155,\"message\":[{\"type\":\"record\",\"data\":{\"file\":\"http://smmcat.cn/run/fa/哦，shit I'm sorry.mp3\",\"cache\":0}}]}, retcode: 1200\n    at _Internal._get (/www/wwwroot/default/koishi/koishi-app/node_modules/koishi-plugin-adapter-onebot/lib/index.js:119:11)\n    at process.processTicksAndRejections (node:internal/process/task_queues:103:5)\n    at async _Internal.<computed> [as sendGroupMsg] (/www/wwwroot/default/koishi/koishi-app/node_modules/koishi-plugin-adapter-onebot/lib/index.js:162:20)\n    at async OneBotMessageEncoder.flush (/www/wwwroot/default/koishi/koishi-app/node_modules/koishi-plugin-adapter-onebot/lib/index.js:771:338)\n    at async OneBotMessageEncoder.send (/www/wwwroot/default/koishi/koishi-app/node_modules/@satorijs/core/lib/index.cjs:755:5)\n    at async Proxy.sendMessage (/www/wwwroot/default/koishi/koishi-app/node_modules/@satorijs/core/lib/index.cjs:487:22)","timestamp":1772202447268}
{"id":111049,"type":"info","level":2,"name":"关键词回复","meta":{"paths":["lp0hx8"]},"content":"随机数为1，触发自动回复","timestamp":1772203228950}
{"id":111153,"type":"info","level":2,"name":"关键词回复","meta":{"paths":["lp0hx8"]},"content":"随机数为8，触发自动回复","timestamp":1772203251933}
{"id":111202,"type":"info","level":2,"name":"关键词回复","meta":{"paths":["lp0hx8"]},"content":"随机数为9，触发自动回复","timestamp":1772203260556}
{"id":111312,"type":"info","level":2,"name":"关键词回复","meta":{"paths":["lp0hx8"]},"content":"随机数为7，触发自动回复","timestamp":1772203298123}
{"id":111483,"type":"info","level":2,"name":"关键词回复","meta":{"paths":["lp0hx8"]},"content":"随机数为4，触发自动回复","timestamp":1772203471965}
{"id":111549,"type":"info","level":2,"name":"关键词回复","meta":{"paths":["lp0hx8"]},"content":"随机数为4，触发自动回复","timestamp":1772203504155}
{"id":112151,"type":"info","level":2,"name":"关键词回复","meta":{"paths":["lp0hx8"]},"content":"随机数为6，触发自动回复","timestamp":1772204023207}
{"id":112278,"type":"warn","level":2,"name":"session","meta":{},"content":"Error: Error with request send_group_msg, args: {\"group_id\":789037781,\"message\":[{\"type\":\"record\",\"data\":{\"file\":\"http://smmcat.cn/run/fa/嗯~~.mp3\",\"cache\":0}}]}, retcode: 1200\n    at _Internal._get (/www/wwwroot/default/koishi/koishi-app/node_modules/koishi-plugin-adapter-onebot/lib/index.js:119:11)\n    at process.processTicksAndRejections (node:internal/process/task_queues:103:5)\n    at async _Internal.<computed> [as sendGroupMsg] (/www/wwwroot/default/koishi/koishi-app/node_modules/koishi-plugin-adapter-onebot/lib/index.js:162:20)\n    at async OneBotMessageEncoder.flush (/www/wwwroot/default/koishi/koishi-app/node_modules/koishi-plugin-adapter-onebot/lib/index.js:771:338)\n    at async OneBotMessageEncoder.send (/www/wwwroot/default/koishi/koishi-app/node_modules/@satorijs/core/lib/index.cjs:755:5)\n    at async Proxy.sendMessage (/www/wwwroot/default/koishi/koishi-app/node_modules/@satorijs/core/lib/index.cjs:487:22)","timestamp":1772204080762}
{"id":112335,"type":"info","level":2,"name":"关键词回复","meta":{"paths":["lp0hx8"]},"content":"随机数为5，触发自动回复","timestamp":1772204106443}
{"id":113787,"type":"warn","level":2,"name":"session","meta":{},"content":"Error: Error with request send_group_msg, args: {\"group_id\":682255155,\"message\":[{\"type\":\"record\",\"data\":{\"file\":\"http://smmcat.cn/run/fa/哦！！~~~.mp3\",\"cache\":0}}]}, retcode: 1200\n    at _Internal._get (/www/wwwroot/default/koishi/koishi-app/node_modules/koishi-plugin-adapter-onebot/lib/index.js:119:11)\n    at process.processTicksAndRejections (node:internal/process/task_queues:103:5)\n    at async _Internal.<computed> [as sendGroupMsg] (/www/wwwroot/default/koishi/koishi-app/node_modules/koishi-plugin-adapter-onebot/lib/index.js:162:20)\n    at async OneBotMessageEncoder.flush (/www/wwwroot/default/koishi/koishi-app/node_modules/koishi-plugin-adapter-onebot/lib/index.js:771:338)\n    at async OneBotMessageEncoder.send (/www/wwwroot/default/koishi/koishi-app/node_modules/@satorijs/core/lib/index.cjs:755:5)\n    at async Proxy.sendMessage (/www/wwwroot/default/koishi/koishi-app/node_modules/@satorijs/core/lib/index.cjs:487:22)","timestamp":1772205055873}
{"id":113840,"type":"warn","level":2,"name":"session","meta":{},"content":"Error: Error with request send_group_msg, args: {\"group_id\":682255155,\"message\":[{\"type\":\"record\",\"data\":{\"file\":\"http://smmcat.cn/run/fa/哦，shit I'm sorry.mp3\",\"cache\":0}}]}, retcode: 1200\n    at _Internal._get (/www/wwwroot/default/koishi/koishi-app/node_modules/koishi-plugin-adapter-onebot/lib/index.js:119:11)\n    at process.processTicksAndRejections (node:internal/process/task_queues:103:5)\n    at async _Internal.<computed> [as sendGroupMsg] (/www/wwwroot/default/koishi/koishi-app/node_modules/koishi-plugin-adapter-onebot/lib/index.js:162:20)\n    at async OneBotMessageEncoder.flush (/www/wwwroot/default/koishi/koishi-app/node_modules/koishi-plugin-adapter-onebot/lib/index.js:771:338)\n    at async OneBotMessageEncoder.send (/www/wwwroot/default/koishi/koishi-app/node_modules/@satorijs/core/lib/index.cjs:755:5)\n    at async Proxy.sendMessage (/www/wwwroot/default/koishi/koishi-app/node_modules/@satorijs/core/lib/index.cjs:487:22)","timestamp":1772205077873}
{"id":114224,"type":"info","level":2,"name":"关键词回复","meta":{"paths":["lp0hx8"]},"content":"随机数为4，触发自动回复","timestamp":1772205389275}
{"id":114553,"type":"info","level":2,"name":"关键词回复","meta":{"paths":["lp0hx8"]},"content":"随机数为6，触发自动回复","timestamp":1772205538800}
{"id":116955,"type":"warn","level":2,"name":"session","meta":{},"content":"Error: Error with request send_group_msg, args: {\"group_id\":789037781,\"message\":[{\"type\":\"record\",\"data\":{\"file\":\"http://smmcat.cn/run/fa/额！！！~~~.mp3\",\"cache\":0}}]}, retcode: 1200\n    at _Internal._get (/www/wwwroot/default/koishi/koishi-app/node_modules/koishi-plugin-adapter-onebot/lib/index.js:119:11)\n    at process.processTicksAndRejections (node:internal/process/task_queues:103:5)\n    at async _Internal.<computed> [as sendGroupMsg] (/www/wwwroot/default/koishi/koishi-app/node_modules/koishi-plugin-adapter-onebot/lib/index.js:162:20)\n    at async OneBotMessageEncoder.flush (/www/wwwroot/default/koishi/koishi-app/node_modules/koishi-plugin-adapter-onebot/lib/index.js:771:338)\n    at async OneBotMessageEncoder.send (/www/wwwroot/default/koishi/koishi-app/node_modules/@satorijs/core/lib/index.cjs:755:5)\n    at async Proxy.sendMessage (/www/wwwroot/default/koishi/koishi-app/node_modules/@satorijs/core/lib/index.cjs:487:22)","timestamp":1772207402036}
{"id":117231,"type":"info","level":2,"name":"关键词回复","meta":{"paths":["lp0hx8"]},"content":"随机数为8，触发自动回复","timestamp":1772207647188}
{"id":117679,"type":"success","level":1,"name":"签到","meta":{"paths":["lp0hx8"]},"content":"3663735613完成了一次签到！","timestamp":1772208060174}
{"id":117700,"type":"success","level":1,"name":"签到","meta":{"paths":["lp0hx8"]},"content":"2250804603完成了一次签到！","timestamp":1772208062572}
{"id":119173,"type":"info","level":2,"name":"关键词回复","meta":{"paths":["lp0hx8"]},"content":"随机数为4，触发自动回复","timestamp":1772211437468}
{"id":119301,"type":"info","level":2,"name":"关键词回复","meta":{"paths":["lp0hx8"]},"content":"随机数为10，触发自动回复","timestamp":1772211529517}
{"id":119552,"type":"info","level":2,"name":"关键词回复","meta":{"paths":["lp0hx8"]},"content":"随机数为2，触发自动回复","timestamp":1772211727493}
{"id":120343,"type":"warn","level":2,"name":"session","meta":{},"content":"Error: Error with request send_group_msg, args: {\"group_id\":789037781,\"message\":[{\"type\":\"record\",\"data\":{\"file\":\"http://smmcat.cn/run/fa/HIT啊啊啊~.mp3\",\"cache\":0}}]}, retcode: 1200\n    at _Internal._get (/www/wwwroot/default/koishi/koishi-app/node_modules/koishi-plugin-adapter-onebot/lib/index.js:119:11)\n    at process.processTicksAndRejections (node:internal/process/task_queues:103:5)\n    at async _Internal.<computed> [as sendGroupMsg] (/www/wwwroot/default/koishi/koishi-app/node_modules/koishi-plugin-adapter-onebot/lib/index.js:162:20)\n    at async OneBotMessageEncoder.flush (/www/wwwroot/default/koishi/koishi-app/node_modules/koishi-plugin-adapter-onebot/lib/index.js:771:338)\n    at async OneBotMessageEncoder.send (/www/wwwroot/default/koishi/koishi-app/node_modules/@satorijs/core/lib/index.cjs:755:5)\n    at async Proxy.sendMessage (/www/wwwroot/default/koishi/koishi-app/node_modules/@satorijs/core/lib/index.cjs:487:22)","timestamp":1772212503367}
{"id":121558,"type":"info","level":2,"name":"关键词回复","meta":{"paths":["lp0hx8"]},"content":"随机数为9，触发自动回复","timestamp":1772213447221}
{"id":121679,"type":"warn","level":2,"name":"session","meta":{},"content":"Error: Error with request send_group_msg, args: {\"group_id\":682255155,\"message\":[{\"type\":\"record\",\"data\":{\"file\":\"http://smmcat.cn/run/fa/嗯~~.mp3\",\"cache\":0}}]}, retcode: 1200\n    at _Internal._get (/www/wwwroot/default/koishi/koishi-app/node_modules/koishi-plugin-adapter-onebot/lib/index.js:119:11)\n    at process.processTicksAndRejections (node:internal/process/task_queues:103:5)\n    at async _Internal.<computed> [as sendGroupMsg] (/www/wwwroot/default/koishi/koishi-app/node_modules/koishi-plugin-adapter-onebot/lib/index.js:162:20)\n    at async OneBotMessageEncoder.flush (/www/wwwroot/default/koishi/koishi-app/node_modules/koishi-plugin-adapter-onebot/lib/index.js:771:338)\n    at async OneBotMessageEncoder.send (/www/wwwroot/default/koishi/koishi-app/node_modules/@satorijs/core/lib/index.cjs:755:5)\n    at async Proxy.sendMessage (/www/wwwroot/default/koishi/koishi-app/node_modules/@satorijs/core/lib/index.cjs:487:22)","timestamp":1772213522874}
{"id":122397,"type":"info","level":2,"name":"关键词回复","meta":{"paths":["lp0hx8"]},"content":"随机数为1，触发自动回复","timestamp":1772213938021}
{"id":122703,"type":"warn","level":2,"name":"session","meta":{},"content":"Error: Error with request send_group_msg, args: {\"group_id\":682255155,\"message\":[{\"type\":\"record\",\"data\":{\"file\":\"http://smmcat.cn/run/fa/哇！.mp3\",\"cache\":0}}]}, retcode: 1200\n    at _Internal._get (/www/wwwroot/default/koishi/koishi-app/node_modules/koishi-plugin-adapter-onebot/lib/index.js:119:11)\n    at process.processTicksAndRejections (node:internal/process/task_queues:103:5)\n    at async _Internal.<computed> [as sendGroupMsg] (/www/wwwroot/default/koishi/koishi-app/node_modules/koishi-plugin-adapter-onebot/lib/index.js:162:20)\n    at async OneBotMessageEncoder.flush (/www/wwwroot/default/koishi/koishi-app/node_modules/koishi-plugin-adapter-onebot/lib/index.js:771:338)\n    at async OneBotMessageEncoder.send (/www/wwwroot/default/koishi/koishi-app/node_modules/@satorijs/core/lib/index.cjs:755:5)\n    at async Proxy.sendMessage (/www/wwwroot/default/koishi/koishi-app/node_modules/@satorijs/core/lib/index.cjs:487:22)","timestamp":1772214043550}
{"id":123343,"type":"warn","level":2,"name":"session","meta":{},"content":"Error: Error with request send_group_msg, args: {\"group_id\":682255155,\"message\":[{\"type\":\"record\",\"data\":{\"file\":\"http://smmcat.cn/run/fa/哦！！~~~.mp3\",\"cache\":0}}]}, retcode: 1200\n    at _Internal._get (/www/wwwroot/default/koishi/koishi-app/node_modules/koishi-plugin-adapter-onebot/lib/index.js:119:11)\n    at process.processTicksAndRejections (node:internal/process/task_queues:103:5)\n    at async _Internal.<computed> [as sendGroupMsg] (/www/wwwroot/default/koishi/koishi-app/node_modules/koishi-plugin-adapter-onebot/lib/index.js:162:20)\n    at async OneBotMessageEncoder.flush (/www/wwwroot/default/koishi/koishi-app/node_modules/koishi-plugin-adapter-onebot/lib/index.js:771:338)\n    at async OneBotMessageEncoder.send (/www/wwwroot/default/koishi/koishi-app/node_modules/@satorijs/core/lib/index.cjs:755:5)\n    at async Proxy.sendMessage (/www/wwwroot/default/koishi/koishi-app/node_modules/@satorijs/core/lib/index.cjs:487:22)","timestamp":1772214418600}
{"id":123352,"type":"info","level":2,"name":"关键词回复","meta":{"paths":["lp0hx8"]},"content":"随机数为3，触发自动回复","timestamp":1772214420617}
{"id":124083,"type":"info","level":2,"name":"关键词回复","meta":{"paths":["lp0hx8"]},"content":"随机数为6，触发自动回复","timestamp":1772215129029}
{"id":124639,"type":"info","level":2,"name":"关键词回复","meta":{"paths":["lp0hx8"]},"content":"随机数为5，触发自动回复","timestamp":1772215473963}
{"id":124781,"type":"info","level":2,"name":"关键词回复","meta":{"paths":["lp0hx8"]},"content":"随机数为4，触发自动回复","timestamp":1772215517915}
{"id":125995,"type":"info","level":2,"name":"关键词回复","meta":{"paths":["lp0hx8"]},"content":"随机数为1，触发自动回复","timestamp":1772216084773}
{"id":126172,"type":"info","level":2,"name":"关键词回复","meta":{"paths":["lp0hx8"]},"content":"随机数为10，触发自动回复","timestamp":1772216135328}
{"id":126320,"type":"info","level":2,"name":"关键词回复","meta":{"paths":["lp0hx8"]},"content":"随机数为3，触发自动回复","timestamp":1772216179811}
{"id":126341,"type":"info","level":2,"name":"关键词回复","meta":{"paths":["lp0hx8"]},"content":"随机数为9，触发自动回复","timestamp":1772216187303}
{"id":126673,"type":"info","level":2,"name":"关键词回复","meta":{"paths":["lp0hx8"]},"content":"随机数为10，触发自动回复","timestamp":1772216302055}
{"id":127205,"type":"info","level":2,"name":"关键词回复","meta":{"paths":["lp0hx8"]},"content":"随机数为4，触发自动回复","timestamp":1772216498634}
{"id":127448,"type":"info","level":2,"name":"关键词回复","meta":{"paths":["lp0hx8"]},"content":"随机数为7，触发自动回复","timestamp":1772216606271}
{"id":128750,"type":"info","level":2,"name":"关键词回复","meta":{"paths":["lp0hx8"]},"content":"随机数为8，触发自动回复","timestamp":1772217023604}
{"id":128859,"type":"info","level":2,"name":"关键词回复","meta":{"paths":["lp0hx8"]},"content":"随机数为7，触发自动回复","timestamp":1772217066309}
{"id":129854,"type":"info","level":2,"name":"关键词回复","meta":{"paths":["lp0hx8"]},"content":"随机数为7，触发自动回复","timestamp":1772217443674}
{"id":130279,"type":"info","level":2,"name":"关键词回复","meta":{"paths":["lp0hx8"]},"content":"随机数为5，触发自动回复","timestamp":1772217609011}
{"id":130647,"type":"info","level":2,"name":"关键词回复","meta":{"paths":["lp0hx8"]},"content":"随机数为5，触发自动回复","timestamp":1772217703908}
{"id":131418,"type":"info","level":2,"name":"关键词回复","meta":{"paths":["lp0hx8"]},"content":"随机数为8，触发自动回复","timestamp":1772218027139}
{"id":131695,"type":"info","level":2,"name":"关键词回复","meta":{"paths":["lp0hx8"]},"content":"随机数为7，触发自动回复","timestamp":1772218154212}
{"id":131953,"type":"info","level":2,"name":"关键词回复","meta":{"paths":["lp0hx8"]},"content":"随机数为1，触发自动回复","timestamp":1772218297881}
{"id":131996,"type":"info","level":2,"name":"关键词回复","meta":{"paths":["lp0hx8"]},"content":"随机数为2，触发自动回复","timestamp":1772218317903}
{"id":132080,"type":"info","level":2,"name":"关键词回复","meta":{"paths":["lp0hx8"]},"content":"随机数为5，触发自动回复","timestamp":1772218362548}
{"id":132089,"type":"info","level":2,"name":"关键词回复","meta":{"paths":["lp0hx8"]},"content":"随机数为8，触发自动回复","timestamp":1772218365017}
{"id":132222,"type":"info","level":2,"name":"关键词回复","meta":{"paths":["lp0hx8"]},"content":"随机数为5，触发自动回复","timestamp":1772218405019}
{"id":132428,"type":"info","level":2,"name":"关键词回复","meta":{"paths":["lp0hx8"]},"content":"随机数为3，触发自动回复","timestamp":1772218481279}
{"id":132495,"type":"info","level":2,"name":"关键词回复","meta":{"paths":["lp0hx8"]},"content":"随机数为10，触发自动回复","timestamp":1772218497490}
{"id":133213,"type":"info","level":2,"name":"关键词回复","meta":{"paths":["lp0hx8"]},"content":"随机数为1，触发自动回复","timestamp":1772218739971}
{"id":133618,"type":"info","level":2,"name":"关键词回复","meta":{"paths":["lp0hx8"]},"content":"随机数为1，触发自动回复","timestamp":1772218845838}
{"id":133639,"type":"info","level":2,"name":"关键词回复","meta":{"paths":["lp0hx8"]},"content":"随机数为1，触发自动回复","timestamp":1772218848837}
{"id":133791,"type":"info","level":2,"name":"关键词回复","meta":{"paths":["lp0hx8"]},"content":"随机数为1，触发自动回复","timestamp":1772218889987}
{"id":134253,"type":"info","level":2,"name":"关键词回复","meta":{"paths":["lp0hx8"]},"content":"随机数为1，触发自动回复","timestamp":1772219047256}
{"id":134528,"type":"info","level":2,"name":"关键词回复","meta":{"paths":["lp0hx8"]},"content":"随机数为1，触发自动回复","timestamp":1772219116067}
{"id":134541,"type":"info","level":2,"name":"关键词回复","meta":{"paths":["lp0hx8"]},"content":"随机数为10，触发自动回复","timestamp":1772219118385}
{"id":135307,"type":"info","level":2,"name":"关键词回复","meta":{"paths":["lp0hx8"]},"content":"随机数为10，触发自动回复","timestamp":1772219436936}
{"id":135326,"type":"info","level":2,"name":"关键词回复","meta":{"paths":["lp0hx8"]},"content":"随机数为5，触发自动回复","timestamp":1772219442131}
{"id":135628,"type":"info","level":2,"name":"关键词回复","meta":{"paths":["lp0hx8"]},"content":"随机数为4，触发自动回复","timestamp":1772219516882}
{"id":135937,"type":"info","level":2,"name":"关键词回复","meta":{"paths":["lp0hx8"]},"content":"随机数为5，触发自动回复","timestamp":1772219628992}
{"id":136144,"type":"info","level":2,"name":"关键词回复","meta":{"paths":["lp0hx8"]},"content":"随机数为6，触发自动回复","timestamp":1772219693126}
{"id":136153,"type":"info","level":2,"name":"关键词回复","meta":{"paths":["lp0hx8"]},"content":"随机数为3，触发自动回复","timestamp":1772219696223}
{"id":136458,"type":"info","level":2,"name":"关键词回复","meta":{"paths":["lp0hx8"]},"content":"随机数为1，触发自动回复","timestamp":1772219816461}
{"id":138205,"type":"info","level":2,"name":"关键词回复","meta":{"paths":["lp0hx8"]},"content":"随机数为8，触发自动回复","timestamp":1772220755754}
{"id":138305,"type":"info","level":2,"name":"关键词回复","meta":{"paths":["lp0hx8"]},"content":"随机数为9，触发自动回复","timestamp":1772220811155}
{"id":138473,"type":"info","level":2,"name":"关键词回复","meta":{"paths":["lp0hx8"]},"content":"随机数为2，触发自动回复","timestamp":1772220890905}
{"id":138562,"type":"warn","level":2,"name":"session","meta":{},"content":"Error: Error with request send_group_msg, args: {\"group_id\":682255155,\"message\":[{\"type\":\"record\",\"data\":{\"file\":\"http://smmcat.cn/run/fa/啊啊啊啊（似乎是魔男）.mp3\",\"cache\":0}}]}, retcode: 1200\n    at _Internal._get (/www/wwwroot/default/koishi/koishi-app/node_modules/koishi-plugin-adapter-onebot/lib/index.js:119:11)\n    at process.processTicksAndRejections (node:internal/process/task_queues:103:5)\n    at async _Internal.<computed> [as sendGroupMsg] (/www/wwwroot/default/koishi/koishi-app/node_modules/koishi-plugin-adapter-onebot/lib/index.js:162:20)\n    at async OneBotMessageEncoder.flush (/www/wwwroot/default/koishi/koishi-app/node_modules/koishi-plugin-adapter-onebot/lib/index.js:771:338)\n    at async OneBotMessageEncoder.send (/www/wwwroot/default/koishi/koishi-app/node_modules/@satorijs/core/lib/index.cjs:755:5)\n    at async Proxy.sendMessage (/www/wwwroot/default/koishi/koishi-app/node_modules/@satorijs/core/lib/index.cjs:487:22)","timestamp":1772220932948}
{"id":138775,"type":"info","level":2,"name":"关键词回复","meta":{"paths":["lp0hx8"]},"content":"随机数为5，触发自动回复","timestamp":1772220998802}
{"id":138790,"type":"info","level":2,"name":"关键词回复","meta":{"paths":["lp0hx8"]},"content":"随机数为7，触发自动回复","timestamp":1772221004151}
{"id":139340,"type":"warn","level":2,"name":"session","meta":{},"content":"Error: Error with request send_group_msg, args: {\"group_id\":682255155,\"message\":[{\"type\":\"record\",\"data\":{\"file\":\"http://smmcat.cn/run/fa/哦，shit I'm sorry.mp3\",\"cache\":0}}]}, retcode: 1200\n    at _Internal._get (/www/wwwroot/default/koishi/koishi-app/node_modules/koishi-plugin-adapter-onebot/lib/index.js:119:11)\n    at process.processTicksAndRejections (node:internal/process/task_queues:103:5)\n    at async _Internal.<computed> [as sendGroupMsg] (/www/wwwroot/default/koishi/koishi-app/node_modules/koishi-plugin-adapter-onebot/lib/index.js:162:20)\n    at async OneBotMessageEncoder.flush (/www/wwwroot/default/koishi/koishi-app/node_modules/koishi-plugin-adapter-onebot/lib/index.js:771:338)\n    at async OneBotMessageEncoder.send (/www/wwwroot/default/koishi/koishi-app/node_modules/@satorijs/core/lib/index.cjs:755:5)\n    at async Proxy.sendMessage (/www/wwwroot/default/koishi/koishi-app/node_modules/@satorijs/core/lib/index.cjs:487:22)","timestamp":1772221197091}
{"id":139721,"type":"info","level":2,"name":"关键词回复","meta":{"paths":["lp0hx8"]},"content":"随机数为8，触发自动回复","timestamp":1772221419489}
{"id":139796,"type":"info","level":2,"name":"关键词回复","meta":{"paths":["lp0hx8"]},"content":"随机数为6，触发自动回复","timestamp":1772221443746}
{"id":139869,"type":"info","level":2,"name":"关键词回复","meta":{"paths":["lp0hx8"]},"content":"随机数为6，触发自动回复","timestamp":1772221473643}
{"id":140054,"type":"info","level":2,"name":"关键词回复","meta":{"paths":["lp0hx8"]},"content":"随机数为6，触发自动回复","timestamp":1772221559568}
{"id":140085,"type":"info","level":2,"name":"关键词回复","meta":{"paths":["lp0hx8"]},"content":"随机数为6，触发自动回复","timestamp":1772221576843}
{"id":140714,"type":"warn","level":2,"name":"session","meta":{},"content":"Error: Error with request send_group_msg, args: {\"group_id\":682255155,\"message\":[{\"type\":\"record\",\"data\":{\"file\":\"http://smmcat.cn/run/fa/哦！！~~~.mp3\",\"cache\":0}}]}, retcode: 1200\n    at _Internal._get (/www/wwwroot/default/koishi/koishi-app/node_modules/koishi-plugin-adapter-onebot/lib/index.js:119:11)\n    at process.processTicksAndRejections (node:internal/process/task_queues:103:5)\n    at async _Internal.<computed> [as sendGroupMsg] (/www/wwwroot/default/koishi/koishi-app/node_modules/koishi-plugin-adapter-onebot/lib/index.js:162:20)\n    at async OneBotMessageEncoder.flush (/www/wwwroot/default/koishi/koishi-app/node_modules/koishi-plugin-adapter-onebot/lib/index.js:771:338)\n    at async OneBotMessageEncoder.send (/www/wwwroot/default/koishi/koishi-app/node_modules/@satorijs/core/lib/index.cjs:755:5)\n    at async Proxy.sendMessage (/www/wwwroot/default/koishi/koishi-app/node_modules/@satorijs/core/lib/index.cjs:487:22)","timestamp":1772221873822}
{"id":140928,"type":"info","level":2,"name":"关键词回复","meta":{"paths":["lp0hx8"]},"content":"随机数为5，触发自动回复","timestamp":1772221964325}
{"id":141043,"type":"info","level":2,"name":"关键词回复","meta":{"paths":["lp0hx8"]},"content":"随机数为7，触发自动回复","timestamp":1772222049143}
{"id":141339,"type":"info","level":2,"name":"关键词回复","meta":{"paths":["lp0hx8"]},"content":"随机数为5，触发自动回复","timestamp":1772222182304}
{"id":141397,"type":"info","level":2,"name":"关键词回复","meta":{"paths":["lp0hx8"]},"content":"随机数为8，触发自动回复","timestamp":1772222217096}
{"id":141494,"type":"info","level":2,"name":"关键词回复","meta":{"paths":["lp0hx8"]},"content":"随机数为7，触发自动回复","timestamp":1772222264003}
{"id":141606,"type":"info","level":2,"name":"关键词回复","meta":{"paths":["lp0hx8"]},"content":"随机数为7，触发自动回复","timestamp":1772222308835}
{"id":141701,"type":"info","level":2,"name":"关键词回复","meta":{"paths":["lp0hx8"]},"content":"随机数为9，触发自动回复","timestamp":1772222361513}
{"id":141793,"type":"info","level":2,"name":"关键词回复","meta":{"paths":["lp0hx8"]},"content":"随机数为8，触发自动回复","timestamp":1772222392461}
{"id":141873,"type":"info","level":2,"name":"关键词回复","meta":{"paths":["lp0hx8"]},"content":"随机数为8，触发自动回复","timestamp":1772222446701}
{"id":141914,"type":"info","level":2,"name":"关键词回复","meta":{"paths":["lp0hx8"]},"content":"随机数为5，触发自动回复","timestamp":1772222452228}
{"id":141976,"type":"info","level":2,"name":"关键词回复","meta":{"paths":["lp0hx8"]},"content":"随机数为6，触发自动回复","timestamp":1772222475179}
{"id":141991,"type":"info","level":2,"name":"关键词回复","meta":{"paths":["lp0hx8"]},"content":"随机数为5，触发自动回复","timestamp":1772222478841}
{"id":142146,"type":"info","level":2,"name":"关键词回复","meta":{"paths":["lp0hx8"]},"content":"随机数为7，触发自动回复","timestamp":1772222559959}
{"id":142275,"type":"warn","level":2,"name":"session","meta":{},"content":"Error: Error with request send_group_msg, args: {\"group_id\":682255155,\"message\":[{\"type\":\"record\",\"data\":{\"file\":\"http://smmcat.cn/run/fa/哦，shit I'm sorry.mp3\",\"cache\":0}}]}, retcode: 1200\n    at _Internal._get (/www/wwwroot/default/koishi/koishi-app/node_modules/koishi-plugin-adapter-onebot/lib/index.js:119:11)\n    at process.processTicksAndRejections (node:internal/process/task_queues:103:5)\n    at async _Internal.<computed> [as sendGroupMsg] (/www/wwwroot/default/koishi/koishi-app/node_modules/koishi-plugin-adapter-onebot/lib/index.js:162:20)\n    at async OneBotMessageEncoder.flush (/www/wwwroot/default/koishi/koishi-app/node_modules/koishi-plugin-adapter-onebot/lib/index.js:771:338)\n    at async OneBotMessageEncoder.send (/www/wwwroot/default/koishi/koishi-app/node_modules/@satorijs/core/lib/index.cjs:755:5)\n    at async Proxy.sendMessage (/www/wwwroot/default/koishi/koishi-app/node_modules/@satorijs/core/lib/index.cjs:487:22)","timestamp":1772222612360}
{"id":142319,"type":"warn","level":2,"name":"session","meta":{},"content":"Error: Error with request send_group_msg, args: {\"group_id\":682255155,\"message\":[{\"type\":\"record\",\"data\":{\"file\":\"http://smmcat.cn/run/fa/啊♂！.mp3\",\"cache\":0}}]}, retcode: 1200\n    at _Internal._get (/www/wwwroot/default/koishi/koishi-app/node_modules/koishi-plugin-adapter-onebot/lib/index.js:119:11)\n    at process.processTicksAndRejections (node:internal/process/task_queues:103:5)\n    at async _Internal.<computed> [as sendGroupMsg] (/www/wwwroot/default/koishi/koishi-app/node_modules/koishi-plugin-adapter-onebot/lib/index.js:162:20)\n    at async OneBotMessageEncoder.flush (/www/wwwroot/default/koishi/koishi-app/node_modules/koishi-plugin-adapter-onebot/lib/index.js:771:338)\n    at async OneBotMessageEncoder.send (/www/wwwroot/default/koishi/koishi-app/node_modules/@satorijs/core/lib/index.cjs:755:5)\n    at async Proxy.sendMessage (/www/wwwroot/default/koishi/koishi-app/node_modules/@satorijs/core/lib/index.cjs:487:22)","timestamp":1772222621568}
{"id":142340,"type":"info","level":2,"name":"关键词回复","meta":{"paths":["lp0hx8"]},"content":"随机数为7，触发自动回复","timestamp":1772222630713}
{"id":142361,"type":"info","level":2,"name":"关键词回复","meta":{"paths":["lp0hx8"]},"content":"随机数为3，触发自动回复","timestamp":1772222642731}
{"id":142990,"type":"info","level":2,"name":"关键词回复","meta":{"paths":["lp0hx8"]},"content":"随机数为10，触发自动回复","timestamp":1772222945873}
{"id":143118,"type":"info","level":2,"name":"关键词回复","meta":{"paths":["lp0hx8"]},"content":"随机数为10，触发自动回复","timestamp":1772223010455}
{"id":143507,"type":"info","level":2,"name":"关键词回复","meta":{"paths":["lp0hx8"]},"content":"随机数为6，触发自动回复","timestamp":1772223181848}
{"id":144107,"type":"info","level":2,"name":"关键词回复","meta":{"paths":["lp0hx8"]},"content":"随机数为5，触发自动回复","timestamp":1772223475655}
{"id":144150,"type":"info","level":2,"name":"关键词回复","meta":{"paths":["lp0hx8"]},"content":"随机数为8，触发自动回复","timestamp":1772223487716}
{"id":144395,"type":"info","level":2,"name":"关键词回复","meta":{"paths":["lp0hx8"]},"content":"随机数为8，触发自动回复","timestamp":1772223624530}
{"id":145100,"type":"info","level":2,"name":"关键词回复","meta":{"paths":["lp0hx8"]},"content":"随机数为4，触发自动回复","timestamp":1772224102863}
{"id":145393,"type":"info","level":2,"name":"关键词回复","meta":{"paths":["lp0hx8"]},"content":"随机数为7，触发自动回复","timestamp":1772224346430}
{"id":146631,"type":"info","level":2,"name":"关键词回复","meta":{"paths":["lp0hx8"]},"content":"随机数为3，触发自动回复","timestamp":1772225294238}
{"id":146807,"type":"info","level":2,"name":"关键词回复","meta":{"paths":["lp0hx8"]},"content":"随机数为9，触发自动回复","timestamp":1772225428593}
{"id":147173,"type":"info","level":2,"name":"关键词回复","meta":{"paths":["lp0hx8"]},"content":"随机数为1，触发自动回复","timestamp":1772225801627}
{"id":147218,"type":"info","level":2,"name":"关键词回复","meta":{"paths":["lp0hx8"]},"content":"随机数为7，触发自动回复","timestamp":1772225843308}
{"id":147832,"type":"warn","level":2,"name":"session","meta":{},"content":"Error: Error with request send_group_msg, args: {\"group_id\":682255155,\"message\":[{\"type\":\"record\",\"data\":{\"file\":\"http://smmcat.cn/run/fa/HIT啊啊啊~.mp3\",\"cache\":0}}]}, retcode: 1200\n    at _Internal._get (/www/wwwroot/default/koishi/koishi-app/node_modules/koishi-plugin-adapter-onebot/lib/index.js:119:11)\n    at process.processTicksAndRejections (node:internal/process/task_queues:103:5)\n    at async _Internal.<computed> [as sendGroupMsg] (/www/wwwroot/default/koishi/koishi-app/node_modules/koishi-plugin-adapter-onebot/lib/index.js:162:20)\n    at async OneBotMessageEncoder.flush (/www/wwwroot/default/koishi/koishi-app/node_modules/koishi-plugin-adapter-onebot/lib/index.js:771:338)\n    at async OneBotMessageEncoder.send (/www/wwwroot/default/koishi/koishi-app/node_modules/@satorijs/core/lib/index.cjs:755:5)\n    at async Proxy.sendMessage (/www/wwwroot/default/koishi/koishi-app/node_modules/@satorijs/core/lib/index.cjs:487:22)","timestamp":1772226441591}
{"id":147876,"type":"info","level":2,"name":"关键词回复","meta":{"paths":["lp0hx8"]},"content":"随机数为3，触发自动回复","timestamp":1772226468181}
{"id":148439,"type":"warn","level":2,"name":"session","meta":{},"content":"Error: Error with request send_group_msg, args: {\"group_id\":682255155,\"message\":[{\"type\":\"record\",\"data\":{\"file\":\"http://smmcat.cn/run/fa/哦！！~~~.mp3\",\"cache\":0}}]}, retcode: 1200\n    at _Internal._get (/www/wwwroot/default/koishi/koishi-app/node_modules/koishi-plugin-adapter-onebot/lib/index.js:119:11)\n    at process.processTicksAndRejections (node:internal/process/task_queues:103:5)\n    at async _Internal.<computed> [as sendGroupMsg] (/www/wwwroot/default/koishi/koishi-app/node_modules/koishi-plugin-adapter-onebot/lib/index.js:162:20)\n    at async OneBotMessageEncoder.flush (/www/wwwroot/default/koishi/koishi-app/node_modules/koishi-plugin-adapter-onebot/lib/index.js:771:338)\n    at async OneBotMessageEncoder.send (/www/wwwroot/default/koishi/koishi-app/node_modules/@satorijs/core/lib/index.cjs:755:5)\n    at async Proxy.sendMessage (/www/wwwroot/default/koishi/koishi-app/node_modules/@satorijs/core/lib/index.cjs:487:22)","timestamp":1772234673954}
