{"id":196997,"type":"info","level":2,"name":"绑定id","meta":{"paths":["lp0hx8"]},"content":"用户2190028991绑定了cnid：7487448824890415898","timestamp":1774608266602}
{"id":197838,"type":"info","level":2,"name":"关键词回复","meta":{"paths":["lp0hx8"]},"content":"已随机发送闸喃消息","timestamp":1774609046630}
{"id":197950,"type":"info","level":2,"name":"关键词回复","meta":{"paths":["lp0hx8"]},"content":"已随机发送闸喃消息","timestamp":1774609103146}
{"id":198831,"type":"info","level":2,"name":"关键词回复","meta":{"paths":["lp0hx8"]},"content":"已随机发送闸喃消息","timestamp":1774610329634}
{"id":199511,"type":"info","level":2,"name":"关键词回复","meta":{"paths":["lp0hx8"]},"content":"已随机发送哈基月消息","timestamp":1774611196723}
{"id":202946,"type":"success","level":1,"name":"签到","meta":{"paths":["lp0hx8"]},"content":"771353605完成了一次签到！","timestamp":1774615383822}
{"id":203751,"type":"info","level":2,"name":"关键词回复","meta":{"paths":["lp0hx8"]},"content":"已随机发送闸喃消息","timestamp":1774616343683}
{"id":204051,"type":"info","level":2,"name":"关键词回复","meta":{"paths":["lp0hx8"]},"content":"已随机发送闸喃消息","timestamp":1774616848213}
{"id":205383,"type":"info","level":2,"name":"关键词回复","meta":{"paths":["lp0hx8"]},"content":"已随机发送哈基月消息","timestamp":1774618020060}
{"id":209420,"type":"info","level":2,"name":"关键词回复","meta":{"paths":["lp0hx8"]},"content":"已随机发送闸喃消息","timestamp":1774621162564}
{"id":209690,"type":"info","level":2,"name":"关键词回复","meta":{"paths":["lp0hx8"]},"content":"已随机发送闸喃消息","timestamp":1774621466563}
{"id":209766,"type":"info","level":2,"name":"关键词回复","meta":{"paths":["lp0hx8"]},"content":"已随机发送闸喃消息","timestamp":1774621570061}
{"id":212861,"type":"info","level":2,"name":"关键词回复","meta":{"paths":["lp0hx8"]},"content":"已随机发送闸喃消息","timestamp":1774623685878}
{"id":212983,"type":"info","level":2,"name":"关键词回复","meta":{"paths":["lp0hx8"]},"content":"已随机发送闸喃消息","timestamp":1774623776153}
{"id":213011,"type":"info","level":2,"name":"关键词回复","meta":{"paths":["lp0hx8"]},"content":"已随机发送闸喃消息","timestamp":1774623802355}
{"id":215118,"type":"info","level":2,"name":"关键词回复","meta":{"paths":["lp0hx8"]},"content":"已随机发送哈基月消息","timestamp":1774625591514}
{"id":217180,"type":"success","level":1,"name":"签到","meta":{"paths":["lp0hx8"]},"content":"2250804603完成了一次签到！","timestamp":1774627413426}
{"id":217408,"type":"warn","level":2,"name":"command","meta":{},"content":"cn绑定 \nTypeError: Cannot read properties of undefined (reading 'indexOf')\n    at _Command.eval (eval at <anonymous> (/www/wwwroot/default/koishi/koishi-app/node_modules/koishi-plugin-blockly-null/lib/index.js:319:32), <anonymous>:18:16)\n    at Array.<anonymous> (/www/wwwroot/default/koishi/koishi-app/node_modules/@koishijs/core/lib/index.cjs:1079:27)\n    at argv.next (/www/wwwroot/default/koishi/koishi-app/node_modules/@koishijs/core/lib/index.cjs:1090:30)\n    at _Command.execute (/www/wwwroot/default/koishi/koishi-app/node_modules/@koishijs/core/lib/index.cjs:1093:33)\n    at process.processTicksAndRejections (node:internal/process/task_queues:103:5)\n    at async /www/wwwroot/default/koishi/koishi-app/node_modules/@koishijs/core/lib/index.cjs:2049:22\n    at async Proxy.withScope (/www/wwwroot/default/koishi/koishi-app/node_modules/@koishijs/core/lib/index.cjs:1958:22)\n    at async next (/www/wwwroot/default/koishi/koishi-app/node_modules/@koishijs/core/lib/index.cjs:827:16)\n    at async next (/www/wwwroot/default/koishi/koishi-app/node_modules/@koishijs/core/lib/index.cjs:827:16)\n    at async next (/www/wwwroot/default/koishi/koishi-app/node_modules/@koishijs/core/lib/index.cjs:827:16)","timestamp":1774627958824}
{"id":217469,"type":"info","level":2,"name":"绑定id","meta":{"paths":["lp0hx8"]},"content":"用户1193966674绑定了cnid：7486471582227929891","timestamp":1774628025044}
{"id":218978,"type":"success","level":1,"name":"签到","meta":{"paths":["lp0hx8"]},"content":"3663735613完成了一次签到！","timestamp":1774630114927}
{"id":219564,"type":"info","level":2,"name":"关键词回复","meta":{"paths":["lp0hx8"]},"content":"已随机发送哈基月消息","timestamp":1774630654662}
{"id":220097,"type":"info","level":2,"name":"关键词回复","meta":{"paths":["lp0hx8"]},"content":"已随机发送哈基月消息","timestamp":1774631281631}
{"id":220302,"type":"success","level":1,"name":"签到","meta":{"paths":["lp0hx8"]},"content":"3479543026完成了一次签到！","timestamp":1774631418274}
{"id":220622,"type":"info","level":2,"name":"关键词回复","meta":{"paths":["lp0hx8"]},"content":"已随机发送哈基月消息","timestamp":1774631886503}
{"id":221068,"type":"success","level":1,"name":"签到","meta":{"paths":["lp0hx8"]},"content":"1559901047完成了一次签到！","timestamp":1774632451249}
{"id":221096,"type":"info","level":2,"name":"抽卡与卡组","meta":{"paths":["lp0hx8"]},"content":"1559901047抽到了一张☆二星★卡，剩余7981P点","timestamp":1774632459180}
{"id":221113,"type":"info","level":2,"name":"抽卡与卡组","meta":{"paths":["lp0hx8"]},"content":"1559901047抽到了一张☆二星★卡，剩余7581P点","timestamp":1774632468806}
{"id":221136,"type":"info","level":2,"name":"抽卡与卡组","meta":{"paths":["lp0hx8"]},"content":"1559901047抽到了一张☆二星★卡，剩余7181P点","timestamp":1774632474631}
{"id":221205,"type":"success","level":1,"name":"抽卡与卡组","meta":{"paths":["lp0hx8"]},"content":"1559901047献祭了：5张二星  1张三星  获得1960P点，当前P点数为9141","timestamp":1774632542130}
{"id":221262,"type":"success","level":1,"name":"抽卡与卡组","meta":{"paths":["lp0hx8"]},"content":"1559901047献祭了：4张二星  2张三星  获得2240P点，当前P点数为8981","timestamp":1774632562186}
{"id":221318,"type":"success","level":1,"name":"抽卡与卡组","meta":{"paths":["lp0hx8"]},"content":"1559901047献祭了：3张二星  3张三星  获得2520P点，当前P点数为9101","timestamp":1774632575424}
{"id":221377,"type":"success","level":1,"name":"抽卡与卡组","meta":{"paths":["lp0hx8"]},"content":"1559901047献祭了：4张二星  2张三星  获得2240P点，当前P点数为8941","timestamp":1774632587449}
{"id":221451,"type":"success","level":1,"name":"抽卡与卡组","meta":{"paths":["lp0hx8"]},"content":"1559901047献祭了：4张二星  2张三星  获得2240P点，当前P点数为8781","timestamp":1774632611600}
{"id":221512,"type":"success","level":1,"name":"抽卡与卡组","meta":{"paths":["lp0hx8"]},"content":"1559901047献祭了：3张二星  3张三星  获得2520P点，当前P点数为8901","timestamp":1774632629478}
{"id":221559,"type":"success","level":1,"name":"抽卡与卡组","meta":{"paths":["lp0hx8"]},"content":"1559901047献祭了：2张二星  4张三星  获得2800P点，当前P点数为9301","timestamp":1774632643594}
{"id":221612,"type":"success","level":1,"name":"抽卡与卡组","meta":{"paths":["lp0hx8"]},"content":"1559901047献祭了：4张二星  2张三星  获得2240P点，当前P点数为9141","timestamp":1774632660505}
{"id":221676,"type":"success","level":1,"name":"抽卡与卡组","meta":{"paths":["lp0hx8"]},"content":"1559901047献祭了：5张二星  1张三星  获得1960P点，当前P点数为8701","timestamp":1774632674111}
{"id":221722,"type":"success","level":1,"name":"抽卡与卡组","meta":{"paths":["lp0hx8"]},"content":"1559901047献祭了：4张二星  2张三星  获得2240P点，当前P点数为8541","timestamp":1774632685878}
{"id":221790,"type":"success","level":1,"name":"抽卡与卡组","meta":{"paths":["lp0hx8"]},"content":"1559901047献祭了：5张二星  1张三星  获得1960P点，当前P点数为8101","timestamp":1774632700180}
{"id":223538,"type":"success","level":1,"name":"签到","meta":{"paths":["lp0hx8"]},"content":"3414834251完成了一次签到！","timestamp":1774634224441}
{"id":224147,"type":"success","level":1,"name":"抽卡与卡组","meta":{"paths":["lp0hx8"]},"content":"3414834251献祭了：4张二星  1张三星  获得1680P点，当前P点数为16497","timestamp":1774634545030}
{"id":224301,"type":"success","level":1,"name":"抽卡与卡组","meta":{"paths":["lp0hx8"]},"content":"3414834251献祭了：3张二星  3张三星  获得2520P点，当前P点数为17017","timestamp":1774634595251}
{"id":224453,"type":"success","level":1,"name":"抽卡与卡组","meta":{"paths":["lp0hx8"]},"content":"3414834251献祭了：3张二星  1张三星  获得1400P点，当前P点数为16017","timestamp":1774634643392}
{"id":224801,"type":"warn","level":2,"name":"command","meta":{},"content":"查看p点 卡组\nTypeError: Cannot read properties of undefined (reading 'attrs')\n    at _Command.eval (eval at <anonymous> (/www/wwwroot/default/koishi/koishi-app/node_modules/koishi-plugin-blockly-null/lib/index.js:319:32), <anonymous>:498:79)\n    at Array.<anonymous> (/www/wwwroot/default/koishi/koishi-app/node_modules/@koishijs/core/lib/index.cjs:1079:27)\n    at argv.next (/www/wwwroot/default/koishi/koishi-app/node_modules/@koishijs/core/lib/index.cjs:1090:30)\n    at _Command.execute (/www/wwwroot/default/koishi/koishi-app/node_modules/@koishijs/core/lib/index.cjs:1093:33)\n    at process.processTicksAndRejections (node:internal/process/task_queues:103:5)\n    at async /www/wwwroot/default/koishi/koishi-app/node_modules/@koishijs/core/lib/index.cjs:2049:22\n    at async Proxy.withScope (/www/wwwroot/default/koishi/koishi-app/node_modules/@koishijs/core/lib/index.cjs:1958:22)\n    at async next (/www/wwwroot/default/koishi/koishi-app/node_modules/@koishijs/core/lib/index.cjs:827:16)\n    at async next (/www/wwwroot/default/koishi/koishi-app/node_modules/@koishijs/core/lib/index.cjs:827:16)\n    at async next (/www/wwwroot/default/koishi/koishi-app/node_modules/@koishijs/core/lib/index.cjs:827:16)","timestamp":1774634768305}
{"id":224810,"type":"warn","level":2,"name":"command","meta":{},"content":"查看p点 卡组 1\nTypeError: Cannot read properties of undefined (reading 'attrs')\n    at _Command.eval (eval at <anonymous> (/www/wwwroot/default/koishi/koishi-app/node_modules/koishi-plugin-blockly-null/lib/index.js:319:32), <anonymous>:498:79)\n    at Array.<anonymous> (/www/wwwroot/default/koishi/koishi-app/node_modules/@koishijs/core/lib/index.cjs:1079:27)\n    at argv.next (/www/wwwroot/default/koishi/koishi-app/node_modules/@koishijs/core/lib/index.cjs:1090:30)\n    at _Command.execute (/www/wwwroot/default/koishi/koishi-app/node_modules/@koishijs/core/lib/index.cjs:1093:33)\n    at process.processTicksAndRejections (node:internal/process/task_queues:103:5)\n    at async /www/wwwroot/default/koishi/koishi-app/node_modules/@koishijs/core/lib/index.cjs:2049:22\n    at async Proxy.withScope (/www/wwwroot/default/koishi/koishi-app/node_modules/@koishijs/core/lib/index.cjs:1958:22)\n    at async next (/www/wwwroot/default/koishi/koishi-app/node_modules/@koishijs/core/lib/index.cjs:827:16)\n    at async next (/www/wwwroot/default/koishi/koishi-app/node_modules/@koishijs/core/lib/index.cjs:827:16)\n    at async next (/www/wwwroot/default/koishi/koishi-app/node_modules/@koishijs/core/lib/index.cjs:827:16)","timestamp":1774634774831}
{"id":225634,"type":"info","level":2,"name":"绑定id","meta":{"paths":["lp0hx8"]},"content":"用户1831541169绑定了cnid：7518345750376520488","timestamp":1774635298896}
{"id":226370,"type":"info","level":2,"name":"绑定id","meta":{"paths":["lp0hx8"]},"content":"用户1249742734绑定了cnid：7486140536001190675","timestamp":1774636473194}
{"id":226418,"type":"info","level":2,"name":"绑定id","meta":{"paths":["lp0hx8"]},"content":"用户1474372814绑定了cnid：7610318899883678500","timestamp":1774636568025}
{"id":226589,"type":"info","level":2,"name":"关键词回复","meta":{"paths":["lp0hx8"]},"content":"已随机发送哈基月消息","timestamp":1774636720211}
{"id":226776,"type":"info","level":2,"name":"绑定id","meta":{"paths":["lp0hx8"]},"content":"用户1193966674绑定了cnid：7486471582227929891","timestamp":1774636920670}
{"id":227868,"type":"info","level":2,"name":"关键词回复","meta":{"paths":["lp0hx8"]},"content":"已随机发送哈基月消息","timestamp":1774640107745}
{"id":227973,"type":"info","level":2,"name":"关键词回复","meta":{"paths":["lp0hx8"]},"content":"已随机发送哈基月消息","timestamp":1774641442220}
