{"id":606127,"type":"info","level":2,"name":"关键词回复","meta":{"paths":["lp0hx8"]},"content":"随机数为8，触发自动回复","timestamp":1773712013096}
{"id":606731,"type":"info","level":2,"name":"关键词回复","meta":{"paths":["lp0hx8"]},"content":"随机数为10，触发自动回复","timestamp":1773713348419}
{"id":607551,"type":"info","level":2,"name":"关键词回复","meta":{"paths":["lp0hx8"]},"content":"随机数为5，触发自动回复","timestamp":1773714237433}
{"id":607719,"type":"info","level":2,"name":"关键词回复","meta":{"paths":["lp0hx8"]},"content":"随机数为3，触发自动回复","timestamp":1773714503026}
{"id":607809,"type":"info","level":2,"name":"关键词回复","meta":{"paths":["lp0hx8"]},"content":"随机数为1，触发自动回复","timestamp":1773714743148}
{"id":607865,"type":"info","level":2,"name":"关键词回复","meta":{"paths":["lp0hx8"]},"content":"随机数为10，触发自动回复","timestamp":1773714789323}
{"id":608285,"type":"warn","level":2,"name":"re-driftbottle","meta":{},"content":"42号漂流瓶发送失败（已重试0/5次，将在500ms后重新抽一个瓶子重试）：Error: Error with request send_group_forward_msg, args: {\"group_id\":682255155,\"messages\":[{\"type\":\"node\",\"data\":{\"uin\":\"3678233304\",\"content\":[{\"type\":\"text\",\"data\":{\"text\":\"你捞到了42号漂流瓶，来自“キラキラ✨魔法zc目录（肉鸽糕首)”！\\n标题：\\n日期：2026年1月28日\"}}],\"time\":\"1773715226\"}},{\"type\":\"node\",\"data\":{\"name\":\"キラキラ✨魔法zc目录（肉鸽糕首)\",\"uin\":\"2992606656\",\"content\":[{\"type\":\"at\",\"data\":{\"qq\":\"3186254539\",\"name\":\"ket\"}},{\"type\":\"text\",\"data\":{\"text\":\" 即把\"}}],\"time\":\"1773715226\"}}]}, retcode: 1200","timestamp":1773715226524}
{"id":608366,"type":"info","level":2,"name":"关键词回复","meta":{"paths":["lp0hx8"]},"content":"随机数为9，触发自动回复","timestamp":1773715308948}
{"id":608436,"type":"info","level":2,"name":"关键词回复","meta":{"paths":["lp0hx8"]},"content":"随机数为4，触发自动回复","timestamp":1773715390252}
{"id":608483,"type":"info","level":2,"name":"关键词回复","meta":{"paths":["lp0hx8"]},"content":"随机数为9，触发自动回复","timestamp":1773715470375}
{"id":608811,"type":"info","level":2,"name":"关键词回复","meta":{"paths":["lp0hx8"]},"content":"随机数为5，触发自动回复","timestamp":1773716101337}
{"id":609624,"type":"info","level":2,"name":"绑定id","meta":{"paths":["lp0hx8"]},"content":"用户3242043924绑定了cnid：7486336269799185215","timestamp":1773718355482}
{"id":610673,"type":"info","level":2,"name":"关键词回复","meta":{"paths":["lp0hx8"]},"content":"随机数为9，触发自动回复","timestamp":1773719640974}
{"id":610686,"type":"info","level":2,"name":"关键词回复","meta":{"paths":["lp0hx8"]},"content":"随机数为3，触发自动回复","timestamp":1773719643463}
{"id":612527,"type":"info","level":2,"name":"绑定id","meta":{"paths":["lp0hx8"]},"content":"用户3242043924绑定了cnid：7486336269799185215","timestamp":1773724109128}
{"id":614743,"type":"info","level":2,"name":"关键词回复","meta":{"paths":["lp0hx8"]},"content":"随机数为5，触发自动回复","timestamp":1773731452025}
{"id":615662,"type":"info","level":2,"name":"关键词回复","meta":{"paths":["lp0hx8"]},"content":"随机数为2，触发自动回复","timestamp":1773732296284}
{"id":615964,"type":"info","level":2,"name":"关键词回复","meta":{"paths":["lp0hx8"]},"content":"随机数为2，触发自动回复","timestamp":1773732676837}
{"id":617060,"type":"info","level":2,"name":"关键词回复","meta":{"paths":["lp0hx8"]},"content":"随机数为1，触发自动回复","timestamp":1773734309487}
{"id":622002,"type":"info","level":2,"name":"关键词回复","meta":{"paths":["lp0hx8"]},"content":"随机数为8，触发自动回复","timestamp":1773742573415}
{"id":623178,"type":"warn","level":2,"name":"session","meta":{"paths":[]},"content":"娶群友\nTypeError: Cannot read properties of undefined (reading 'attrs')\n    at eval (eval at <anonymous> (/www/wwwroot/default/koishi/koishi-app/node_modules/koishi-plugin-blockly-null/lib/index.js:319:32), <anonymous>:22:77)\n    at Object.apply (/www/wwwroot/default/koishi/koishi-app/node_modules/@cordisjs/core/lib/index.cjs:171:28)\n    at next (/www/wwwroot/default/koishi/koishi-app/node_modules/@koishijs/core/lib/index.cjs:827:38)\n    at /www/wwwroot/default/koishi/koishi-app/node_modules/koishi-plugin-re-driftbottle/lib/index.js:1110:14\n    at Object.apply (/www/wwwroot/default/koishi/koishi-app/node_modules/@cordisjs/core/lib/index.cjs:171:28)\n    at next (/www/wwwroot/default/koishi/koishi-app/node_modules/@koishijs/core/lib/index.cjs:827:38)\n    at /www/wwwroot/default/koishi/koishi-app/node_modules/koishi-plugin-anti-space/lib/index.js:100:16\n    at Object.apply (/www/wwwroot/default/koishi/koishi-app/node_modules/@cordisjs/core/lib/index.cjs:171:28)\n    at next (/www/wwwroot/default/koishi/koishi-app/node_modules/@koishijs/core/lib/index.cjs:827:38)\n    at /www/wwwroot/default/koishi/koishi-app/node_modules/koishi-plugin-anti-space/lib/index.js:75:16","timestamp":1773743916209}
{"id":624134,"type":"info","level":2,"name":"关键词回复","meta":{"paths":["lp0hx8"]},"content":"随机数为6，触发自动回复","timestamp":1773745332042}
{"id":624369,"type":"info","level":2,"name":"关键词回复","meta":{"paths":["lp0hx8"]},"content":"随机数为5，触发自动回复","timestamp":1773745607258}
{"id":625840,"type":"info","level":2,"name":"关键词回复","meta":{"paths":["lp0hx8"]},"content":"随机数为1，触发自动回复","timestamp":1773746803713}
{"id":627464,"type":"info","level":2,"name":"关键词回复","meta":{"paths":["lp0hx8"]},"content":"随机数为1，触发自动回复","timestamp":1773749253531}
{"id":628438,"type":"info","level":2,"name":"关键词回复","meta":{"paths":["lp0hx8"]},"content":"随机数为7，触发自动回复","timestamp":1773750718938}
{"id":631013,"type":"info","level":2,"name":"关键词回复","meta":{"paths":["lp0hx8"]},"content":"随机数为9，触发自动回复","timestamp":1773753779532}
{"id":633639,"type":"info","level":2,"name":"关键词回复","meta":{"paths":["lp0hx8"]},"content":"随机数为2，触发自动回复","timestamp":1773758333711}
{"id":633975,"type":"info","level":2,"name":"关键词回复","meta":{"paths":["lp0hx8"]},"content":"随机数为6，触发自动回复","timestamp":1773758811868}
{"id":634313,"type":"info","level":2,"name":"关键词回复","meta":{"paths":["lp0hx8"]},"content":"随机数为9，触发自动回复","timestamp":1773759526743}
{"id":637790,"type":"success","level":1,"name":"签到","meta":{"paths":["lp0hx8"]},"content":"2250804603完成了一次签到！","timestamp":1773763253283}
{"id":637851,"type":"success","level":1,"name":"签到","meta":{"paths":["lp0hx8"]},"content":"1723814703完成了一次签到！","timestamp":1773763313066}
{"id":644441,"type":"success","level":1,"name":"签到","meta":{"paths":["lp0hx8"]},"content":"3479543026完成了一次签到！","timestamp":1773781822320}
{"id":644633,"type":"success","level":1,"name":"签到","meta":{"paths":["lp0hx8"]},"content":"3663735613完成了一次签到！","timestamp":1773784777269}
{"id":644858,"type":"success","level":1,"name":"签到","meta":{"paths":["lp0hx8"]},"content":"2023843466完成了一次签到！","timestamp":1773787627576}
{"id":644896,"type":"info","level":2,"name":"抽卡与卡组","meta":{"paths":["lp0hx8"]},"content":"771353605抽到了一张☆二星★卡，剩余6562P点","timestamp":1773787912185}
{"id":645202,"type":"info","level":2,"name":"关键词回复","meta":{"paths":["lp0hx8"]},"content":"随机数为2，触发自动回复","timestamp":1773791204558}
{"id":645450,"type":"info","level":2,"name":"关键词回复","meta":{"paths":["lp0hx8"]},"content":"随机数为9，触发自动回复","timestamp":1773791402007}
