{"id":694646,"type":"info","level":2,"name":"绑定id","meta":{"paths":["lp0hx8"]},"content":"用户1525775676绑定了cnid：7500989141807717157","timestamp":1773886814521}
{"id":694973,"type":"info","level":2,"name":"关键词回复","meta":{"paths":["lp0hx8"]},"content":"随机数为3，触发自动回复","timestamp":1773887119882}
{"id":695154,"type":"info","level":2,"name":"绑定id","meta":{"paths":["lp0hx8"]},"content":"用户1754354557绑定了cnid：7510525540596587301","timestamp":1773887270993}
{"id":696393,"type":"info","level":2,"name":"关键词回复","meta":{"paths":["lp0hx8"]},"content":"随机数为2，触发自动回复","timestamp":1773888830066}
{"id":697065,"type":"info","level":2,"name":"绑定id","meta":{"paths":["lp0hx8"]},"content":"用户1469078804绑定了cnid：7486459456876944168","timestamp":1773891274979}
{"id":697625,"type":"info","level":2,"name":"关键词回复","meta":{"paths":["lp0hx8"]},"content":"随机数为6，触发自动回复","timestamp":1773891863328}
{"id":697750,"type":"info","level":2,"name":"关键词回复","meta":{"paths":["lp0hx8"]},"content":"随机数为9，触发自动回复","timestamp":1773892009330}
{"id":697908,"type":"info","level":2,"name":"关键词回复","meta":{"paths":["lp0hx8"]},"content":"随机数为4，触发自动回复","timestamp":1773892187636}
{"id":698908,"type":"error","level":1,"name":"绑定id","meta":{"paths":["lp0hx8"]},"content":"3243553110输入错误id：cn，id过短","timestamp":1773894902095}
{"id":698932,"type":"info","level":2,"name":"绑定id","meta":{"paths":["lp0hx8"]},"content":"用户3243553110绑定了cnid：7486061972094556954","timestamp":1773894923264}
{"id":699220,"type":"info","level":2,"name":"绑定id","meta":{"paths":["lp0hx8"]},"content":"用户3243553110绑定了cnid：7485973592262613795","timestamp":1773895419786}
{"id":699395,"type":"info","level":2,"name":"关键词回复","meta":{"paths":["lp0hx8"]},"content":"随机数为9，触发自动回复","timestamp":1773895567243}
{"id":701014,"type":"error","level":1,"name":"绑定id","meta":{"paths":["lp0hx8"]},"content":"3889630528输入错误id：功能暂时弃用，如需发车牌请直接在有收集bot的群发送，如需使用haruki功能请使用`cn绑定`，id过短","timestamp":1773897932426}
{"id":704190,"type":"info","level":2,"name":"关键词回复","meta":{"paths":["lp0hx8"]},"content":"随机数为4，触发自动回复","timestamp":1773902180425}
{"id":709492,"type":"info","level":2,"name":"关键词回复","meta":{"paths":["lp0hx8"]},"content":"随机数为2，触发自动回复","timestamp":1773912998462}
{"id":709633,"type":"info","level":2,"name":"关键词回复","meta":{"paths":["lp0hx8"]},"content":"随机数为9，触发自动回复","timestamp":1773913208760}
{"id":710832,"type":"success","level":1,"name":"签到","meta":{"paths":["lp0hx8"]},"content":"1723814703完成了一次签到！","timestamp":1773916609417}
{"id":717550,"type":"info","level":2,"name":"绑定id","meta":{"paths":["lp0hx8"]},"content":"用户3669154852绑定了cnid：7485968570380278562","timestamp":1773927998632}
{"id":718601,"type":"info","level":2,"name":"关键词回复","meta":{"paths":["lp0hx8"]},"content":"随机数为1，触发自动回复","timestamp":1773928485869}
{"id":718716,"type":"info","level":2,"name":"绑定id","meta":{"paths":["lp0hx8"]},"content":"用户2805719640绑定了cnid：7587184441891019561","timestamp":1773928532239}
{"id":722451,"type":"info","level":2,"name":"关键词回复","meta":{"paths":["lp0hx8"]},"content":"随机数为3，触发自动回复","timestamp":1773931207951}
{"id":722701,"type":"info","level":2,"name":"关键词回复","meta":{"paths":["lp0hx8"]},"content":"随机数为6，触发自动回复","timestamp":1773931445880}
{"id":723323,"type":"success","level":1,"name":"签到","meta":{"paths":["lp0hx8"]},"content":"1617842882完成了一次签到！","timestamp":1773932279306}
{"id":727278,"type":"success","level":1,"name":"签到","meta":{"paths":["lp0hx8"]},"content":"2250804603完成了一次签到！","timestamp":1773936053638}
{"id":731803,"type":"info","level":2,"name":"绑定id","meta":{"paths":["lp0hx8"]},"content":"用户2282261439绑定了cnid：7488228374926809894","timestamp":1773942719821}
{"id":734391,"type":"success","level":1,"name":"签到","meta":{"paths":["lp0hx8"]},"content":"1723814703完成了一次签到！","timestamp":1773962441501}
