{"id":928436,"type":"success","level":1,"name":"签到","meta":{"paths":["lp0hx8"]},"content":"1723814703完成了一次签到！","timestamp":1771901294148}
{"id":929136,"type":"info","level":2,"name":"关键词回复","meta":{"paths":["lp0hx8"]},"content":"随机数为1，触发自动回复","timestamp":1771904786563}
{"id":929460,"type":"info","level":2,"name":"关键词回复","meta":{"paths":["lp0hx8"]},"content":"随机数为3，触发自动回复","timestamp":1771905430654}
{"id":930706,"type":"info","level":2,"name":"关键词回复","meta":{"paths":["lp0hx8"]},"content":"随机数为8，触发自动回复","timestamp":1771906717480}
{"id":931172,"type":"success","level":1,"name":"签到","meta":{"paths":["lp0hx8"]},"content":"1449679792完成了一次签到！","timestamp":1771907477317}
{"id":932409,"type":"info","level":2,"name":"关键词回复","meta":{"paths":["lp0hx8"]},"content":"随机数为1，触发自动回复","timestamp":1771908862575}
{"id":932890,"type":"info","level":2,"name":"关键词回复","meta":{"paths":["lp0hx8"]},"content":"随机数为9，触发自动回复","timestamp":1771909364902}
{"id":932972,"type":"info","level":2,"name":"关键词回复","meta":{"paths":["lp0hx8"]},"content":"随机数为4，触发自动回复","timestamp":1771909427060}
{"id":934404,"type":"info","level":2,"name":"关键词回复","meta":{"paths":["lp0hx8"]},"content":"随机数为3，触发自动回复","timestamp":1771910937344}
{"id":935424,"type":"warn","level":2,"name":"session","meta":{},"content":"Error: Error with request send_group_msg, args: {\"group_id\":682255155,\"message\":[{\"type\":\"record\",\"data\":{\"file\":\"http://smmcat.cn/run/fa/哦！！~~~.mp3\",\"cache\":0}}]}, retcode: 1200\n    at _Internal._get (/www/wwwroot/default/koishi/koishi-app/node_modules/koishi-plugin-adapter-onebot/lib/index.js:119:11)\n    at process.processTicksAndRejections (node:internal/process/task_queues:103:5)\n    at async _Internal.<computed> [as sendGroupMsg] (/www/wwwroot/default/koishi/koishi-app/node_modules/koishi-plugin-adapter-onebot/lib/index.js:162:20)\n    at async OneBotMessageEncoder.flush (/www/wwwroot/default/koishi/koishi-app/node_modules/koishi-plugin-adapter-onebot/lib/index.js:771:338)\n    at async OneBotMessageEncoder.send (/www/wwwroot/default/koishi/koishi-app/node_modules/@satorijs/core/lib/index.cjs:755:5)\n    at async Proxy.sendMessage (/www/wwwroot/default/koishi/koishi-app/node_modules/@satorijs/core/lib/index.cjs:487:22)","timestamp":1771911372774}
{"id":935480,"type":"info","level":2,"name":"关键词回复","meta":{"paths":["lp0hx8"]},"content":"随机数为5，触发自动回复","timestamp":1771911410839}
{"id":935511,"type":"info","level":2,"name":"关键词回复","meta":{"paths":["lp0hx8"]},"content":"随机数为9，触发自动回复","timestamp":1771911418463}
{"id":935526,"type":"info","level":2,"name":"关键词回复","meta":{"paths":["lp0hx8"]},"content":"随机数为10，触发自动回复","timestamp":1771911426603}
{"id":935603,"type":"info","level":2,"name":"关键词回复","meta":{"paths":["lp0hx8"]},"content":"随机数为3，触发自动回复","timestamp":1771911457862}
{"id":935628,"type":"info","level":2,"name":"关键词回复","meta":{"paths":["lp0hx8"]},"content":"随机数为1，触发自动回复","timestamp":1771911462129}
{"id":935732,"type":"info","level":2,"name":"关键词回复","meta":{"paths":["lp0hx8"]},"content":"随机数为5，触发自动回复","timestamp":1771911537366}
{"id":935980,"type":"info","level":2,"name":"关键词回复","meta":{"paths":["lp0hx8"]},"content":"随机数为4，触发自动回复","timestamp":1771911668217}
{"id":936614,"type":"info","level":2,"name":"关键词回复","meta":{"paths":["lp0hx8"]},"content":"随机数为8，触发自动回复","timestamp":1771912013876}
{"id":936642,"type":"info","level":2,"name":"关键词回复","meta":{"paths":["lp0hx8"]},"content":"随机数为7，触发自动回复","timestamp":1771912025354}
{"id":936773,"type":"warn","level":2,"name":"session","meta":{},"content":"Error: Error with request send_group_msg, args: {\"group_id\":682255155,\"message\":[{\"type\":\"record\",\"data\":{\"file\":\"http://smmcat.cn/run/fa/啊啊啊啊（似乎是魔男）.mp3\",\"cache\":0}}]}, retcode: 1200\n    at _Internal._get (/www/wwwroot/default/koishi/koishi-app/node_modules/koishi-plugin-adapter-onebot/lib/index.js:119:11)\n    at process.processTicksAndRejections (node:internal/process/task_queues:103:5)\n    at async _Internal.<computed> [as sendGroupMsg] (/www/wwwroot/default/koishi/koishi-app/node_modules/koishi-plugin-adapter-onebot/lib/index.js:162:20)\n    at async OneBotMessageEncoder.flush (/www/wwwroot/default/koishi/koishi-app/node_modules/koishi-plugin-adapter-onebot/lib/index.js:771:338)\n    at async OneBotMessageEncoder.send (/www/wwwroot/default/koishi/koishi-app/node_modules/@satorijs/core/lib/index.cjs:755:5)\n    at async Proxy.sendMessage (/www/wwwroot/default/koishi/koishi-app/node_modules/@satorijs/core/lib/index.cjs:487:22)","timestamp":1771912077351}
{"id":937420,"type":"info","level":2,"name":"关键词回复","meta":{"paths":["lp0hx8"]},"content":"随机数为6，触发自动回复","timestamp":1771912305083}
{"id":938502,"type":"warn","level":2,"name":"session","meta":{},"content":"Error: Error with request send_group_msg, args: {\"group_id\":682255155,\"message\":[{\"type\":\"record\",\"data\":{\"file\":\"http://smmcat.cn/run/fa/哦，shit I'm sorry.mp3\",\"cache\":0}}]}, retcode: 1200\n    at _Internal._get (/www/wwwroot/default/koishi/koishi-app/node_modules/koishi-plugin-adapter-onebot/lib/index.js:119:11)\n    at process.processTicksAndRejections (node:internal/process/task_queues:103:5)\n    at async _Internal.<computed> [as sendGroupMsg] (/www/wwwroot/default/koishi/koishi-app/node_modules/koishi-plugin-adapter-onebot/lib/index.js:162:20)\n    at async OneBotMessageEncoder.flush (/www/wwwroot/default/koishi/koishi-app/node_modules/koishi-plugin-adapter-onebot/lib/index.js:771:338)\n    at async OneBotMessageEncoder.send (/www/wwwroot/default/koishi/koishi-app/node_modules/@satorijs/core/lib/index.cjs:755:5)\n    at async Proxy.sendMessage (/www/wwwroot/default/koishi/koishi-app/node_modules/@satorijs/core/lib/index.cjs:487:22)","timestamp":1771912660666}
{"id":940502,"type":"info","level":2,"name":"绑定id","meta":{"paths":["lp0hx8"]},"content":"用户1249742734绑定了cnid：7485962667753167653","timestamp":1771913441962}
{"id":940852,"type":"warn","level":2,"name":"session","meta":{},"content":"Error: Error with request send_group_msg, args: {\"group_id\":682255155,\"message\":[{\"type\":\"record\",\"data\":{\"file\":\"http://smmcat.cn/run/fa/哦，shit I'm sorry.mp3\",\"cache\":0}}]}, retcode: 1200\n    at _Internal._get (/www/wwwroot/default/koishi/koishi-app/node_modules/koishi-plugin-adapter-onebot/lib/index.js:119:11)\n    at process.processTicksAndRejections (node:internal/process/task_queues:103:5)\n    at async _Internal.<computed> [as sendGroupMsg] (/www/wwwroot/default/koishi/koishi-app/node_modules/koishi-plugin-adapter-onebot/lib/index.js:162:20)\n    at async OneBotMessageEncoder.flush (/www/wwwroot/default/koishi/koishi-app/node_modules/koishi-plugin-adapter-onebot/lib/index.js:771:338)\n    at async OneBotMessageEncoder.send (/www/wwwroot/default/koishi/koishi-app/node_modules/@satorijs/core/lib/index.cjs:755:5)\n    at async Proxy.sendMessage (/www/wwwroot/default/koishi/koishi-app/node_modules/@satorijs/core/lib/index.cjs:487:22)","timestamp":1771913621568}
{"id":941338,"type":"warn","level":2,"name":"session","meta":{},"content":"Error: Error with request send_group_msg, args: {\"group_id\":682255155,\"message\":[{\"type\":\"record\",\"data\":{\"file\":\"http://smmcat.cn/run/fa/哦！！~~~.mp3\",\"cache\":0}}]}, retcode: 1200\n    at _Internal._get (/www/wwwroot/default/koishi/koishi-app/node_modules/koishi-plugin-adapter-onebot/lib/index.js:119:11)\n    at process.processTicksAndRejections (node:internal/process/task_queues:103:5)\n    at async _Internal.<computed> [as sendGroupMsg] (/www/wwwroot/default/koishi/koishi-app/node_modules/koishi-plugin-adapter-onebot/lib/index.js:162:20)\n    at async OneBotMessageEncoder.flush (/www/wwwroot/default/koishi/koishi-app/node_modules/koishi-plugin-adapter-onebot/lib/index.js:771:338)\n    at async OneBotMessageEncoder.send (/www/wwwroot/default/koishi/koishi-app/node_modules/@satorijs/core/lib/index.cjs:755:5)\n    at async Proxy.sendMessage (/www/wwwroot/default/koishi/koishi-app/node_modules/@satorijs/core/lib/index.cjs:487:22)","timestamp":1771913914176}
{"id":941352,"type":"info","level":2,"name":"关键词回复","meta":{"paths":["lp0hx8"]},"content":"随机数为8，触发自动回复","timestamp":1771913919729}
{"id":941667,"type":"info","level":2,"name":"关键词回复","meta":{"paths":["lp0hx8"]},"content":"随机数为2，触发自动回复","timestamp":1771914044627}
{"id":941885,"type":"info","level":2,"name":"关键词回复","meta":{"paths":["lp0hx8"]},"content":"随机数为3，触发自动回复","timestamp":1771914130862}
{"id":943805,"type":"info","level":2,"name":"关键词回复","meta":{"paths":["lp0hx8"]},"content":"随机数为2，触发自动回复","timestamp":1771914981476}
{"id":943924,"type":"info","level":2,"name":"关键词回复","meta":{"paths":["lp0hx8"]},"content":"随机数为10，触发自动回复","timestamp":1771915040150}
{"id":944350,"type":"info","level":2,"name":"关键词回复","meta":{"paths":["lp0hx8"]},"content":"随机数为8，触发自动回复","timestamp":1771915301275}
{"id":944597,"type":"info","level":2,"name":"关键词回复","meta":{"paths":["lp0hx8"]},"content":"随机数为7，触发自动回复","timestamp":1771915491423}
{"id":945524,"type":"info","level":2,"name":"关键词回复","meta":{"paths":["lp0hx8"]},"content":"随机数为2，触发自动回复","timestamp":1771916642203}
{"id":945758,"type":"info","level":2,"name":"关键词回复","meta":{"paths":["lp0hx8"]},"content":"随机数为8，触发自动回复","timestamp":1771917286785}
{"id":945896,"type":"info","level":2,"name":"关键词回复","meta":{"paths":["lp0hx8"]},"content":"随机数为9，触发自动回复","timestamp":1771917611350}
{"id":946309,"type":"info","level":2,"name":"关键词回复","meta":{"paths":["lp0hx8"]},"content":"随机数为4，触发自动回复","timestamp":1771918899968}
{"id":946411,"type":"warn","level":2,"name":"session","meta":{},"content":"Error: Error with request send_group_msg, args: {\"group_id\":682255155,\"message\":[{\"type\":\"record\",\"data\":{\"file\":\"http://smmcat.cn/run/fa/啊~this good~（van）.mp3\",\"cache\":0}}]}, retcode: 1200\n    at _Internal._get (/www/wwwroot/default/koishi/koishi-app/node_modules/koishi-plugin-adapter-onebot/lib/index.js:119:11)\n    at process.processTicksAndRejections (node:internal/process/task_queues:103:5)\n    at async _Internal.<computed> [as sendGroupMsg] (/www/wwwroot/default/koishi/koishi-app/node_modules/koishi-plugin-adapter-onebot/lib/index.js:162:20)\n    at async OneBotMessageEncoder.flush (/www/wwwroot/default/koishi/koishi-app/node_modules/koishi-plugin-adapter-onebot/lib/index.js:771:338)\n    at async OneBotMessageEncoder.send (/www/wwwroot/default/koishi/koishi-app/node_modules/@satorijs/core/lib/index.cjs:755:5)\n    at async Proxy.sendMessage (/www/wwwroot/default/koishi/koishi-app/node_modules/@satorijs/core/lib/index.cjs:487:22)","timestamp":1771919108513}
{"id":947569,"type":"info","level":2,"name":"关键词回复","meta":{"paths":["lp0hx8"]},"content":"随机数为4，触发自动回复","timestamp":1771920811621}
{"id":947914,"type":"success","level":1,"name":"签到","meta":{"paths":["lp0hx8"]},"content":"1559901047完成了一次签到！","timestamp":1771921688583}
{"id":948058,"type":"info","level":2,"name":"关键词回复","meta":{"paths":["lp0hx8"]},"content":"随机数为2，触发自动回复","timestamp":1771921727891}
{"id":948648,"type":"info","level":2,"name":"关键词回复","meta":{"paths":["lp0hx8"]},"content":"随机数为2，触发自动回复","timestamp":1771921824337}
{"id":949701,"type":"success","level":1,"name":"签到","meta":{"paths":["lp0hx8"]},"content":"771353605完成了一次签到！","timestamp":1771922317242}
{"id":949793,"type":"info","level":2,"name":"关键词回复","meta":{"paths":["lp0hx8"]},"content":"随机数为3，触发自动回复","timestamp":1771922371895}
{"id":950887,"type":"info","level":2,"name":"关键词回复","meta":{"paths":["lp0hx8"]},"content":"随机数为2，触发自动回复","timestamp":1771922527448}
{"id":964765,"type":"info","level":2,"name":"关键词回复","meta":{"paths":["lp0hx8"]},"content":"随机数为1，触发自动回复","timestamp":1771928437863}
{"id":968173,"type":"info","level":2,"name":"关键词回复","meta":{"paths":["lp0hx8"]},"content":"随机数为6，触发自动回复","timestamp":1771929880833}
{"id":968973,"type":"info","level":2,"name":"关键词回复","meta":{"paths":["lp0hx8"]},"content":"随机数为9，触发自动回复","timestamp":1771930502450}
{"id":969127,"type":"info","level":2,"name":"关键词回复","meta":{"paths":["lp0hx8"]},"content":"随机数为4，触发自动回复","timestamp":1771930664182}
{"id":969396,"type":"info","level":2,"name":"关键词回复","meta":{"paths":["lp0hx8"]},"content":"随机数为5，触发自动回复","timestamp":1771930932838}
{"id":969518,"type":"info","level":2,"name":"关键词回复","meta":{"paths":["lp0hx8"]},"content":"随机数为1，触发自动回复","timestamp":1771931019854}
{"id":970034,"type":"warn","level":2,"name":"session","meta":{},"content":"Error: Error with request send_group_msg, args: {\"group_id\":682255155,\"message\":[{\"type\":\"record\",\"data\":{\"file\":\"http://smmcat.cn/run/fa/哦，shit I'm sorry.mp3\",\"cache\":0}}]}, retcode: 1200\n    at _Internal._get (/www/wwwroot/default/koishi/koishi-app/node_modules/koishi-plugin-adapter-onebot/lib/index.js:119:11)\n    at process.processTicksAndRejections (node:internal/process/task_queues:103:5)\n    at async _Internal.<computed> [as sendGroupMsg] (/www/wwwroot/default/koishi/koishi-app/node_modules/koishi-plugin-adapter-onebot/lib/index.js:162:20)\n    at async OneBotMessageEncoder.flush (/www/wwwroot/default/koishi/koishi-app/node_modules/koishi-plugin-adapter-onebot/lib/index.js:771:338)\n    at async OneBotMessageEncoder.send (/www/wwwroot/default/koishi/koishi-app/node_modules/@satorijs/core/lib/index.cjs:755:5)\n    at async Proxy.sendMessage (/www/wwwroot/default/koishi/koishi-app/node_modules/@satorijs/core/lib/index.cjs:487:22)","timestamp":1771931274757}
{"id":970063,"type":"info","level":2,"name":"关键词回复","meta":{"paths":["lp0hx8"]},"content":"随机数为6，触发自动回复","timestamp":1771931278559}
{"id":970659,"type":"info","level":2,"name":"关键词回复","meta":{"paths":["lp0hx8"]},"content":"随机数为7，触发自动回复","timestamp":1771931609194}
{"id":971153,"type":"warn","level":2,"name":"session","meta":{},"content":"Error: Error with request send_group_msg, args: {\"group_id\":682255155,\"message\":[{\"type\":\"record\",\"data\":{\"file\":\"http://smmcat.cn/run/fa/哦！！~~~.mp3\",\"cache\":0}}]}, retcode: 1200\n    at _Internal._get (/www/wwwroot/default/koishi/koishi-app/node_modules/koishi-plugin-adapter-onebot/lib/index.js:119:11)\n    at process.processTicksAndRejections (node:internal/process/task_queues:103:5)\n    at async _Internal.<computed> [as sendGroupMsg] (/www/wwwroot/default/koishi/koishi-app/node_modules/koishi-plugin-adapter-onebot/lib/index.js:162:20)\n    at async OneBotMessageEncoder.flush (/www/wwwroot/default/koishi/koishi-app/node_modules/koishi-plugin-adapter-onebot/lib/index.js:771:338)\n    at async OneBotMessageEncoder.send (/www/wwwroot/default/koishi/koishi-app/node_modules/@satorijs/core/lib/index.cjs:755:5)\n    at async Proxy.sendMessage (/www/wwwroot/default/koishi/koishi-app/node_modules/@satorijs/core/lib/index.cjs:487:22)","timestamp":1771931930684}
{"id":971297,"type":"info","level":2,"name":"关键词回复","meta":{"paths":["lp0hx8"]},"content":"随机数为9，触发自动回复","timestamp":1771932062910}
{"id":971646,"type":"info","level":2,"name":"关键词回复","meta":{"paths":["lp0hx8"]},"content":"随机数为8，触发自动回复","timestamp":1771932355268}
{"id":972874,"type":"warn","level":2,"name":"app","meta":{"paths":["2xa68a"]},"content":"Error: property database is not registered, declare it as `inject` to suppress this warning\n    at _Command.<anonymous> (/www/wwwroot/default/koishi/koishi-app/node_modules/koishi-plugin-rizgame-guess-letters/lib/index.js:125:32)\n    at Array.<anonymous> (/www/wwwroot/default/koishi/koishi-app/node_modules/@koishijs/core/lib/index.cjs:1079:27)\n    at argv.next (/www/wwwroot/default/koishi/koishi-app/node_modules/@koishijs/core/lib/index.cjs:1090:30)\n    at _Command.execute (/www/wwwroot/default/koishi/koishi-app/node_modules/@koishijs/core/lib/index.cjs:1093:33)\n    at process.processTicksAndRejections (node:internal/process/task_queues:103:5)\n    at async /www/wwwroot/default/koishi/koishi-app/node_modules/@koishijs/core/lib/index.cjs:2049:22\n    at async Proxy.withScope (/www/wwwroot/default/koishi/koishi-app/node_modules/@koishijs/core/lib/index.cjs:1958:22)\n    at async next (/www/wwwroot/default/koishi/koishi-app/node_modules/@koishijs/core/lib/index.cjs:827:16)\n    at async next (/www/wwwroot/default/koishi/koishi-app/node_modules/@koishijs/core/lib/index.cjs:827:16)","timestamp":1771933487021}
{"id":973595,"type":"info","level":2,"name":"关键词回复","meta":{"paths":["lp0hx8"]},"content":"随机数为4，触发自动回复","timestamp":1771934077000}
{"id":973721,"type":"info","level":2,"name":"关键词回复","meta":{"paths":["lp0hx8"]},"content":"随机数为10，触发自动回复","timestamp":1771934162523}
{"id":973754,"type":"warn","level":2,"name":"session","meta":{},"content":"Error: Error with request send_group_msg, args: {\"group_id\":682255155,\"message\":[{\"type\":\"record\",\"data\":{\"file\":\"http://smmcat.cn/run/fa/啊！！！！2x.mp3\",\"cache\":0}}]}, retcode: 1200\n    at _Internal._get (/www/wwwroot/default/koishi/koishi-app/node_modules/koishi-plugin-adapter-onebot/lib/index.js:119:11)\n    at process.processTicksAndRejections (node:internal/process/task_queues:103:5)\n    at async _Internal.<computed> [as sendGroupMsg] (/www/wwwroot/default/koishi/koishi-app/node_modules/koishi-plugin-adapter-onebot/lib/index.js:162:20)\n    at async OneBotMessageEncoder.flush (/www/wwwroot/default/koishi/koishi-app/node_modules/koishi-plugin-adapter-onebot/lib/index.js:771:338)\n    at async OneBotMessageEncoder.send (/www/wwwroot/default/koishi/koishi-app/node_modules/@satorijs/core/lib/index.cjs:755:5)\n    at async Proxy.sendMessage (/www/wwwroot/default/koishi/koishi-app/node_modules/@satorijs/core/lib/index.cjs:487:22)","timestamp":1771934170978}
{"id":974267,"type":"info","level":2,"name":"关键词回复","meta":{"paths":["lp0hx8"]},"content":"随机数为6，触发自动回复","timestamp":1771934415410}
{"id":975097,"type":"warn","level":2,"name":"session","meta":{},"content":"Error: Error with request send_group_msg, args: {\"group_id\":682255155,\"message\":[{\"type\":\"record\",\"data\":{\"file\":\"http://smmcat.cn/run/fa/啊~~~（王）.mp3\",\"cache\":0}}]}, retcode: 1200\n    at _Internal._get (/www/wwwroot/default/koishi/koishi-app/node_modules/koishi-plugin-adapter-onebot/lib/index.js:119:11)\n    at process.processTicksAndRejections (node:internal/process/task_queues:103:5)\n    at async _Internal.<computed> [as sendGroupMsg] (/www/wwwroot/default/koishi/koishi-app/node_modules/koishi-plugin-adapter-onebot/lib/index.js:162:20)\n    at async OneBotMessageEncoder.flush (/www/wwwroot/default/koishi/koishi-app/node_modules/koishi-plugin-adapter-onebot/lib/index.js:771:338)\n    at async OneBotMessageEncoder.send (/www/wwwroot/default/koishi/koishi-app/node_modules/@satorijs/core/lib/index.cjs:755:5)\n    at async Proxy.sendMessage (/www/wwwroot/default/koishi/koishi-app/node_modules/@satorijs/core/lib/index.cjs:487:22)","timestamp":1771935216814}
{"id":976963,"type":"info","level":2,"name":"绑定id","meta":{"paths":["lp0hx8"]},"content":"用户2839939274绑定了cnid：7486125065977961216","timestamp":1771937741252}
{"id":977325,"type":"warn","level":2,"name":"session","meta":{},"content":"Error: Error with request send_group_msg, args: {\"group_id\":789037781,\"message\":[{\"type\":\"record\",\"data\":{\"file\":\"http://smmcat.cn/run/fa/哇！.mp3\",\"cache\":0}}]}, retcode: 1200\n    at _Internal._get (/www/wwwroot/default/koishi/koishi-app/node_modules/koishi-plugin-adapter-onebot/lib/index.js:119:11)\n    at process.processTicksAndRejections (node:internal/process/task_queues:103:5)\n    at async _Internal.<computed> [as sendGroupMsg] (/www/wwwroot/default/koishi/koishi-app/node_modules/koishi-plugin-adapter-onebot/lib/index.js:162:20)\n    at async OneBotMessageEncoder.flush (/www/wwwroot/default/koishi/koishi-app/node_modules/koishi-plugin-adapter-onebot/lib/index.js:771:338)\n    at async OneBotMessageEncoder.send (/www/wwwroot/default/koishi/koishi-app/node_modules/@satorijs/core/lib/index.cjs:755:5)\n    at async Proxy.sendMessage (/www/wwwroot/default/koishi/koishi-app/node_modules/@satorijs/core/lib/index.cjs:487:22)","timestamp":1771938569010}
{"id":978188,"type":"info","level":2,"name":"关键词回复","meta":{"paths":["lp0hx8"]},"content":"随机数为2，触发自动回复","timestamp":1771941913595}
{"id":978779,"type":"info","level":2,"name":"关键词回复","meta":{"paths":["lp0hx8"]},"content":"随机数为3，触发自动回复","timestamp":1771943541034}
{"id":978803,"type":"info","level":2,"name":"关键词回复","meta":{"paths":["lp0hx8"]},"content":"随机数为10，触发自动回复","timestamp":1771943567588}
{"id":980055,"type":"info","level":2,"name":"关键词回复","meta":{"paths":["lp0hx8"]},"content":"随机数为8，触发自动回复","timestamp":1771945148507}
{"id":981108,"type":"info","level":2,"name":"关键词回复","meta":{"paths":["lp0hx8"]},"content":"随机数为3，触发自动回复","timestamp":1771946152687}
{"id":981166,"type":"info","level":2,"name":"关键词回复","meta":{"paths":["lp0hx8"]},"content":"随机数为5，触发自动回复","timestamp":1771946197421}
{"id":981219,"type":"info","level":2,"name":"关键词回复","meta":{"paths":["lp0hx8"]},"content":"随机数为9，触发自动回复","timestamp":1771946239326}
{"id":981986,"type":"info","level":2,"name":"关键词回复","meta":{"paths":["lp0hx8"]},"content":"随机数为7，触发自动回复","timestamp":1771947017379}
{"id":981995,"type":"info","level":2,"name":"关键词回复","meta":{"paths":["lp0hx8"]},"content":"随机数为4，触发自动回复","timestamp":1771947021665}
{"id":982708,"type":"info","level":2,"name":"关键词回复","meta":{"paths":["lp0hx8"]},"content":"随机数为7，触发自动回复","timestamp":1771947832507}
{"id":982738,"type":"info","level":2,"name":"关键词回复","meta":{"paths":["lp0hx8"]},"content":"随机数为10，触发自动回复","timestamp":1771947854877}
{"id":982875,"type":"info","level":2,"name":"关键词回复","meta":{"paths":["lp0hx8"]},"content":"随机数为9，触发自动回复","timestamp":1771947927682}
{"id":983076,"type":"info","level":2,"name":"关键词回复","meta":{"paths":["lp0hx8"]},"content":"随机数为4，触发自动回复","timestamp":1771948080420}
{"id":983729,"type":"info","level":2,"name":"关键词回复","meta":{"paths":["lp0hx8"]},"content":"随机数为4，触发自动回复","timestamp":1771948390219}
{"id":983972,"type":"info","level":2,"name":"关键词回复","meta":{"paths":["lp0hx8"]},"content":"随机数为6，触发自动回复","timestamp":1771948511250}
{"id":983987,"type":"info","level":2,"name":"关键词回复","meta":{"paths":["lp0hx8"]},"content":"随机数为3，触发自动回复","timestamp":1771948513996}
{"id":984347,"type":"info","level":2,"name":"关键词回复","meta":{"paths":["lp0hx8"]},"content":"随机数为2，触发自动回复","timestamp":1771948651815}
{"id":984669,"type":"warn","level":2,"name":"session","meta":{},"content":"Error: Error with request send_group_msg, args: {\"group_id\":682255155,\"message\":[{\"type\":\"record\",\"data\":{\"file\":\"http://smmcat.cn/run/fa/嗯~~.mp3\",\"cache\":0}}]}, retcode: 1200\n    at _Internal._get (/www/wwwroot/default/koishi/koishi-app/node_modules/koishi-plugin-adapter-onebot/lib/index.js:119:11)\n    at process.processTicksAndRejections (node:internal/process/task_queues:103:5)\n    at async _Internal.<computed> [as sendGroupMsg] (/www/wwwroot/default/koishi/koishi-app/node_modules/koishi-plugin-adapter-onebot/lib/index.js:162:20)\n    at async OneBotMessageEncoder.flush (/www/wwwroot/default/koishi/koishi-app/node_modules/koishi-plugin-adapter-onebot/lib/index.js:771:338)\n    at async OneBotMessageEncoder.send (/www/wwwroot/default/koishi/koishi-app/node_modules/@satorijs/core/lib/index.cjs:755:5)\n    at async Proxy.sendMessage (/www/wwwroot/default/koishi/koishi-app/node_modules/@satorijs/core/lib/index.cjs:487:22)","timestamp":1771948861991}
{"id":984858,"type":"warn","level":2,"name":"session","meta":{},"content":"Error: Error with request send_group_msg, args: {\"group_id\":682255155,\"message\":[{\"type\":\"record\",\"data\":{\"file\":\"http://smmcat.cn/run/fa/嗯~~.mp3\",\"cache\":0}}]}, retcode: 1200\n    at _Internal._get (/www/wwwroot/default/koishi/koishi-app/node_modules/koishi-plugin-adapter-onebot/lib/index.js:119:11)\n    at process.processTicksAndRejections (node:internal/process/task_queues:103:5)\n    at async _Internal.<computed> [as sendGroupMsg] (/www/wwwroot/default/koishi/koishi-app/node_modules/koishi-plugin-adapter-onebot/lib/index.js:162:20)\n    at async OneBotMessageEncoder.flush (/www/wwwroot/default/koishi/koishi-app/node_modules/koishi-plugin-adapter-onebot/lib/index.js:771:338)\n    at async OneBotMessageEncoder.send (/www/wwwroot/default/koishi/koishi-app/node_modules/@satorijs/core/lib/index.cjs:755:5)\n    at async Proxy.sendMessage (/www/wwwroot/default/koishi/koishi-app/node_modules/@satorijs/core/lib/index.cjs:487:22)","timestamp":1771948955930}
{"id":984963,"type":"success","level":1,"name":"签到","meta":{"paths":["lp0hx8"]},"content":"3663735613完成了一次签到！","timestamp":1771948993346}
{"id":985018,"type":"success","level":1,"name":"签到","meta":{"paths":["lp0hx8"]},"content":"2182223762完成了一次签到！","timestamp":1771949005302}
{"id":985357,"type":"info","level":2,"name":"关键词回复","meta":{"paths":["lp0hx8"]},"content":"随机数为8，触发自动回复","timestamp":1771949166829}
{"id":985791,"type":"info","level":2,"name":"关键词回复","meta":{"paths":["lp0hx8"]},"content":"随机数为4，触发自动回复","timestamp":1771949472099}
{"id":986609,"type":"info","level":2,"name":"关键词回复","meta":{"paths":["lp0hx8"]},"content":"随机数为8，触发自动回复","timestamp":1771949728702}
{"id":986705,"type":"info","level":2,"name":"关键词回复","meta":{"paths":["lp0hx8"]},"content":"随机数为4，触发自动回复","timestamp":1771949759334}
{"id":987342,"type":"info","level":2,"name":"关键词回复","meta":{"paths":["lp0hx8"]},"content":"随机数为2，触发自动回复","timestamp":1771950048738}
{"id":987399,"type":"info","level":2,"name":"关键词回复","meta":{"paths":["lp0hx8"]},"content":"随机数为1，触发自动回复","timestamp":1771950057786}
{"id":988078,"type":"info","level":2,"name":"关键词回复","meta":{"paths":["lp0hx8"]},"content":"随机数为6，触发自动回复","timestamp":1771950427454}
{"id":988198,"type":"info","level":2,"name":"关键词回复","meta":{"paths":["lp0hx8"]},"content":"随机数为7，触发自动回复","timestamp":1771950521616}
{"id":988292,"type":"info","level":2,"name":"关键词回复","meta":{"paths":["lp0hx8"]},"content":"随机数为1，触发自动回复","timestamp":1771950576300}
{"id":988955,"type":"info","level":2,"name":"关键词回复","meta":{"paths":["lp0hx8"]},"content":"随机数为5，触发自动回复","timestamp":1771950963295}
{"id":989248,"type":"info","level":2,"name":"关键词回复","meta":{"paths":["lp0hx8"]},"content":"随机数为1，触发自动回复","timestamp":1771951087864}
{"id":989402,"type":"info","level":2,"name":"关键词回复","meta":{"paths":["lp0hx8"]},"content":"随机数为3，触发自动回复","timestamp":1771951170984}
{"id":989750,"type":"info","level":2,"name":"关键词回复","meta":{"paths":["lp0hx8"]},"content":"随机数为2，触发自动回复","timestamp":1771951405127}
{"id":989812,"type":"info","level":2,"name":"关键词回复","meta":{"paths":["lp0hx8"]},"content":"随机数为10，触发自动回复","timestamp":1771951453338}
{"id":990022,"type":"info","level":2,"name":"关键词回复","meta":{"paths":["lp0hx8"]},"content":"随机数为6，触发自动回复","timestamp":1771951594233}
{"id":990483,"type":"info","level":2,"name":"关键词回复","meta":{"paths":["lp0hx8"]},"content":"随机数为10，触发自动回复","timestamp":1771951788401}
{"id":990587,"type":"warn","level":2,"name":"session","meta":{},"content":"Error: Error with request send_group_msg, args: {\"group_id\":682255155,\"message\":[{\"type\":\"record\",\"data\":{\"file\":\"http://smmcat.cn/run/fa/哇！.mp3\",\"cache\":0}}]}, retcode: 1200\n    at _Internal._get (/www/wwwroot/default/koishi/koishi-app/node_modules/koishi-plugin-adapter-onebot/lib/index.js:119:11)\n    at process.processTicksAndRejections (node:internal/process/task_queues:103:5)\n    at async _Internal.<computed> [as sendGroupMsg] (/www/wwwroot/default/koishi/koishi-app/node_modules/koishi-plugin-adapter-onebot/lib/index.js:162:20)\n    at async OneBotMessageEncoder.flush (/www/wwwroot/default/koishi/koishi-app/node_modules/koishi-plugin-adapter-onebot/lib/index.js:771:338)\n    at async OneBotMessageEncoder.send (/www/wwwroot/default/koishi/koishi-app/node_modules/@satorijs/core/lib/index.cjs:755:5)\n    at async Proxy.sendMessage (/www/wwwroot/default/koishi/koishi-app/node_modules/@satorijs/core/lib/index.cjs:487:22)","timestamp":1771951854572}
{"id":990654,"type":"info","level":2,"name":"关键词回复","meta":{"paths":["lp0hx8"]},"content":"随机数为8，触发自动回复","timestamp":1771951885914}
{"id":990678,"type":"info","level":2,"name":"关键词回复","meta":{"paths":["lp0hx8"]},"content":"随机数为1，触发自动回复","timestamp":1771951896217}
{"id":991176,"type":"info","level":2,"name":"关键词回复","meta":{"paths":["lp0hx8"]},"content":"随机数为3，触发自动回复","timestamp":1771952126671}
{"id":991530,"type":"info","level":2,"name":"关键词回复","meta":{"paths":["lp0hx8"]},"content":"随机数为7，触发自动回复","timestamp":1771952312969}
{"id":991735,"type":"info","level":2,"name":"关键词回复","meta":{"paths":["lp0hx8"]},"content":"随机数为10，触发自动回复","timestamp":1771952370198}
{"id":991892,"type":"info","level":2,"name":"关键词回复","meta":{"paths":["lp0hx8"]},"content":"随机数为2，触发自动回复","timestamp":1771952435582}
{"id":991946,"type":"info","level":2,"name":"关键词回复","meta":{"paths":["lp0hx8"]},"content":"随机数为1，触发自动回复","timestamp":1771952454823}
{"id":992174,"type":"info","level":2,"name":"关键词回复","meta":{"paths":["lp0hx8"]},"content":"随机数为2，触发自动回复","timestamp":1771952557932}
{"id":992401,"type":"info","level":2,"name":"关键词回复","meta":{"paths":["lp0hx8"]},"content":"随机数为3，触发自动回复","timestamp":1771952648705}
{"id":993155,"type":"info","level":2,"name":"关键词回复","meta":{"paths":["lp0hx8"]},"content":"随机数为3，触发自动回复","timestamp":1771952967273}
{"id":993510,"type":"info","level":2,"name":"关键词回复","meta":{"paths":["lp0hx8"]},"content":"随机数为10，触发自动回复","timestamp":1771953106253}
{"id":993566,"type":"info","level":2,"name":"关键词回复","meta":{"paths":["lp0hx8"]},"content":"随机数为10，触发自动回复","timestamp":1771953155339}
{"id":993568,"type":"warn","level":2,"name":"session","meta":{},"content":"Error: Error with request send_group_msg, args: {\"group_id\":682255155,\"message\":[{\"type\":\"record\",\"data\":{\"file\":\"http://smmcat.cn/run/fa/哦！！~~~.mp3\",\"cache\":0}}]}, retcode: 1200\n    at _Internal._get (/www/wwwroot/default/koishi/koishi-app/node_modules/koishi-plugin-adapter-onebot/lib/index.js:119:11)\n    at process.processTicksAndRejections (node:internal/process/task_queues:103:5)\n    at async _Internal.<computed> [as sendGroupMsg] (/www/wwwroot/default/koishi/koishi-app/node_modules/koishi-plugin-adapter-onebot/lib/index.js:162:20)\n    at async OneBotMessageEncoder.flush (/www/wwwroot/default/koishi/koishi-app/node_modules/koishi-plugin-adapter-onebot/lib/index.js:771:338)\n    at async OneBotMessageEncoder.send (/www/wwwroot/default/koishi/koishi-app/node_modules/@satorijs/core/lib/index.cjs:755:5)\n    at async Proxy.sendMessage (/www/wwwroot/default/koishi/koishi-app/node_modules/@satorijs/core/lib/index.cjs:487:22)","timestamp":1771953155597}
{"id":994630,"type":"info","level":2,"name":"关键词回复","meta":{"paths":["lp0hx8"]},"content":"随机数为2，触发自动回复","timestamp":1771954604723}
{"id":994883,"type":"info","level":2,"name":"关键词回复","meta":{"paths":["lp0hx8"]},"content":"随机数为7，触发自动回复","timestamp":1771954814044}
{"id":995415,"type":"info","level":2,"name":"关键词回复","meta":{"paths":["lp0hx8"]},"content":"随机数为5，触发自动回复","timestamp":1771955272097}
{"id":995634,"type":"info","level":2,"name":"关键词回复","meta":{"paths":["lp0hx8"]},"content":"随机数为4，触发自动回复","timestamp":1771955458331}
{"id":995647,"type":"info","level":2,"name":"关键词回复","meta":{"paths":["lp0hx8"]},"content":"随机数为10，触发自动回复","timestamp":1771955469161}
{"id":995666,"type":"info","level":2,"name":"关键词回复","meta":{"paths":["lp0hx8"]},"content":"随机数为8，触发自动回复","timestamp":1771955473064}
{"id":996541,"type":"info","level":2,"name":"关键词回复","meta":{"paths":["lp0hx8"]},"content":"随机数为5，触发自动回复","timestamp":1771955811973}
{"id":997646,"type":"warn","level":2,"name":"session","meta":{},"content":"Error: Error with request send_group_msg, args: {\"group_id\":682255155,\"message\":[{\"type\":\"record\",\"data\":{\"file\":\"http://smmcat.cn/run/fa/来！.mp3\",\"cache\":0}}]}, retcode: 1200\n    at _Internal._get (/www/wwwroot/default/koishi/koishi-app/node_modules/koishi-plugin-adapter-onebot/lib/index.js:119:11)\n    at process.processTicksAndRejections (node:internal/process/task_queues:103:5)\n    at async _Internal.<computed> [as sendGroupMsg] (/www/wwwroot/default/koishi/koishi-app/node_modules/koishi-plugin-adapter-onebot/lib/index.js:162:20)\n    at async OneBotMessageEncoder.flush (/www/wwwroot/default/koishi/koishi-app/node_modules/koishi-plugin-adapter-onebot/lib/index.js:771:338)\n    at async OneBotMessageEncoder.send (/www/wwwroot/default/koishi/koishi-app/node_modules/@satorijs/core/lib/index.cjs:755:5)\n    at async Proxy.sendMessage (/www/wwwroot/default/koishi/koishi-app/node_modules/@satorijs/core/lib/index.cjs:487:22)","timestamp":1771956302769}
{"id":998100,"type":"info","level":2,"name":"关键词回复","meta":{"paths":["lp0hx8"]},"content":"随机数为8，触发自动回复","timestamp":1771956549298}
{"id":998352,"type":"info","level":2,"name":"关键词回复","meta":{"paths":["lp0hx8"]},"content":"随机数为1，触发自动回复","timestamp":1771956784801}
