{"id":59122,"type":"success","level":1,"name":"签到","meta":{"paths":["lp0hx8"]},"content":"3663735613完成了一次签到！","timestamp":1774397217529}
{"id":59158,"type":"success","level":1,"name":"抽卡与卡组","meta":{"paths":["lp0hx8"]},"content":"3663735613献祭了：6张二星  1张三星  获得2240P点，当前P点数为28371","timestamp":1774397324687}
{"id":62813,"type":"info","level":2,"name":"绑定id","meta":{"paths":["lp0hx8"]},"content":"用户1469078804绑定了cnid：7445088617535609619","timestamp":1774408389142}
{"id":63499,"type":"warn","level":2,"name":"session","meta":{"paths":[]},"content":"娶群友\nTypeError: Cannot read properties of undefined (reading 'attrs')\n    at eval (eval at <anonymous> (/www/wwwroot/default/koishi/koishi-app/node_modules/koishi-plugin-blockly-null/lib/index.js:319:32), <anonymous>:22:77)\n    at Object.apply (/www/wwwroot/default/koishi/koishi-app/node_modules/@cordisjs/core/lib/index.cjs:171:28)\n    at next (/www/wwwroot/default/koishi/koishi-app/node_modules/@koishijs/core/lib/index.cjs:827:38)\n    at /www/wwwroot/default/koishi/koishi-app/node_modules/koishi-plugin-re-driftbottle/lib/index.js:1110:14\n    at Object.apply (/www/wwwroot/default/koishi/koishi-app/node_modules/@cordisjs/core/lib/index.cjs:171:28)\n    at next (/www/wwwroot/default/koishi/koishi-app/node_modules/@koishijs/core/lib/index.cjs:827:38)\n    at /www/wwwroot/default/koishi/koishi-app/node_modules/koishi-plugin-anti-space/lib/index.js:100:16\n    at Object.apply (/www/wwwroot/default/koishi/koishi-app/node_modules/@cordisjs/core/lib/index.cjs:171:28)\n    at next (/www/wwwroot/default/koishi/koishi-app/node_modules/@koishijs/core/lib/index.cjs:827:38)\n    at /www/wwwroot/default/koishi/koishi-app/node_modules/koishi-plugin-anti-space/lib/index.js:75:16","timestamp":1774408968851}
{"id":63536,"type":"warn","level":2,"name":"session","meta":{"paths":[]},"content":"娶群友\nTypeError: Cannot read properties of undefined (reading 'attrs')\n    at eval (eval at <anonymous> (/www/wwwroot/default/koishi/koishi-app/node_modules/koishi-plugin-blockly-null/lib/index.js:319:32), <anonymous>:22:77)\n    at Object.apply (/www/wwwroot/default/koishi/koishi-app/node_modules/@cordisjs/core/lib/index.cjs:171:28)\n    at next (/www/wwwroot/default/koishi/koishi-app/node_modules/@koishijs/core/lib/index.cjs:827:38)\n    at /www/wwwroot/default/koishi/koishi-app/node_modules/koishi-plugin-re-driftbottle/lib/index.js:1110:14\n    at Object.apply (/www/wwwroot/default/koishi/koishi-app/node_modules/@cordisjs/core/lib/index.cjs:171:28)\n    at next (/www/wwwroot/default/koishi/koishi-app/node_modules/@koishijs/core/lib/index.cjs:827:38)\n    at /www/wwwroot/default/koishi/koishi-app/node_modules/koishi-plugin-anti-space/lib/index.js:100:16\n    at Object.apply (/www/wwwroot/default/koishi/koishi-app/node_modules/@cordisjs/core/lib/index.cjs:171:28)\n    at next (/www/wwwroot/default/koishi/koishi-app/node_modules/@koishijs/core/lib/index.cjs:827:38)\n    at /www/wwwroot/default/koishi/koishi-app/node_modules/koishi-plugin-anti-space/lib/index.js:75:16","timestamp":1774408977475}
{"id":63567,"type":"warn","level":2,"name":"session","meta":{"paths":[]},"content":"娶群友\nTypeError: Cannot read properties of undefined (reading 'attrs')\n    at eval (eval at <anonymous> (/www/wwwroot/default/koishi/koishi-app/node_modules/koishi-plugin-blockly-null/lib/index.js:319:32), <anonymous>:22:77)\n    at Object.apply (/www/wwwroot/default/koishi/koishi-app/node_modules/@cordisjs/core/lib/index.cjs:171:28)\n    at next (/www/wwwroot/default/koishi/koishi-app/node_modules/@koishijs/core/lib/index.cjs:827:38)\n    at /www/wwwroot/default/koishi/koishi-app/node_modules/koishi-plugin-re-driftbottle/lib/index.js:1110:14\n    at Object.apply (/www/wwwroot/default/koishi/koishi-app/node_modules/@cordisjs/core/lib/index.cjs:171:28)\n    at next (/www/wwwroot/default/koishi/koishi-app/node_modules/@koishijs/core/lib/index.cjs:827:38)\n    at /www/wwwroot/default/koishi/koishi-app/node_modules/koishi-plugin-anti-space/lib/index.js:100:16\n    at Object.apply (/www/wwwroot/default/koishi/koishi-app/node_modules/@cordisjs/core/lib/index.cjs:171:28)\n    at next (/www/wwwroot/default/koishi/koishi-app/node_modules/@koishijs/core/lib/index.cjs:827:38)\n    at /www/wwwroot/default/koishi/koishi-app/node_modules/koishi-plugin-anti-space/lib/index.js:75:16","timestamp":1774408990108}
{"id":63598,"type":"info","level":2,"name":"关键词回复","meta":{"paths":["lp0hx8"]},"content":"已随机发送闸喃消息","timestamp":1774409004632}
{"id":63636,"type":"warn","level":2,"name":"session","meta":{"paths":[]},"content":"娶群友\nTypeError: Cannot read properties of undefined (reading 'attrs')\n    at eval (eval at <anonymous> (/www/wwwroot/default/koishi/koishi-app/node_modules/koishi-plugin-blockly-null/lib/index.js:319:32), <anonymous>:22:77)\n    at Object.apply (/www/wwwroot/default/koishi/koishi-app/node_modules/@cordisjs/core/lib/index.cjs:171:28)\n    at next (/www/wwwroot/default/koishi/koishi-app/node_modules/@koishijs/core/lib/index.cjs:827:38)\n    at /www/wwwroot/default/koishi/koishi-app/node_modules/koishi-plugin-re-driftbottle/lib/index.js:1110:14\n    at Object.apply (/www/wwwroot/default/koishi/koishi-app/node_modules/@cordisjs/core/lib/index.cjs:171:28)\n    at next (/www/wwwroot/default/koishi/koishi-app/node_modules/@koishijs/core/lib/index.cjs:827:38)\n    at /www/wwwroot/default/koishi/koishi-app/node_modules/koishi-plugin-anti-space/lib/index.js:100:16\n    at Object.apply (/www/wwwroot/default/koishi/koishi-app/node_modules/@cordisjs/core/lib/index.cjs:171:28)\n    at next (/www/wwwroot/default/koishi/koishi-app/node_modules/@koishijs/core/lib/index.cjs:827:38)\n    at /www/wwwroot/default/koishi/koishi-app/node_modules/koishi-plugin-anti-space/lib/index.js:75:16","timestamp":1774409027729}
{"id":63673,"type":"warn","level":2,"name":"session","meta":{"paths":[]},"content":"娶群友\nTypeError: Cannot read properties of undefined (reading 'attrs')\n    at eval (eval at <anonymous> (/www/wwwroot/default/koishi/koishi-app/node_modules/koishi-plugin-blockly-null/lib/index.js:319:32), <anonymous>:22:77)\n    at Object.apply (/www/wwwroot/default/koishi/koishi-app/node_modules/@cordisjs/core/lib/index.cjs:171:28)\n    at next (/www/wwwroot/default/koishi/koishi-app/node_modules/@koishijs/core/lib/index.cjs:827:38)\n    at /www/wwwroot/default/koishi/koishi-app/node_modules/koishi-plugin-re-driftbottle/lib/index.js:1110:14\n    at Object.apply (/www/wwwroot/default/koishi/koishi-app/node_modules/@cordisjs/core/lib/index.cjs:171:28)\n    at next (/www/wwwroot/default/koishi/koishi-app/node_modules/@koishijs/core/lib/index.cjs:827:38)\n    at /www/wwwroot/default/koishi/koishi-app/node_modules/koishi-plugin-anti-space/lib/index.js:100:16\n    at Object.apply (/www/wwwroot/default/koishi/koishi-app/node_modules/@cordisjs/core/lib/index.cjs:171:28)\n    at next (/www/wwwroot/default/koishi/koishi-app/node_modules/@koishijs/core/lib/index.cjs:827:38)\n    at /www/wwwroot/default/koishi/koishi-app/node_modules/koishi-plugin-anti-space/lib/index.js:75:16","timestamp":1774409038499}
{"id":63803,"type":"warn","level":2,"name":"session","meta":{"paths":[]},"content":"娶群友\nTypeError: Cannot read properties of undefined (reading 'attrs')\n    at eval (eval at <anonymous> (/www/wwwroot/default/koishi/koishi-app/node_modules/koishi-plugin-blockly-null/lib/index.js:319:32), <anonymous>:22:77)\n    at Object.apply (/www/wwwroot/default/koishi/koishi-app/node_modules/@cordisjs/core/lib/index.cjs:171:28)\n    at next (/www/wwwroot/default/koishi/koishi-app/node_modules/@koishijs/core/lib/index.cjs:827:38)\n    at /www/wwwroot/default/koishi/koishi-app/node_modules/koishi-plugin-re-driftbottle/lib/index.js:1110:14\n    at Object.apply (/www/wwwroot/default/koishi/koishi-app/node_modules/@cordisjs/core/lib/index.cjs:171:28)\n    at next (/www/wwwroot/default/koishi/koishi-app/node_modules/@koishijs/core/lib/index.cjs:827:38)\n    at /www/wwwroot/default/koishi/koishi-app/node_modules/koishi-plugin-anti-space/lib/index.js:100:16\n    at Object.apply (/www/wwwroot/default/koishi/koishi-app/node_modules/@cordisjs/core/lib/index.cjs:171:28)\n    at next (/www/wwwroot/default/koishi/koishi-app/node_modules/@koishijs/core/lib/index.cjs:827:38)\n    at /www/wwwroot/default/koishi/koishi-app/node_modules/koishi-plugin-anti-space/lib/index.js:75:16","timestamp":1774409123783}
{"id":63876,"type":"warn","level":2,"name":"session","meta":{"paths":[]},"content":"娶群友\nTypeError: Cannot read properties of undefined (reading 'attrs')\n    at eval (eval at <anonymous> (/www/wwwroot/default/koishi/koishi-app/node_modules/koishi-plugin-blockly-null/lib/index.js:319:32), <anonymous>:22:77)\n    at Object.apply (/www/wwwroot/default/koishi/koishi-app/node_modules/@cordisjs/core/lib/index.cjs:171:28)\n    at next (/www/wwwroot/default/koishi/koishi-app/node_modules/@koishijs/core/lib/index.cjs:827:38)\n    at /www/wwwroot/default/koishi/koishi-app/node_modules/koishi-plugin-re-driftbottle/lib/index.js:1110:14\n    at Object.apply (/www/wwwroot/default/koishi/koishi-app/node_modules/@cordisjs/core/lib/index.cjs:171:28)\n    at next (/www/wwwroot/default/koishi/koishi-app/node_modules/@koishijs/core/lib/index.cjs:827:38)\n    at /www/wwwroot/default/koishi/koishi-app/node_modules/koishi-plugin-anti-space/lib/index.js:100:16\n    at Object.apply (/www/wwwroot/default/koishi/koishi-app/node_modules/@cordisjs/core/lib/index.cjs:171:28)\n    at next (/www/wwwroot/default/koishi/koishi-app/node_modules/@koishijs/core/lib/index.cjs:827:38)\n    at /www/wwwroot/default/koishi/koishi-app/node_modules/koishi-plugin-anti-space/lib/index.js:75:16","timestamp":1774409202756}
{"id":64047,"type":"warn","level":2,"name":"session","meta":{"paths":[]},"content":"娶群友\nTypeError: Cannot read properties of undefined (reading 'attrs')\n    at eval (eval at <anonymous> (/www/wwwroot/default/koishi/koishi-app/node_modules/koishi-plugin-blockly-null/lib/index.js:319:32), <anonymous>:22:77)\n    at Object.apply (/www/wwwroot/default/koishi/koishi-app/node_modules/@cordisjs/core/lib/index.cjs:171:28)\n    at next (/www/wwwroot/default/koishi/koishi-app/node_modules/@koishijs/core/lib/index.cjs:827:38)\n    at /www/wwwroot/default/koishi/koishi-app/node_modules/koishi-plugin-re-driftbottle/lib/index.js:1110:14\n    at Object.apply (/www/wwwroot/default/koishi/koishi-app/node_modules/@cordisjs/core/lib/index.cjs:171:28)\n    at next (/www/wwwroot/default/koishi/koishi-app/node_modules/@koishijs/core/lib/index.cjs:827:38)\n    at /www/wwwroot/default/koishi/koishi-app/node_modules/koishi-plugin-anti-space/lib/index.js:100:16\n    at Object.apply (/www/wwwroot/default/koishi/koishi-app/node_modules/@cordisjs/core/lib/index.cjs:171:28)\n    at next (/www/wwwroot/default/koishi/koishi-app/node_modules/@koishijs/core/lib/index.cjs:827:38)\n    at /www/wwwroot/default/koishi/koishi-app/node_modules/koishi-plugin-anti-space/lib/index.js:75:16","timestamp":1774409510024}
{"id":64355,"type":"info","level":2,"name":"关键词回复","meta":{"paths":["lp0hx8"]},"content":"已随机发送哈基月消息","timestamp":1774409756621}
{"id":64376,"type":"info","level":2,"name":"关键词回复","meta":{"paths":["lp0hx8"]},"content":"已随机发送闸喃消息","timestamp":1774409758774}
{"id":64504,"type":"info","level":2,"name":"关键词回复","meta":{"paths":["lp0hx8"]},"content":"已随机发送哈基月消息","timestamp":1774409839231}
{"id":65832,"type":"info","level":2,"name":"关键词回复","meta":{"paths":["lp0hx8"]},"content":"已随机发送闸喃消息","timestamp":1774410993412}
{"id":65907,"type":"info","level":2,"name":"关键词回复","meta":{"paths":["lp0hx8"]},"content":"已随机发送闸喃消息","timestamp":1774411032755}
{"id":65937,"type":"info","level":2,"name":"关键词回复","meta":{"paths":["lp0hx8"]},"content":"已随机发送闸喃消息","timestamp":1774411056499}
{"id":66748,"type":"info","level":2,"name":"关键词回复","meta":{"paths":["lp0hx8"]},"content":"已随机发送哈基月消息","timestamp":1774411677988}
{"id":67468,"type":"info","level":2,"name":"关键词回复","meta":{"paths":["lp0hx8"]},"content":"已随机发送闸喃消息","timestamp":1774412405924}
{"id":69573,"type":"info","level":2,"name":"关键词回复","meta":{"paths":["lp0hx8"]},"content":"已随机发送哈基月消息","timestamp":1774413555907}
{"id":70324,"type":"info","level":2,"name":"关键词回复","meta":{"paths":["lp0hx8"]},"content":"已随机发送哈基月消息","timestamp":1774414405783}
{"id":71101,"type":"info","level":2,"name":"关键词回复","meta":{"paths":["lp0hx8"]},"content":"已随机发送闸喃消息","timestamp":1774414903906}
{"id":74295,"type":"info","level":2,"name":"关键词回复","meta":{"paths":["lp0hx8"]},"content":"已随机发送哈基月消息","timestamp":1774419647795}
{"id":74342,"type":"info","level":2,"name":"关键词回复","meta":{"paths":["lp0hx8"]},"content":"已随机发送哈基月消息","timestamp":1774419681831}
{"id":74588,"type":"info","level":2,"name":"绑定id","meta":{"paths":["lp0hx8"]},"content":"用户1369814255绑定了twid：7215866296481733377","timestamp":1774419995579}
{"id":74665,"type":"info","level":2,"name":"关键词回复","meta":{"paths":["lp0hx8"]},"content":"已随机发送闸喃消息","timestamp":1774420144943}
{"id":76323,"type":"info","level":2,"name":"关键词回复","meta":{"paths":["lp0hx8"]},"content":"已随机发送哈基月消息","timestamp":1774423662957}
{"id":76519,"type":"info","level":2,"name":"关键词回复","meta":{"paths":["lp0hx8"]},"content":"已随机发送闸喃消息","timestamp":1774423903218}
{"id":76624,"type":"info","level":2,"name":"关键词回复","meta":{"paths":["lp0hx8"]},"content":"已随机发送哈基月消息","timestamp":1774423989761}
{"id":76704,"type":"info","level":2,"name":"关键词回复","meta":{"paths":["lp0hx8"]},"content":"已随机发送闸喃消息","timestamp":1774424092277}
{"id":77506,"type":"info","level":2,"name":"关键词回复","meta":{"paths":["lp0hx8"]},"content":"已随机发送哈基月消息","timestamp":1774425763831}
{"id":77574,"type":"info","level":2,"name":"关键词回复","meta":{"paths":["lp0hx8"]},"content":"已随机发送闸喃消息","timestamp":1774426023629}
{"id":77728,"type":"info","level":2,"name":"关键词回复","meta":{"paths":["lp0hx8"]},"content":"已随机发送哈基月消息","timestamp":1774426224689}
{"id":78014,"type":"info","level":2,"name":"关键词回复","meta":{"paths":["lp0hx8"]},"content":"已随机发送哈基月消息","timestamp":1774426608174}
{"id":78281,"type":"info","level":2,"name":"关键词回复","meta":{"paths":["lp0hx8"]},"content":"已随机发送哈基月消息","timestamp":1774427407417}
{"id":78591,"type":"info","level":2,"name":"关键词回复","meta":{"paths":["lp0hx8"]},"content":"已随机发送哈基月消息","timestamp":1774427687461}
{"id":78869,"type":"info","level":2,"name":"关键词回复","meta":{"paths":["lp0hx8"]},"content":"已随机发送哈基月消息","timestamp":1774427883306}
{"id":78922,"type":"info","level":2,"name":"关键词回复","meta":{"paths":["lp0hx8"]},"content":"已随机发送哈基月消息","timestamp":1774427910120}
{"id":79026,"type":"info","level":2,"name":"关键词回复","meta":{"paths":["lp0hx8"]},"content":"已随机发送哈基月消息","timestamp":1774427963923}
{"id":79042,"type":"info","level":2,"name":"关键词回复","meta":{"paths":["lp0hx8"]},"content":"已随机发送哈基月消息","timestamp":1774427985411}
{"id":79087,"type":"info","level":2,"name":"关键词回复","meta":{"paths":["lp0hx8"]},"content":"已随机发送哈基月消息","timestamp":1774428001047}
{"id":80241,"type":"info","level":2,"name":"关键词回复","meta":{"paths":["lp0hx8"]},"content":"已随机发送哈基月消息","timestamp":1774429996992}
{"id":80394,"type":"info","level":2,"name":"关键词回复","meta":{"paths":["lp0hx8"]},"content":"已随机发送哈基月消息","timestamp":1774430130245}
{"id":81150,"type":"info","level":2,"name":"关键词回复","meta":{"paths":["lp0hx8"]},"content":"已随机发送哈基月消息","timestamp":1774430861508}
{"id":81370,"type":"info","level":2,"name":"关键词回复","meta":{"paths":["lp0hx8"]},"content":"已随机发送哈基月消息","timestamp":1774431007822}
{"id":81503,"type":"info","level":2,"name":"关键词回复","meta":{"paths":["lp0hx8"]},"content":"已随机发送哈基月消息","timestamp":1774431071942}
{"id":81897,"type":"info","level":2,"name":"blockly","meta":{"paths":["lp0hx8"]},"content":"Loading 4 plugin(s)","timestamp":1774431341899}
{"id":81898,"type":"info","level":2,"name":"blockly","meta":{"paths":["lp0hx8"]},"content":"Loaded 4 plugin(s)","timestamp":1774431341956}
{"id":82068,"type":"info","level":2,"name":"blockly","meta":{"paths":["lp0hx8"]},"content":"Loading 4 plugin(s)","timestamp":1774431408379}
{"id":82069,"type":"info","level":2,"name":"blockly","meta":{"paths":["lp0hx8"]},"content":"Loaded 4 plugin(s)","timestamp":1774431408443}
{"id":84227,"type":"info","level":2,"name":"关键词回复","meta":{"paths":["lp0hx8"]},"content":"已随机发送哈基月消息","timestamp":1774433414334}
{"id":84996,"type":"info","level":2,"name":"关键词回复","meta":{"paths":["lp0hx8"]},"content":"已随机发送闸喃消息","timestamp":1774434194398}
{"id":86280,"type":"info","level":2,"name":"关键词回复","meta":{"paths":["lp0hx8"]},"content":"已随机发送哈基月消息","timestamp":1774435474058}
{"id":86678,"type":"info","level":2,"name":"关键词回复","meta":{"paths":["lp0hx8"]},"content":"已随机发送哈基月消息","timestamp":1774435901647}
{"id":87587,"type":"info","level":2,"name":"关键词回复","meta":{"paths":["lp0hx8"]},"content":"已随机发送哈基月消息","timestamp":1774436536304}
{"id":91676,"type":"info","level":2,"name":"关键词回复","meta":{"paths":["lp0hx8"]},"content":"已随机发送哈基月消息","timestamp":1774438888628}
{"id":92868,"type":"info","level":2,"name":"关键词回复","meta":{"paths":["lp0hx8"]},"content":"已随机发送哈基月消息","timestamp":1774439717481}
{"id":93251,"type":"info","level":2,"name":"关键词回复","meta":{"paths":["lp0hx8"]},"content":"已随机发送哈基月消息","timestamp":1774439943490}
{"id":93291,"type":"info","level":2,"name":"关键词回复","meta":{"paths":["lp0hx8"]},"content":"已随机发送哈基月消息","timestamp":1774439993514}
{"id":93560,"type":"info","level":2,"name":"关键词回复","meta":{"paths":["lp0hx8"]},"content":"已随机发送哈基月消息","timestamp":1774440191207}
{"id":94020,"type":"info","level":2,"name":"关键词回复","meta":{"paths":["lp0hx8"]},"content":"已随机发送闸喃消息","timestamp":1774440497547}
{"id":94350,"type":"info","level":2,"name":"关键词回复","meta":{"paths":["lp0hx8"]},"content":"已随机发送哈基月消息","timestamp":1774440720385}
{"id":94683,"type":"info","level":2,"name":"关键词回复","meta":{"paths":["lp0hx8"]},"content":"已随机发送哈基月消息","timestamp":1774440947502}
{"id":95382,"type":"info","level":2,"name":"关键词回复","meta":{"paths":["lp0hx8"]},"content":"已随机发送闸喃消息","timestamp":1774441225722}
{"id":95635,"type":"info","level":2,"name":"关键词回复","meta":{"paths":["lp0hx8"]},"content":"已随机发送哈基月消息","timestamp":1774441475969}
{"id":95712,"type":"info","level":2,"name":"关键词回复","meta":{"paths":["lp0hx8"]},"content":"已随机发送哈基月消息","timestamp":1774441525993}
{"id":95879,"type":"info","level":2,"name":"关键词回复","meta":{"paths":["lp0hx8"]},"content":"已随机发送哈基月消息","timestamp":1774441653899}
{"id":98548,"type":"info","level":2,"name":"关键词回复","meta":{"paths":["lp0hx8"]},"content":"已随机发送哈基月消息","timestamp":1774444153912}
{"id":98695,"type":"info","level":2,"name":"关键词回复","meta":{"paths":["lp0hx8"]},"content":"已随机发送闸喃消息","timestamp":1774444213726}
{"id":99853,"type":"info","level":2,"name":"关键词回复","meta":{"paths":["lp0hx8"]},"content":"已随机发送哈基月消息","timestamp":1774444787891}
{"id":99895,"type":"info","level":2,"name":"关键词回复","meta":{"paths":["lp0hx8"]},"content":"已随机发送哈基月消息","timestamp":1774444811506}
{"id":101334,"type":"info","level":2,"name":"关键词回复","meta":{"paths":["lp0hx8"]},"content":"已随机发送闸喃消息","timestamp":1774445437373}
{"id":102059,"type":"info","level":2,"name":"关键词回复","meta":{"paths":["lp0hx8"]},"content":"已随机发送闸喃消息","timestamp":1774445735880}
{"id":103467,"type":"info","level":2,"name":"关键词回复","meta":{"paths":["lp0hx8"]},"content":"已随机发送闸喃消息","timestamp":1774446442597}
{"id":103669,"type":"info","level":2,"name":"关键词回复","meta":{"paths":["lp0hx8"]},"content":"已随机发送闸喃消息","timestamp":1774446529899}
{"id":103696,"type":"info","level":2,"name":"关键词回复","meta":{"paths":["lp0hx8"]},"content":"已随机发送闸喃消息","timestamp":1774446535632}
{"id":105303,"type":"info","level":2,"name":"关键词回复","meta":{"paths":["lp0hx8"]},"content":"已随机发送闸喃消息","timestamp":1774447125937}
{"id":105472,"type":"info","level":2,"name":"关键词回复","meta":{"paths":["lp0hx8"]},"content":"已随机发送闸喃消息","timestamp":1774447194254}
{"id":106871,"type":"info","level":2,"name":"绑定id","meta":{"paths":["lp0hx8"]},"content":"用户3599656360绑定了cnid：7519191658425359143","timestamp":1774447751903}
{"id":109623,"type":"info","level":2,"name":"关键词回复","meta":{"paths":["lp0hx8"]},"content":"已随机发送哈基月消息","timestamp":1774448832582}
{"id":109777,"type":"warn","level":2,"name":"re-driftbottle","meta":{},"content":"257号漂流瓶发送失败（已重试0/5次，将在500ms后重试）：Error: Error with request send_group_forward_msg, args: {\"group_id\":682255155,\"messages\":[{\"type\":\"node\",\"data\":{\"uin\":\"3678233304\",\"content\":[{\"type\":\"text\",\"data\":{\"text\":\"你捞到了257号漂流瓶，来自“Kanade”！\\n标题：\\n日期：2026年3月25日\"}}],\"time\":\"1774448900\"}},{\"type\":\"node\",\"data\":{\"name\":\"Kanade\",\"uin\":\"1469078804\",\"content\":[{\"type\":\"at\",\"data\":{\"qq\":\"3986092865\",\"name\":\"E.V.A.\"}},{\"type\":\"text\",\"data\":{\"text\":\" 唱到高潮高潮了\"}}],\"time\":\"1774448900\"}}]}, retcode: 1200","timestamp":1774448901244}
{"id":109782,"type":"warn","level":2,"name":"re-driftbottle","meta":{},"content":"257号漂流瓶发送失败（已重试1/5次，将在500ms后重试）：Error: Error with request send_group_forward_msg, args: {\"group_id\":682255155,\"messages\":[{\"type\":\"node\",\"data\":{\"uin\":\"3678233304\",\"content\":[{\"type\":\"text\",\"data\":{\"text\":\"你捞到了257号漂流瓶，来自“Kanade”！\\n标题：\\n日期：2026年3月25日\"}}],\"time\":\"1774448901\"}},{\"type\":\"node\",\"data\":{\"name\":\"Kanade\",\"uin\":\"1469078804\",\"content\":[{\"type\":\"at\",\"data\":{\"qq\":\"3986092865\",\"name\":\"E.V.A.\"}},{\"type\":\"text\",\"data\":{\"text\":\" 唱到高潮高潮了\"}}],\"time\":\"1774448901\"}}]}, retcode: 1200","timestamp":1774448902069}
{"id":109787,"type":"warn","level":2,"name":"re-driftbottle","meta":{},"content":"257号漂流瓶发送失败（已重试2/5次，将在500ms后重试）：Error: Error with request send_group_forward_msg, args: {\"group_id\":682255155,\"messages\":[{\"type\":\"node\",\"data\":{\"uin\":\"3678233304\",\"content\":[{\"type\":\"text\",\"data\":{\"text\":\"你捞到了257号漂流瓶，来自“Kanade”！\\n标题：\\n日期：2026年3月25日\"}}],\"time\":\"1774448902\"}},{\"type\":\"node\",\"data\":{\"name\":\"Kanade\",\"uin\":\"1469078804\",\"content\":[{\"type\":\"at\",\"data\":{\"qq\":\"3986092865\",\"name\":\"E.V.A.\"}},{\"type\":\"text\",\"data\":{\"text\":\" 唱到高潮高潮了\"}}],\"time\":\"1774448902\"}}]}, retcode: 1200","timestamp":1774448902856}
{"id":109798,"type":"warn","level":2,"name":"re-driftbottle","meta":{},"content":"257号漂流瓶发送失败（已重试3/5次，将在500ms后重试）：Error: Error with request send_group_forward_msg, args: {\"group_id\":682255155,\"messages\":[{\"type\":\"node\",\"data\":{\"uin\":\"3678233304\",\"content\":[{\"type\":\"text\",\"data\":{\"text\":\"你捞到了257号漂流瓶，来自“Kanade”！\\n标题：\\n日期：2026年3月25日\"}}],\"time\":\"1774448903\"}},{\"type\":\"node\",\"data\":{\"name\":\"Kanade\",\"uin\":\"1469078804\",\"content\":[{\"type\":\"at\",\"data\":{\"qq\":\"3986092865\",\"name\":\"E.V.A.\"}},{\"type\":\"text\",\"data\":{\"text\":\" 唱到高潮高潮了\"}}],\"time\":\"1774448903\"}}]}, retcode: 1200","timestamp":1774448903763}
{"id":109803,"type":"warn","level":2,"name":"re-driftbottle","meta":{},"content":"257号漂流瓶发送失败（已重试4/5次，将在500ms后重试）：Error: Error with request send_group_forward_msg, args: {\"group_id\":682255155,\"messages\":[{\"type\":\"node\",\"data\":{\"uin\":\"3678233304\",\"content\":[{\"type\":\"text\",\"data\":{\"text\":\"你捞到了257号漂流瓶，来自“Kanade”！\\n标题：\\n日期：2026年3月25日\"}}],\"time\":\"1774448904\"}},{\"type\":\"node\",\"data\":{\"name\":\"Kanade\",\"uin\":\"1469078804\",\"content\":[{\"type\":\"at\",\"data\":{\"qq\":\"3986092865\",\"name\":\"E.V.A.\"}},{\"type\":\"text\",\"data\":{\"text\":\" 唱到高潮高潮了\"}}],\"time\":\"1774448904\"}}]}, retcode: 1200","timestamp":1774448904552}
{"id":109808,"type":"warn","level":2,"name":"re-driftbottle","meta":{},"content":"257号漂流瓶发送失败（已重试5次）：Error: Error with request send_group_forward_msg, args: {\"group_id\":682255155,\"messages\":[{\"type\":\"node\",\"data\":{\"uin\":\"3678233304\",\"content\":[{\"type\":\"text\",\"data\":{\"text\":\"你捞到了257号漂流瓶，来自“Kanade”！\\n标题：\\n日期：2026年3月25日\"}}],\"time\":\"1774448905\"}},{\"type\":\"node\",\"data\":{\"name\":\"Kanade\",\"uin\":\"1469078804\",\"content\":[{\"type\":\"at\",\"data\":{\"qq\":\"3986092865\",\"name\":\"E.V.A.\"}},{\"type\":\"text\",\"data\":{\"text\":\" 唱到高潮高潮了\"}}],\"time\":\"1774448905\"}}]}, retcode: 1200","timestamp":1774448905341}
{"id":110819,"type":"info","level":2,"name":"关键词回复","meta":{"paths":["lp0hx8"]},"content":"已随机发送哈基月消息","timestamp":1774449722103}
{"id":115244,"type":"info","level":2,"name":"绑定id","meta":{"paths":["lp0hx8"]},"content":"用户3527947813绑定了cnid：7486688285201455910","timestamp":1774452730082}
{"id":115539,"type":"info","level":2,"name":"关键词回复","meta":{"paths":["lp0hx8"]},"content":"已随机发送闸喃消息","timestamp":1774452867669}
{"id":115744,"type":"info","level":2,"name":"关键词回复","meta":{"paths":["lp0hx8"]},"content":"已随机发送哈基月消息","timestamp":1774452939577}
{"id":116145,"type":"info","level":2,"name":"关键词回复","meta":{"paths":["lp0hx8"]},"content":"已随机发送哈基月消息","timestamp":1774453099034}
{"id":116990,"type":"info","level":2,"name":"绑定id","meta":{"paths":["lp0hx8"]},"content":"用户3527947813绑定了cnid：7486688285201455910","timestamp":1774453504742}
{"id":117993,"type":"info","level":2,"name":"关键词回复","meta":{"paths":["lp0hx8"]},"content":"已随机发送哈基月消息","timestamp":1774453786806}
{"id":118086,"type":"info","level":2,"name":"关键词回复","meta":{"paths":["lp0hx8"]},"content":"已随机发送哈基月消息","timestamp":1774453799247}
{"id":118121,"type":"info","level":2,"name":"关键词回复","meta":{"paths":["lp0hx8"]},"content":"已随机发送闸喃消息","timestamp":1774453804178}
{"id":118219,"type":"info","level":2,"name":"关键词回复","meta":{"paths":["lp0hx8"]},"content":"已随机发送哈基月消息","timestamp":1774453830217}
{"id":119366,"type":"info","level":2,"name":"关键词回复","meta":{"paths":["lp0hx8"]},"content":"已随机发送哈基月消息","timestamp":1774454076455}
{"id":121041,"type":"success","level":1,"name":"签到","meta":{"paths":["lp0hx8"]},"content":"2250804603完成了一次签到！","timestamp":1774454492897}
{"id":121815,"type":"info","level":2,"name":"关键词回复","meta":{"paths":["lp0hx8"]},"content":"已随机发送哈基月消息","timestamp":1774454830104}
{"id":122036,"type":"info","level":2,"name":"关键词回复","meta":{"paths":["lp0hx8"]},"content":"已随机发送哈基月消息","timestamp":1774455071337}
{"id":122410,"type":"info","level":2,"name":"关键词回复","meta":{"paths":["lp0hx8"]},"content":"已随机发送哈基月消息","timestamp":1774455397965}
{"id":122612,"type":"info","level":2,"name":"关键词回复","meta":{"paths":["lp0hx8"]},"content":"已随机发送哈基月消息","timestamp":1774455515150}
{"id":122950,"type":"info","level":2,"name":"关键词回复","meta":{"paths":["lp0hx8"]},"content":"已随机发送哈基月消息","timestamp":1774455745974}
{"id":123381,"type":"info","level":2,"name":"关键词回复","meta":{"paths":["lp0hx8"]},"content":"已随机发送哈基月消息","timestamp":1774455985286}
{"id":124785,"type":"info","level":2,"name":"关键词回复","meta":{"paths":["lp0hx8"]},"content":"已随机发送哈基月消息","timestamp":1774456422617}
{"id":125511,"type":"success","level":1,"name":"签到","meta":{"paths":["lp0hx8"]},"content":"3663735613完成了一次签到！","timestamp":1774456687232}
{"id":126138,"type":"info","level":2,"name":"关键词回复","meta":{"paths":["lp0hx8"]},"content":"已随机发送哈基月消息","timestamp":1774456919349}
{"id":126224,"type":"info","level":2,"name":"关键词回复","meta":{"paths":["lp0hx8"]},"content":"已随机发送哈基月消息","timestamp":1774456957736}
{"id":126446,"type":"info","level":2,"name":"关键词回复","meta":{"paths":["lp0hx8"]},"content":"已随机发送哈基月消息","timestamp":1774457048836}
{"id":127302,"type":"info","level":2,"name":"关键词回复","meta":{"paths":["lp0hx8"]},"content":"已随机发送哈基月消息","timestamp":1774457662095}
{"id":128414,"type":"error","level":1,"name":"绑定id","meta":{"paths":["lp0hx8"]},"content":"1550318633输入错误id：7615565512545983285，id过短","timestamp":1774458638209}
{"id":129307,"type":"info","level":2,"name":"关键词回复","meta":{"paths":["lp0hx8"]},"content":"已随机发送哈基月消息","timestamp":1774459566033}
{"id":129435,"type":"info","level":2,"name":"关键词回复","meta":{"paths":["lp0hx8"]},"content":"已随机发送哈基月消息","timestamp":1774459644793}
{"id":130426,"type":"info","level":2,"name":"关键词回复","meta":{"paths":["lp0hx8"]},"content":"已随机发送哈基月消息","timestamp":1774461572402}
{"id":132179,"type":"success","level":1,"name":"签到","meta":{"paths":["lp0hx8"]},"content":"771353605完成了一次签到！","timestamp":1774478334464}
{"id":132258,"type":"success","level":1,"name":"签到","meta":{"paths":["lp0hx8"]},"content":"1449679792完成了一次签到！","timestamp":1774478729350}
{"id":132482,"type":"success","level":1,"name":"签到","meta":{"paths":["lp0hx8"]},"content":"1723814703完成了一次签到！","timestamp":1774480462172}
{"id":133004,"type":"info","level":2,"name":"关键词回复","meta":{"paths":["lp0hx8"]},"content":"已随机发送哈基月消息","timestamp":1774482862979}
