{"id":1,"type":"info","level":2,"name":"app","meta":{},"content":"\u001b[38;5;15;1mKoishi/4.18.10\u001b[0m","timestamp":1774280411435}
{"id":2,"type":"info","level":2,"name":"loader","meta":{"paths":[]},"content":"apply plugin \u001b[38;5;45mgroup:entry\u001b[0m","timestamp":1774280411506}
{"id":3,"type":"info","level":2,"name":"loader","meta":{"paths":[]},"content":"apply plugin \u001b[38;5;45mgroup:server\u001b[0m","timestamp":1774280411507}
{"id":4,"type":"info","level":2,"name":"loader","meta":{"paths":[]},"content":"apply plugin \u001b[38;5;45mserver:iyvqw3\u001b[0m","timestamp":1774280411507}
{"id":5,"type":"info","level":2,"name":"loader","meta":{"paths":[]},"content":"apply plugin \u001b[38;5;45mgroup:basic\u001b[0m","timestamp":1774280411852}
{"id":6,"type":"info","level":2,"name":"loader","meta":{"paths":[]},"content":"apply plugin \u001b[38;5;45madmin:yfr8w8\u001b[0m","timestamp":1774280411855}
{"id":7,"type":"info","level":2,"name":"loader","meta":{"paths":[]},"content":"apply plugin \u001b[38;5;45mcommands:liuq4c\u001b[0m","timestamp":1774280411860}
{"id":8,"type":"info","level":2,"name":"loader","meta":{"paths":[]},"content":"apply plugin \u001b[38;5;45mhelp:fakvkp\u001b[0m","timestamp":1774280411866}
{"id":9,"type":"info","level":2,"name":"loader","meta":{"paths":[]},"content":"apply plugin \u001b[38;5;45mhttp:7ka2ck\u001b[0m","timestamp":1774280411872}
{"id":10,"type":"info","level":2,"name":"loader","meta":{"paths":[]},"content":"apply plugin \u001b[38;5;45mlocales:dhqsqe\u001b[0m","timestamp":1774280411878}
{"id":11,"type":"info","level":2,"name":"loader","meta":{"paths":[]},"content":"apply plugin \u001b[38;5;45mproxy-agent:594rku\u001b[0m","timestamp":1774280411884}
{"id":12,"type":"info","level":2,"name":"loader","meta":{"paths":[]},"content":"apply plugin \u001b[38;5;45mrate-limit:jeszun\u001b[0m","timestamp":1774280412044}
{"id":13,"type":"info","level":2,"name":"loader","meta":{"paths":[]},"content":"apply plugin \u001b[38;5;45mtelemetry:eob9t0\u001b[0m","timestamp":1774280412048}
{"id":14,"type":"info","level":2,"name":"loader","meta":{"paths":[]},"content":"apply plugin \u001b[38;5;45mgroup:console\u001b[0m","timestamp":1774280412063}
{"id":15,"type":"info","level":2,"name":"loader","meta":{"paths":[]},"content":"apply plugin \u001b[38;5;45mactions:2y6lej\u001b[0m","timestamp":1774280412064}
{"id":16,"type":"info","level":2,"name":"loader","meta":{"paths":[]},"content":"apply plugin \u001b[38;5;45manalytics:wynivs\u001b[0m","timestamp":1774280412066}
{"id":17,"type":"info","level":2,"name":"loader","meta":{"paths":[]},"content":"apply plugin \u001b[38;5;45mauth:c9brgm\u001b[0m","timestamp":1774280412069}
{"id":18,"type":"info","level":2,"name":"loader","meta":{"paths":[]},"content":"apply plugin \u001b[38;5;45mconfig:ez1tt3\u001b[0m","timestamp":1774280412074}
{"id":19,"type":"info","level":2,"name":"loader","meta":{"paths":[]},"content":"apply plugin \u001b[38;5;45mconsole:y6kw4v\u001b[0m","timestamp":1774280412112}
{"id":20,"type":"info","level":2,"name":"loader","meta":{"paths":[]},"content":"apply plugin \u001b[38;5;45mdataview:kh0qqb\u001b[0m","timestamp":1774280412128}
{"id":21,"type":"info","level":2,"name":"loader","meta":{"paths":[]},"content":"apply plugin \u001b[38;5;45mlogger:3oafoi\u001b[0m","timestamp":1774280412131}
{"id":22,"type":"info","level":2,"name":"loader","meta":{"paths":[]},"content":"apply plugin \u001b[38;5;45mmarket:rb9ss1\u001b[0m","timestamp":1774280412134}
{"id":23,"type":"info","level":2,"name":"loader","meta":{"paths":[]},"content":"apply plugin \u001b[38;5;45mnotifier:hqhrom\u001b[0m","timestamp":1774280412179}
{"id":24,"type":"info","level":2,"name":"loader","meta":{"paths":[]},"content":"apply plugin \u001b[38;5;45moobe:gedmxh\u001b[0m","timestamp":1774280412196}
{"id":25,"type":"info","level":2,"name":"loader","meta":{"paths":[]},"content":"apply plugin \u001b[38;5;45mstatus:rjhdf0\u001b[0m","timestamp":1774280412199}
{"id":26,"type":"info","level":2,"name":"loader","meta":{"paths":[]},"content":"apply plugin \u001b[38;5;45mtheme-vanilla:xph3ej\u001b[0m","timestamp":1774280412248}
{"id":27,"type":"info","level":2,"name":"loader","meta":{"paths":[]},"content":"apply plugin \u001b[38;5;45mgroup:storage\u001b[0m","timestamp":1774280412251}
{"id":28,"type":"info","level":2,"name":"loader","meta":{"paths":[]},"content":"apply plugin \u001b[38;5;45mdatabase-sqlite:trh0pf\u001b[0m","timestamp":1774280412251}
{"id":29,"type":"info","level":2,"name":"loader","meta":{"paths":[]},"content":"apply plugin \u001b[38;5;45massets-local:ffai0c\u001b[0m","timestamp":1774280412265}
{"id":30,"type":"info","level":2,"name":"loader","meta":{"paths":[]},"content":"apply plugin \u001b[38;5;45mgroup:adapter\u001b[0m","timestamp":1774280412269}
{"id":31,"type":"info","level":2,"name":"loader","meta":{"paths":[]},"content":"apply plugin \u001b[38;5;45manti-space:fk2qty\u001b[0m","timestamp":1774280412270}
{"id":32,"type":"info","level":2,"name":"loader","meta":{"paths":[]},"content":"apply plugin \u001b[38;5;45mblockly-null:lp0hx8\u001b[0m","timestamp":1774280412272}
{"id":33,"type":"info","level":2,"name":"loader","meta":{"paths":[]},"content":"apply plugin \u001b[38;5;45mpuppeteer:noenkr\u001b[0m","timestamp":1774280412283}
{"id":34,"type":"info","level":2,"name":"loader","meta":{"paths":[]},"content":"apply plugin \u001b[38;5;45madapter-onebot:wqmw9x\u001b[0m","timestamp":1774280412477}
{"id":35,"type":"info","level":2,"name":"loader","meta":{"paths":[]},"content":"apply plugin \u001b[38;5;45mmenu:mulwf1\u001b[0m","timestamp":1774280412486}
{"id":36,"type":"info","level":2,"name":"loader","meta":{"paths":[]},"content":"apply plugin \u001b[38;5;45mrizgame-guess-letters:2xa68a\u001b[0m","timestamp":1774280412490}
{"id":37,"type":"info","level":2,"name":"loader","meta":{"paths":[]},"content":"apply plugin \u001b[38;5;45msayo-roll:oibvy4\u001b[0m","timestamp":1774280412492}
{"id":38,"type":"info","level":2,"name":"loader","meta":{"paths":[]},"content":"apply plugin \u001b[38;5;45mre-driftbottle:ptodv9\u001b[0m","timestamp":1774280412494}
{"id":39,"type":"info","level":2,"name":"loader","meta":{"paths":[]},"content":"apply plugin \u001b[38;5;45mkeyword-blocker:1b1278\u001b[0m","timestamp":1774280412511}
{"id":40,"type":"info","level":2,"name":"loader","meta":{"paths":[]},"content":"apply plugin \u001b[38;5;45mlunatic:22bd3m\u001b[0m","timestamp":1774280412515}
{"id":41,"type":"info","level":2,"name":"loader","meta":{"paths":[]},"content":"apply plugin \u001b[38;5;45mawa-mc-ament:rwr33m\u001b[0m","timestamp":1774280412517}
{"id":42,"type":"info","level":2,"name":"loader","meta":{"paths":[]},"content":"apply plugin \u001b[38;5;45mmc-tools:h22llh\u001b[0m","timestamp":1774280412522}
{"id":43,"type":"info","level":2,"name":"assets","meta":{"paths":["ffai0c"]},"content":"missing config \"selfUrl\", fallback to \"file:\" scheme","timestamp":1774280412676}
{"id":44,"type":"info","level":2,"name":"rizgame-guess-letters","meta":{},"content":"plugin register finish.","timestamp":1774280412707}
{"id":45,"type":"info","level":2,"name":"puppeteer","meta":{"paths":["noenkr"]},"content":"chrome executable found at \u001b[38;5;201m/usr/bin/google-chrome-stable\u001b[0m","timestamp":1774280412901}
{"id":46,"type":"info","level":2,"name":"server","meta":{"paths":["iyvqw3"]},"content":"server listening at \u001b[38;5;57mhttp://0.0.0.0:5140\u001b[0m","timestamp":1774280412947}
{"id":47,"type":"info","level":2,"name":"console","meta":{"paths":["y6kw4v"]},"content":"webui is available at \u001b[38;5;166mhttp://127.0.0.1:5140\u001b[0m","timestamp":1774280412948}
{"id":48,"type":"info","level":2,"name":"auth","meta":{"paths":["c9brgm"]},"content":"creating admin account","timestamp":1774280413108}
{"id":82,"type":"info","level":2,"name":"blockly","meta":{"paths":["lp0hx8"]},"content":"Loading 4 plugin(s)","timestamp":1774280413489}
{"id":83,"type":"info","level":2,"name":"blockly","meta":{"paths":["lp0hx8"]},"content":"Loaded 4 plugin(s)","timestamp":1774280413559}
{"id":191,"type":"success","level":1,"name":"签到","meta":{"paths":["lp0hx8"]},"content":"29053789完成了一次签到！","timestamp":1774280642767}
{"id":827,"type":"success","level":1,"name":"签到","meta":{"paths":["lp0hx8"]},"content":"1559901047完成了一次签到！","timestamp":1774281722922}
{"id":855,"type":"error","level":1,"name":"签到","meta":{"paths":["lp0hx8"]},"content":"1559901047签到失败！原因：该用户已经签到","timestamp":1774281737275}
{"id":1441,"type":"warn","level":2,"name":"app","meta":{"paths":["2xa68a"]},"content":"Error: property database is not registered, declare it as `inject` to suppress this warning\n    at _Command.<anonymous> (/www/wwwroot/default/koishi/koishi-app/node_modules/koishi-plugin-rizgame-guess-letters/lib/index.js:125:32)\n    at Array.<anonymous> (/www/wwwroot/default/koishi/koishi-app/node_modules/@koishijs/core/lib/index.cjs:1079:27)\n    at argv.next (/www/wwwroot/default/koishi/koishi-app/node_modules/@koishijs/core/lib/index.cjs:1090:30)\n    at _Command.execute (/www/wwwroot/default/koishi/koishi-app/node_modules/@koishijs/core/lib/index.cjs:1093:33)\n    at process.processTicksAndRejections (node:internal/process/task_queues:103:5)\n    at async /www/wwwroot/default/koishi/koishi-app/node_modules/@koishijs/core/lib/index.cjs:2049:22\n    at async Proxy.withScope (/www/wwwroot/default/koishi/koishi-app/node_modules/@koishijs/core/lib/index.cjs:1958:22)\n    at async next (/www/wwwroot/default/koishi/koishi-app/node_modules/@koishijs/core/lib/index.cjs:827:16)\n    at async next (/www/wwwroot/default/koishi/koishi-app/node_modules/@koishijs/core/lib/index.cjs:827:16)","timestamp":1774282293407}
{"id":1799,"type":"warn","level":2,"name":"re-driftbottle","meta":{},"content":"114号漂流瓶发送失败（已重试0/5次，将在500ms后重试）：Error: Error with request send_group_forward_msg, args: {\"group_id\":682255155,\"messages\":[{\"type\":\"node\",\"data\":{\"uin\":\"3678233304\",\"content\":[{\"type\":\"text\",\"data\":{\"text\":\"你捞到了114号漂流瓶，来自“Kanade”！\\n标题：\\n日期：2026年2月17日\"}}],\"time\":\"1774282650\"}},{\"type\":\"node\",\"data\":{\"name\":\"Kanade\",\"uin\":\"1469078804\",\"content\":[{\"type\":\"text\",\"data\":{\"text\":\"诶？！渣、渣男？！主人你是渣男吗？！不会吧……明明刚才还说最喜欢我了，要给我买零食的……难道这些都是骗我的吗？呜……好难过……如果你真的是渣男的话，我就不理你了！再也不叫你主人了！除非……除非你能证明自己不是渣男！\"}}],\"time\":\"1774282650\"}},{\"type\":\"node\",\"data\":{\"name\":\"Kanade\",\"uin\":\"3678233304\",\"content\":[{\"type\":\"text\",\"data\":{\"text\":\"↓----评论区----↓\"}}],\"time\":\"1774282650\"}},{\"type\":\"node\",\"data\":{\"name\":\"哈基月（月見 ヤチヨ）\",\"uin\":\"1550318633\",\"content\":[{\"type\":\"at\",\"data\":{\"qq\":\"1469078804\",\"name\":\"哈基蓝（群小药孃小南梁代吃雌二醇）\"}}],\"time\":\"1774282650\"}}]}, retcode: 1200","timestamp":1774282651443}
{"id":1804,"type":"warn","level":2,"name":"re-driftbottle","meta":{},"content":"114号漂流瓶发送失败（已重试1/5次，将在500ms后重试）：Error: Error with request send_group_forward_msg, args: {\"group_id\":682255155,\"messages\":[{\"type\":\"node\",\"data\":{\"uin\":\"3678233304\",\"content\":[{\"type\":\"text\",\"data\":{\"text\":\"你捞到了114号漂流瓶，来自“Kanade”！\\n标题：\\n日期：2026年2月17日\"}}],\"time\":\"1774282651\"}},{\"type\":\"node\",\"data\":{\"name\":\"Kanade\",\"uin\":\"1469078804\",\"content\":[{\"type\":\"text\",\"data\":{\"text\":\"诶？！渣、渣男？！主人你是渣男吗？！不会吧……明明刚才还说最喜欢我了，要给我买零食的……难道这些都是骗我的吗？呜……好难过……如果你真的是渣男的话，我就不理你了！再也不叫你主人了！除非……除非你能证明自己不是渣男！\"}}],\"time\":\"1774282651\"}},{\"type\":\"node\",\"data\":{\"name\":\"Kanade\",\"uin\":\"3678233304\",\"content\":[{\"type\":\"text\",\"data\":{\"text\":\"↓----评论区----↓\"}}],\"time\":\"1774282651\"}},{\"type\":\"node\",\"data\":{\"name\":\"哈基月（月見 ヤチヨ）\",\"uin\":\"1550318633\",\"content\":[{\"type\":\"at\",\"data\":{\"qq\":\"1469078804\",\"name\":\"哈基蓝（群小药孃小南梁代吃雌二醇）\"}}],\"time\":\"1774282651\"}}]}, retcode: 1200","timestamp":1774282652747}
{"id":1810,"type":"warn","level":2,"name":"re-driftbottle","meta":{},"content":"114号漂流瓶发送失败（已重试2/5次，将在500ms后重试）：Error: Error with request send_group_forward_msg, args: {\"group_id\":682255155,\"messages\":[{\"type\":\"node\",\"data\":{\"uin\":\"3678233304\",\"content\":[{\"type\":\"text\",\"data\":{\"text\":\"你捞到了114号漂流瓶，来自“Kanade”！\\n标题：\\n日期：2026年2月17日\"}}],\"time\":\"1774282653\"}},{\"type\":\"node\",\"data\":{\"name\":\"Kanade\",\"uin\":\"1469078804\",\"content\":[{\"type\":\"text\",\"data\":{\"text\":\"诶？！渣、渣男？！主人你是渣男吗？！不会吧……明明刚才还说最喜欢我了，要给我买零食的……难道这些都是骗我的吗？呜……好难过……如果你真的是渣男的话，我就不理你了！再也不叫你主人了！除非……除非你能证明自己不是渣男！\"}}],\"time\":\"1774282653\"}},{\"type\":\"node\",\"data\":{\"name\":\"Kanade\",\"uin\":\"3678233304\",\"content\":[{\"type\":\"text\",\"data\":{\"text\":\"↓----评论区----↓\"}}],\"time\":\"1774282653\"}},{\"type\":\"node\",\"data\":{\"name\":\"哈基月（月見 ヤチヨ）\",\"uin\":\"1550318633\",\"content\":[{\"type\":\"at\",\"data\":{\"qq\":\"1469078804\",\"name\":\"哈基蓝（群小药孃小南梁代吃雌二醇）\"}}],\"time\":\"1774282653\"}}]}, retcode: 1200","timestamp":1774282654000}
{"id":1815,"type":"warn","level":2,"name":"re-driftbottle","meta":{},"content":"114号漂流瓶发送失败（已重试3/5次，将在500ms后重试）：Error: Error with request send_group_forward_msg, args: {\"group_id\":682255155,\"messages\":[{\"type\":\"node\",\"data\":{\"uin\":\"3678233304\",\"content\":[{\"type\":\"text\",\"data\":{\"text\":\"你捞到了114号漂流瓶，来自“Kanade”！\\n标题：\\n日期：2026年2月17日\"}}],\"time\":\"1774282654\"}},{\"type\":\"node\",\"data\":{\"name\":\"Kanade\",\"uin\":\"1469078804\",\"content\":[{\"type\":\"text\",\"data\":{\"text\":\"诶？！渣、渣男？！主人你是渣男吗？！不会吧……明明刚才还说最喜欢我了，要给我买零食的……难道这些都是骗我的吗？呜……好难过……如果你真的是渣男的话，我就不理你了！再也不叫你主人了！除非……除非你能证明自己不是渣男！\"}}],\"time\":\"1774282654\"}},{\"type\":\"node\",\"data\":{\"name\":\"Kanade\",\"uin\":\"3678233304\",\"content\":[{\"type\":\"text\",\"data\":{\"text\":\"↓----评论区----↓\"}}],\"time\":\"1774282654\"}},{\"type\":\"node\",\"data\":{\"name\":\"哈基月（月見 ヤチヨ）\",\"uin\":\"1550318633\",\"content\":[{\"type\":\"at\",\"data\":{\"qq\":\"1469078804\",\"name\":\"哈基蓝（群小药孃小南梁代吃雌二醇）\"}}],\"time\":\"1774282654\"}}]}, retcode: 1200","timestamp":1774282655086}
{"id":1820,"type":"warn","level":2,"name":"re-driftbottle","meta":{},"content":"114号漂流瓶发送失败（已重试4/5次，将在500ms后重试）：Error: Error with request send_group_forward_msg, args: {\"group_id\":682255155,\"messages\":[{\"type\":\"node\",\"data\":{\"uin\":\"3678233304\",\"content\":[{\"type\":\"text\",\"data\":{\"text\":\"你捞到了114号漂流瓶，来自“Kanade”！\\n标题：\\n日期：2026年2月17日\"}}],\"time\":\"1774282655\"}},{\"type\":\"node\",\"data\":{\"name\":\"Kanade\",\"uin\":\"1469078804\",\"content\":[{\"type\":\"text\",\"data\":{\"text\":\"诶？！渣、渣男？！主人你是渣男吗？！不会吧……明明刚才还说最喜欢我了，要给我买零食的……难道这些都是骗我的吗？呜……好难过……如果你真的是渣男的话，我就不理你了！再也不叫你主人了！除非……除非你能证明自己不是渣男！\"}}],\"time\":\"1774282655\"}},{\"type\":\"node\",\"data\":{\"name\":\"Kanade\",\"uin\":\"3678233304\",\"content\":[{\"type\":\"text\",\"data\":{\"text\":\"↓----评论区----↓\"}}],\"time\":\"1774282655\"}},{\"type\":\"node\",\"data\":{\"name\":\"哈基月（月見 ヤチヨ）\",\"uin\":\"1550318633\",\"content\":[{\"type\":\"at\",\"data\":{\"qq\":\"1469078804\",\"name\":\"哈基蓝（群小药孃小南梁代吃雌二醇）\"}}],\"time\":\"1774282655\"}}]}, retcode: 1200","timestamp":1774282656127}
{"id":1825,"type":"warn","level":2,"name":"re-driftbottle","meta":{},"content":"114号漂流瓶发送失败（已重试5次）：Error: Error with request send_group_forward_msg, args: {\"group_id\":682255155,\"messages\":[{\"type\":\"node\",\"data\":{\"uin\":\"3678233304\",\"content\":[{\"type\":\"text\",\"data\":{\"text\":\"你捞到了114号漂流瓶，来自“Kanade”！\\n标题：\\n日期：2026年2月17日\"}}],\"time\":\"1774282656\"}},{\"type\":\"node\",\"data\":{\"name\":\"Kanade\",\"uin\":\"1469078804\",\"content\":[{\"type\":\"text\",\"data\":{\"text\":\"诶？！渣、渣男？！主人你是渣男吗？！不会吧……明明刚才还说最喜欢我了，要给我买零食的……难道这些都是骗我的吗？呜……好难过……如果你真的是渣男的话，我就不理你了！再也不叫你主人了！除非……除非你能证明自己不是渣男！\"}}],\"time\":\"1774282656\"}},{\"type\":\"node\",\"data\":{\"name\":\"Kanade\",\"uin\":\"3678233304\",\"content\":[{\"type\":\"text\",\"data\":{\"text\":\"↓----评论区----↓\"}}],\"time\":\"1774282656\"}},{\"type\":\"node\",\"data\":{\"name\":\"哈基月（月見 ヤチヨ）\",\"uin\":\"1550318633\",\"content\":[{\"type\":\"at\",\"data\":{\"qq\":\"1469078804\",\"name\":\"哈基蓝（群小药孃小南梁代吃雌二醇）\"}}],\"time\":\"1774282656\"}}]}, retcode: 1200","timestamp":1774282657305}
{"id":1853,"type":"warn","level":2,"name":"re-driftbottle","meta":{},"content":"114号漂流瓶发送失败（已重试0/5次，将在500ms后重试）：Error: Error with request send_group_forward_msg, args: {\"group_id\":682255155,\"messages\":[{\"type\":\"node\",\"data\":{\"uin\":\"3678233304\",\"content\":[{\"type\":\"text\",\"data\":{\"text\":\"你捞到了114号漂流瓶，来自“Kanade”！\\n标题：\\n日期：2026年2月17日\"}}],\"time\":\"1774282660\"}},{\"type\":\"node\",\"data\":{\"name\":\"Kanade\",\"uin\":\"1469078804\",\"content\":[{\"type\":\"text\",\"data\":{\"text\":\"诶？！渣、渣男？！主人你是渣男吗？！不会吧……明明刚才还说最喜欢我了，要给我买零食的……难道这些都是骗我的吗？呜……好难过……如果你真的是渣男的话，我就不理你了！再也不叫你主人了！除非……除非你能证明自己不是渣男！\"}}],\"time\":\"1774282660\"}},{\"type\":\"node\",\"data\":{\"name\":\"Kanade\",\"uin\":\"3678233304\",\"content\":[{\"type\":\"text\",\"data\":{\"text\":\"↓----评论区----↓\"}}],\"time\":\"1774282660\"}},{\"type\":\"node\",\"data\":{\"name\":\"哈基月（月見 ヤチヨ）\",\"uin\":\"1550318633\",\"content\":[{\"type\":\"at\",\"data\":{\"qq\":\"1469078804\",\"name\":\"哈基蓝（群小药孃小南梁代吃雌二醇）\"}}],\"time\":\"1774282660\"}}]}, retcode: 1200","timestamp":1774282661536}
{"id":1858,"type":"warn","level":2,"name":"re-driftbottle","meta":{},"content":"114号漂流瓶发送失败（已重试1/5次，将在500ms后重试）：Error: Error with request send_group_forward_msg, args: {\"group_id\":682255155,\"messages\":[{\"type\":\"node\",\"data\":{\"uin\":\"3678233304\",\"content\":[{\"type\":\"text\",\"data\":{\"text\":\"你捞到了114号漂流瓶，来自“Kanade”！\\n标题：\\n日期：2026年2月17日\"}}],\"time\":\"1774282662\"}},{\"type\":\"node\",\"data\":{\"name\":\"Kanade\",\"uin\":\"1469078804\",\"content\":[{\"type\":\"text\",\"data\":{\"text\":\"诶？！渣、渣男？！主人你是渣男吗？！不会吧……明明刚才还说最喜欢我了，要给我买零食的……难道这些都是骗我的吗？呜……好难过……如果你真的是渣男的话，我就不理你了！再也不叫你主人了！除非……除非你能证明自己不是渣男！\"}}],\"time\":\"1774282662\"}},{\"type\":\"node\",\"data\":{\"name\":\"Kanade\",\"uin\":\"3678233304\",\"content\":[{\"type\":\"text\",\"data\":{\"text\":\"↓----评论区----↓\"}}],\"time\":\"1774282662\"}},{\"type\":\"node\",\"data\":{\"name\":\"哈基月（月見 ヤチヨ）\",\"uin\":\"1550318633\",\"content\":[{\"type\":\"at\",\"data\":{\"qq\":\"1469078804\",\"name\":\"哈基蓝（群小药孃小南梁代吃雌二醇）\"}}],\"time\":\"1774282662\"}}]}, retcode: 1200","timestamp":1774282662581}
{"id":1863,"type":"warn","level":2,"name":"re-driftbottle","meta":{},"content":"114号漂流瓶发送失败（已重试2/5次，将在500ms后重试）：Error: Error with request send_group_forward_msg, args: {\"group_id\":682255155,\"messages\":[{\"type\":\"node\",\"data\":{\"uin\":\"3678233304\",\"content\":[{\"type\":\"text\",\"data\":{\"text\":\"你捞到了114号漂流瓶，来自“Kanade”！\\n标题：\\n日期：2026年2月17日\"}}],\"time\":\"1774282663\"}},{\"type\":\"node\",\"data\":{\"name\":\"Kanade\",\"uin\":\"1469078804\",\"content\":[{\"type\":\"text\",\"data\":{\"text\":\"诶？！渣、渣男？！主人你是渣男吗？！不会吧……明明刚才还说最喜欢我了，要给我买零食的……难道这些都是骗我的吗？呜……好难过……如果你真的是渣男的话，我就不理你了！再也不叫你主人了！除非……除非你能证明自己不是渣男！\"}}],\"time\":\"1774282663\"}},{\"type\":\"node\",\"data\":{\"name\":\"Kanade\",\"uin\":\"3678233304\",\"content\":[{\"type\":\"text\",\"data\":{\"text\":\"↓----评论区----↓\"}}],\"time\":\"1774282663\"}},{\"type\":\"node\",\"data\":{\"name\":\"哈基月（月見 ヤチヨ）\",\"uin\":\"1550318633\",\"content\":[{\"type\":\"at\",\"data\":{\"qq\":\"1469078804\",\"name\":\"哈基蓝（群小药孃小南梁代吃雌二醇）\"}}],\"time\":\"1774282663\"}}]}, retcode: 1200","timestamp":1774282663689}
{"id":1868,"type":"warn","level":2,"name":"re-driftbottle","meta":{},"content":"114号漂流瓶发送失败（已重试3/5次，将在500ms后重试）：Error: Error with request send_group_forward_msg, args: {\"group_id\":682255155,\"messages\":[{\"type\":\"node\",\"data\":{\"uin\":\"3678233304\",\"content\":[{\"type\":\"text\",\"data\":{\"text\":\"你捞到了114号漂流瓶，来自“Kanade”！\\n标题：\\n日期：2026年2月17日\"}}],\"time\":\"1774282664\"}},{\"type\":\"node\",\"data\":{\"name\":\"Kanade\",\"uin\":\"1469078804\",\"content\":[{\"type\":\"text\",\"data\":{\"text\":\"诶？！渣、渣男？！主人你是渣男吗？！不会吧……明明刚才还说最喜欢我了，要给我买零食的……难道这些都是骗我的吗？呜……好难过……如果你真的是渣男的话，我就不理你了！再也不叫你主人了！除非……除非你能证明自己不是渣男！\"}}],\"time\":\"1774282664\"}},{\"type\":\"node\",\"data\":{\"name\":\"Kanade\",\"uin\":\"3678233304\",\"content\":[{\"type\":\"text\",\"data\":{\"text\":\"↓----评论区----↓\"}}],\"time\":\"1774282664\"}},{\"type\":\"node\",\"data\":{\"name\":\"哈基月（月見 ヤチヨ）\",\"uin\":\"1550318633\",\"content\":[{\"type\":\"at\",\"data\":{\"qq\":\"1469078804\",\"name\":\"哈基蓝（群小药孃小南梁代吃雌二醇）\"}}],\"time\":\"1774282664\"}}]}, retcode: 1200","timestamp":1774282664864}
{"id":1873,"type":"warn","level":2,"name":"re-driftbottle","meta":{},"content":"114号漂流瓶发送失败（已重试4/5次，将在500ms后重试）：Error: Error with request send_group_forward_msg, args: {\"group_id\":682255155,\"messages\":[{\"type\":\"node\",\"data\":{\"uin\":\"3678233304\",\"content\":[{\"type\":\"text\",\"data\":{\"text\":\"你捞到了114号漂流瓶，来自“Kanade”！\\n标题：\\n日期：2026年2月17日\"}}],\"time\":\"1774282665\"}},{\"type\":\"node\",\"data\":{\"name\":\"Kanade\",\"uin\":\"1469078804\",\"content\":[{\"type\":\"text\",\"data\":{\"text\":\"诶？！渣、渣男？！主人你是渣男吗？！不会吧……明明刚才还说最喜欢我了，要给我买零食的……难道这些都是骗我的吗？呜……好难过……如果你真的是渣男的话，我就不理你了！再也不叫你主人了！除非……除非你能证明自己不是渣男！\"}}],\"time\":\"1774282665\"}},{\"type\":\"node\",\"data\":{\"name\":\"Kanade\",\"uin\":\"3678233304\",\"content\":[{\"type\":\"text\",\"data\":{\"text\":\"↓----评论区----↓\"}}],\"time\":\"1774282665\"}},{\"type\":\"node\",\"data\":{\"name\":\"哈基月（月見 ヤチヨ）\",\"uin\":\"1550318633\",\"content\":[{\"type\":\"at\",\"data\":{\"qq\":\"1469078804\",\"name\":\"哈基蓝（群小药孃小南梁代吃雌二醇）\"}}],\"time\":\"1774282665\"}}]}, retcode: 1200","timestamp":1774282666033}
{"id":1878,"type":"warn","level":2,"name":"re-driftbottle","meta":{},"content":"114号漂流瓶发送失败（已重试5次）：Error: Error with request send_group_forward_msg, args: {\"group_id\":682255155,\"messages\":[{\"type\":\"node\",\"data\":{\"uin\":\"3678233304\",\"content\":[{\"type\":\"text\",\"data\":{\"text\":\"你捞到了114号漂流瓶，来自“Kanade”！\\n标题：\\n日期：2026年2月17日\"}}],\"time\":\"1774282666\"}},{\"type\":\"node\",\"data\":{\"name\":\"Kanade\",\"uin\":\"1469078804\",\"content\":[{\"type\":\"text\",\"data\":{\"text\":\"诶？！渣、渣男？！主人你是渣男吗？！不会吧……明明刚才还说最喜欢我了，要给我买零食的……难道这些都是骗我的吗？呜……好难过……如果你真的是渣男的话，我就不理你了！再也不叫你主人了！除非……除非你能证明自己不是渣男！\"}}],\"time\":\"1774282666\"}},{\"type\":\"node\",\"data\":{\"name\":\"Kanade\",\"uin\":\"3678233304\",\"content\":[{\"type\":\"text\",\"data\":{\"text\":\"↓----评论区----↓\"}}],\"time\":\"1774282666\"}},{\"type\":\"node\",\"data\":{\"name\":\"哈基月（月見 ヤチヨ）\",\"uin\":\"1550318633\",\"content\":[{\"type\":\"at\",\"data\":{\"qq\":\"1469078804\",\"name\":\"哈基蓝（群小药孃小南梁代吃雌二醇）\"}}],\"time\":\"1774282666\"}}]}, retcode: 1200","timestamp":1774282667211}
{"id":7095,"type":"success","level":1,"name":"签到","meta":{"paths":["lp0hx8"]},"content":"2250804603完成了一次签到！","timestamp":1774303433274}
{"id":7351,"type":"success","level":1,"name":"签到","meta":{"paths":["lp0hx8"]},"content":"3479543026完成了一次签到！","timestamp":1774308524083}
{"id":7406,"type":"info","level":2,"name":"抽卡与卡组","meta":{"paths":["lp0hx8"]},"content":"3479543026抽到了一张☆二星★卡，剩余9767P点","timestamp":1774308635857}
{"id":7423,"type":"info","level":2,"name":"抽卡与卡组","meta":{"paths":["lp0hx8"]},"content":"3479543026抽到了一张☆二星★卡，剩余9367P点","timestamp":1774308641111}
{"id":7440,"type":"info","level":2,"name":"抽卡与卡组","meta":{"paths":["lp0hx8"]},"content":"3479543026抽到了一张☆二星★卡，剩余8967P点","timestamp":1774308642998}
{"id":7463,"type":"info","level":2,"name":"抽卡与卡组","meta":{"paths":["lp0hx8"]},"content":"3479543026抽到了一张❀三星☄卡，剩余8567P点","timestamp":1774308650719}
{"id":7480,"type":"info","level":2,"name":"抽卡与卡组","meta":{"paths":["lp0hx8"]},"content":"3479543026抽到了一张☆二星★卡，剩余8167P点","timestamp":1774308653749}
{"id":7506,"type":"info","level":2,"name":"抽卡与卡组","meta":{"paths":["lp0hx8"]},"content":"3479543026抽到了一张❀三星☄卡，剩余7767P点","timestamp":1774308683552}
{"id":7530,"type":"success","level":1,"name":"签到","meta":{"paths":["lp0hx8"]},"content":"1723814703完成了一次签到！","timestamp":1774308766059}
{"id":7584,"type":"info","level":2,"name":"抽卡与卡组","meta":{"paths":["lp0hx8"]},"content":"3479543026抽到了一张❀三星☄卡，剩余7367P点","timestamp":1774309082027}
{"id":7601,"type":"info","level":2,"name":"抽卡与卡组","meta":{"paths":["lp0hx8"]},"content":"3479543026抽到了一张❀三星☄卡，剩余6967P点","timestamp":1774309092176}
{"id":7618,"type":"info","level":2,"name":"抽卡与卡组","meta":{"paths":["lp0hx8"]},"content":"3479543026抽到了一张❀三星☄卡，剩余6567P点","timestamp":1774309095125}
{"id":7644,"type":"info","level":2,"name":"抽卡与卡组","meta":{"paths":["lp0hx8"]},"content":"3479543026抽到了一张❀三星☄卡，剩余6167P点","timestamp":1774309102724}
{"id":7661,"type":"info","level":2,"name":"抽卡与卡组","meta":{"paths":["lp0hx8"]},"content":"3479543026抽到了一张☆二星★卡，剩余5767P点","timestamp":1774309107430}
{"id":7679,"type":"info","level":2,"name":"抽卡与卡组","meta":{"paths":["lp0hx8"]},"content":"3479543026抽到了一张☆二星★卡，剩余5367P点","timestamp":1774309119420}
{"id":7696,"type":"info","level":2,"name":"抽卡与卡组","meta":{"paths":["lp0hx8"]},"content":"3479543026抽到了一张☆二星★卡，剩余4967P点","timestamp":1774309123426}
{"id":7713,"type":"info","level":2,"name":"抽卡与卡组","meta":{"paths":["lp0hx8"]},"content":"3479543026抽到了一张☆二星★卡，剩余4567P点","timestamp":1774309125599}
{"id":7730,"type":"info","level":2,"name":"抽卡与卡组","meta":{"paths":["lp0hx8"]},"content":"3479543026抽到了一张☆二星★卡，剩余4167P点","timestamp":1774309130392}
{"id":7747,"type":"info","level":2,"name":"抽卡与卡组","meta":{"paths":["lp0hx8"]},"content":"3479543026抽到了一张☆二星★卡，剩余3767P点","timestamp":1774309132526}
{"id":7764,"type":"info","level":2,"name":"抽卡与卡组","meta":{"paths":["lp0hx8"]},"content":"3479543026抽到了一张☆二星★卡，剩余3367P点","timestamp":1774309136852}
{"id":7781,"type":"info","level":2,"name":"抽卡与卡组","meta":{"paths":["lp0hx8"]},"content":"3479543026抽到了一张❀三星☄卡，剩余2967P点","timestamp":1774309139648}
{"id":7798,"type":"info","level":2,"name":"抽卡与卡组","meta":{"paths":["lp0hx8"]},"content":"3479543026抽到了一张☆二星★卡，剩余2567P点","timestamp":1774309141133}
{"id":7815,"type":"info","level":2,"name":"抽卡与卡组","meta":{"paths":["lp0hx8"]},"content":"3479543026抽到了一张❀三星☄卡，剩余2167P点","timestamp":1774309148328}
{"id":7832,"type":"info","level":2,"name":"抽卡与卡组","meta":{"paths":["lp0hx8"]},"content":"3479543026抽到了一张❀三星☄卡，剩余1767P点","timestamp":1774309159272}
{"id":7855,"type":"info","level":2,"name":"抽卡与卡组","meta":{"paths":["lp0hx8"]},"content":"3479543026抽到了一张☆二星★卡，剩余1367P点","timestamp":1774309240557}
{"id":7886,"type":"info","level":2,"name":"抽卡与卡组","meta":{"paths":["lp0hx8"]},"content":"3479543026抽到了一张☆二星★卡，剩余567P点","timestamp":1774309244224}
{"id":7889,"type":"info","level":2,"name":"抽卡与卡组","meta":{"paths":["lp0hx8"]},"content":"3479543026抽到了一张☆二星★卡，剩余567P点","timestamp":1774309244441}
{"id":7906,"type":"info","level":2,"name":"抽卡与卡组","meta":{"paths":["lp0hx8"]},"content":"3479543026抽到了一张❀三星☄卡，剩余167P点","timestamp":1774309252042}
{"id":7916,"type":"error","level":1,"name":"抽卡与卡组","meta":{"paths":["lp0hx8"]},"content":"3479543026抽卡失败，积分不足","timestamp":1774309254420}
{"id":7993,"type":"success","level":1,"name":"签到","meta":{"paths":["lp0hx8"]},"content":"3663735613完成了一次签到！","timestamp":1774310086312}
