{"id":165633,"type":"info","level":2,"name":"关键词回复","meta":{"paths":["lp0hx8"]},"content":"随机数为8，触发自动回复","timestamp":1772938083449}
{"id":165754,"type":"info","level":2,"name":"关键词回复","meta":{"paths":["lp0hx8"]},"content":"随机数为3，触发自动回复","timestamp":1772938188890}
{"id":165876,"type":"info","level":2,"name":"关键词回复","meta":{"paths":["lp0hx8"]},"content":"随机数为8，触发自动回复","timestamp":1772938448540}
{"id":167502,"type":"info","level":2,"name":"关键词回复","meta":{"paths":["lp0hx8"]},"content":"随机数为8，触发自动回复","timestamp":1772941547503}
{"id":168499,"type":"info","level":2,"name":"关键词回复","meta":{"paths":["lp0hx8"]},"content":"随机数为9，触发自动回复","timestamp":1772942438586}
{"id":169944,"type":"info","level":2,"name":"关键词回复","meta":{"paths":["lp0hx8"]},"content":"随机数为4，触发自动回复","timestamp":1772943708432}
{"id":170358,"type":"info","level":2,"name":"关键词回复","meta":{"paths":["lp0hx8"]},"content":"随机数为9，触发自动回复","timestamp":1772944356337}
{"id":171419,"type":"success","level":1,"name":"签到","meta":{"paths":["lp0hx8"]},"content":"771353605完成了一次签到！","timestamp":1772945746305}
{"id":171446,"type":"success","level":1,"name":"签到","meta":{"paths":["lp0hx8"]},"content":"3479543026完成了一次签到！","timestamp":1772945769069}
{"id":171882,"type":"info","level":2,"name":"关键词回复","meta":{"paths":["lp0hx8"]},"content":"随机数为2，触发自动回复","timestamp":1772946370142}
{"id":172404,"type":"info","level":2,"name":"关键词回复","meta":{"paths":["lp0hx8"]},"content":"随机数为8，触发自动回复","timestamp":1772946798375}
{"id":172504,"type":"info","level":2,"name":"关键词回复","meta":{"paths":["lp0hx8"]},"content":"随机数为3，触发自动回复","timestamp":1772946892049}
{"id":172655,"type":"info","level":2,"name":"关键词回复","meta":{"paths":["lp0hx8"]},"content":"随机数为1，触发自动回复","timestamp":1772946986101}
{"id":173004,"type":"info","level":2,"name":"关键词回复","meta":{"paths":["lp0hx8"]},"content":"随机数为5，触发自动回复","timestamp":1772947255980}
{"id":173629,"type":"info","level":2,"name":"关键词回复","meta":{"paths":["lp0hx8"]},"content":"随机数为9，触发自动回复","timestamp":1772947646631}
{"id":176507,"type":"info","level":2,"name":"关键词回复","meta":{"paths":["lp0hx8"]},"content":"随机数为1，触发自动回复","timestamp":1772951873141}
{"id":176592,"type":"info","level":2,"name":"关键词回复","meta":{"paths":["lp0hx8"]},"content":"随机数为8，触发自动回复","timestamp":1772951961349}
{"id":176645,"type":"info","level":2,"name":"关键词回复","meta":{"paths":["lp0hx8"]},"content":"随机数为5，触发自动回复","timestamp":1772952122344}
{"id":176689,"type":"info","level":2,"name":"关键词回复","meta":{"paths":["lp0hx8"]},"content":"随机数为2，触发自动回复","timestamp":1772952241367}
{"id":176716,"type":"info","level":2,"name":"关键词回复","meta":{"paths":["lp0hx8"]},"content":"随机数为10，触发自动回复","timestamp":1772952291052}
{"id":177569,"type":"info","level":2,"name":"关键词回复","meta":{"paths":["lp0hx8"]},"content":"随机数为7，触发自动回复","timestamp":1772953854596}
{"id":177992,"type":"info","level":2,"name":"绑定id","meta":{"paths":["lp0hx8"]},"content":"用户2152017400绑定了cnid：7487904926065154826","timestamp":1772954667952}
{"id":178019,"type":"info","level":2,"name":"绑定id","meta":{"paths":["lp0hx8"]},"content":"用户1469078804绑定了cnid：7487904926065154826","timestamp":1772954680568}
{"id":178053,"type":"info","level":2,"name":"关键词回复","meta":{"paths":["lp0hx8"]},"content":"随机数为6，触发自动回复","timestamp":1772954699140}
{"id":178079,"type":"info","level":2,"name":"绑定id","meta":{"paths":["lp0hx8"]},"content":"用户3823439510绑定了cnid：7442922718045068093","timestamp":1772954796479}
{"id":181097,"type":"info","level":2,"name":"关键词回复","meta":{"paths":["lp0hx8"]},"content":"随机数为4，触发自动回复","timestamp":1772958235388}
{"id":181335,"type":"info","level":2,"name":"关键词回复","meta":{"paths":["lp0hx8"]},"content":"随机数为7，触发自动回复","timestamp":1772958324430}
{"id":181456,"type":"info","level":2,"name":"关键词回复","meta":{"paths":["lp0hx8"]},"content":"随机数为3，触发自动回复","timestamp":1772958370934}
{"id":181831,"type":"info","level":2,"name":"关键词回复","meta":{"paths":["lp0hx8"]},"content":"随机数为7，触发自动回复","timestamp":1772958564647}
{"id":181850,"type":"warn","level":2,"name":"re-driftbottle","meta":{},"content":"19号漂流瓶发送失败（已重试0/5次，将在500ms后重新抽一个瓶子重试）：Error: Error with request send_group_forward_msg, args: {\"group_id\":682255155,\"messages\":[{\"type\":\"node\",\"data\":{\"uin\":\"3678233304\",\"content\":[{\"type\":\"text\",\"data\":{\"text\":\"你捞到了19号漂流瓶，来自“天鸟那由多”！\\n标题：\\n日期：2026年1月13日\"}}],\"time\":\"1772958573\"}},{\"type\":\"node\",\"data\":{\"name\":\"天鸟那由多\",\"uin\":\"2152017400\",\"content\":[{\"type\":\"at\",\"data\":{\"qq\":\"1469078804\",\"name\":\"告诉大家个秘密，其实闸喃是xll\"}},{\"type\":\"text\",\"data\":{\"text\":\" 妈妈妈妈妈妈妈妈妈妈妈妈\"}}],\"time\":\"1772958573\"}}]}, retcode: 1200","timestamp":1772958573413}
{"id":181855,"type":"warn","level":2,"name":"re-driftbottle","meta":{},"content":"42号漂流瓶发送失败（已重试1/5次，将在500ms后重新抽一个瓶子重试）：Error: Error with request send_group_forward_msg, args: {\"group_id\":682255155,\"messages\":[{\"type\":\"node\",\"data\":{\"uin\":\"3678233304\",\"content\":[{\"type\":\"text\",\"data\":{\"text\":\"你捞到了42号漂流瓶，来自“キラキラ✨魔法zc目录（肉鸽糕首)”！\\n标题：\\n日期：2026年1月28日\"}}],\"time\":\"1772958573\"}},{\"type\":\"node\",\"data\":{\"name\":\"キラキラ✨魔法zc目录（肉鸽糕首)\",\"uin\":\"2992606656\",\"content\":[{\"type\":\"at\",\"data\":{\"qq\":\"3186254539\",\"name\":\"ket\"}},{\"type\":\"text\",\"data\":{\"text\":\" 即把\"}}],\"time\":\"1772958573\"}}]}, retcode: 1200","timestamp":1772958574308}
{"id":181890,"type":"warn","level":2,"name":"re-driftbottle","meta":{},"content":"97号漂流瓶发送失败（已重试0/5次，将在500ms后重新抽一个瓶子重试）：Error: Error with request send_group_forward_msg, args: {\"group_id\":682255155,\"messages\":[{\"type\":\"node\",\"data\":{\"uin\":\"3678233304\",\"content\":[{\"type\":\"text\",\"data\":{\"text\":\"你捞到了97号漂流瓶，来自“”！\\n标题：\\n日期：2026年2月15日\"}}],\"time\":\"1772958608\"}},{\"type\":\"node\",\"data\":{\"uin\":\"3186254539\",\"content\":[{\"type\":\"at\",\"data\":{\"qq\":\"3678233304\",\"name\":\"LezskaBot\"}}],\"time\":\"1772958608\"}}]}, retcode: 1200","timestamp":1772958609040}
{"id":182255,"type":"info","level":2,"name":"关键词回复","meta":{"paths":["lp0hx8"]},"content":"随机数为1，触发自动回复","timestamp":1772958841396}
{"id":182316,"type":"info","level":2,"name":"关键词回复","meta":{"paths":["lp0hx8"]},"content":"随机数为7，触发自动回复","timestamp":1772958892988}
{"id":182442,"type":"info","level":2,"name":"关键词回复","meta":{"paths":["lp0hx8"]},"content":"随机数为8，触发自动回复","timestamp":1772958952011}
{"id":182457,"type":"info","level":2,"name":"关键词回复","meta":{"paths":["lp0hx8"]},"content":"随机数为6，触发自动回复","timestamp":1772958968736}
{"id":182615,"type":"info","level":2,"name":"关键词回复","meta":{"paths":["lp0hx8"]},"content":"随机数为10，触发自动回复","timestamp":1772959164815}
{"id":183318,"type":"info","level":2,"name":"关键词回复","meta":{"paths":["lp0hx8"]},"content":"随机数为8，触发自动回复","timestamp":1772960131138}
{"id":185645,"type":"info","level":2,"name":"关键词回复","meta":{"paths":["lp0hx8"]},"content":"随机数为8，触发自动回复","timestamp":1772963535346}
{"id":185660,"type":"info","level":2,"name":"关键词回复","meta":{"paths":["lp0hx8"]},"content":"随机数为7，触发自动回复","timestamp":1772963539425}
{"id":186078,"type":"info","level":2,"name":"关键词回复","meta":{"paths":["lp0hx8"]},"content":"随机数为5，触发自动回复","timestamp":1772964403171}
{"id":186221,"type":"info","level":2,"name":"关键词回复","meta":{"paths":["lp0hx8"]},"content":"随机数为10，触发自动回复","timestamp":1772964515962}
{"id":186323,"type":"info","level":2,"name":"关键词回复","meta":{"paths":["lp0hx8"]},"content":"随机数为9，触发自动回复","timestamp":1772964728105}
{"id":192858,"type":"info","level":2,"name":"关键词回复","meta":{"paths":["lp0hx8"]},"content":"随机数为4，触发自动回复","timestamp":1772974626470}
{"id":195934,"type":"info","level":2,"name":"关键词回复","meta":{"paths":["lp0hx8"]},"content":"随机数为5，触发自动回复","timestamp":1772978985428}
{"id":196070,"type":"info","level":2,"name":"关键词回复","meta":{"paths":["lp0hx8"]},"content":"随机数为5，触发自动回复","timestamp":1772979062965}
{"id":196097,"type":"info","level":2,"name":"关键词回复","meta":{"paths":["lp0hx8"]},"content":"随机数为6，触发自动回复","timestamp":1772979071678}
{"id":196410,"type":"info","level":2,"name":"关键词回复","meta":{"paths":["lp0hx8"]},"content":"随机数为7，触发自动回复","timestamp":1772979166457}
{"id":196942,"type":"info","level":2,"name":"关键词回复","meta":{"paths":["lp0hx8"]},"content":"随机数为5，触发自动回复","timestamp":1772979409153}
{"id":197450,"type":"info","level":2,"name":"关键词回复","meta":{"paths":["lp0hx8"]},"content":"随机数为6，触发自动回复","timestamp":1772979638196}
{"id":198195,"type":"info","level":2,"name":"关键词回复","meta":{"paths":["lp0hx8"]},"content":"随机数为1，触发自动回复","timestamp":1772980018724}
{"id":198532,"type":"info","level":2,"name":"关键词回复","meta":{"paths":["lp0hx8"]},"content":"随机数为10，触发自动回复","timestamp":1772980194735}
{"id":198940,"type":"info","level":2,"name":"关键词回复","meta":{"paths":["lp0hx8"]},"content":"随机数为6，触发自动回复","timestamp":1772980386912}
{"id":200007,"type":"info","level":2,"name":"关键词回复","meta":{"paths":["lp0hx8"]},"content":"随机数为9，触发自动回复","timestamp":1772980942913}
{"id":208060,"type":"success","level":1,"name":"签到","meta":{"paths":["lp0hx8"]},"content":"3663735613完成了一次签到！","timestamp":1772986023466}
{"id":211217,"type":"success","level":1,"name":"签到","meta":{"paths":["lp0hx8"]},"content":"3479543026完成了一次签到！","timestamp":1772994722059}
{"id":211394,"type":"success","level":1,"name":"签到","meta":{"paths":["lp0hx8"]},"content":"3414834251完成了一次签到！","timestamp":1772997923916}
