{"id":29749,"type":"info","level":2,"name":"关键词回复","meta":{"paths":["lp0hx8"]},"content":"已随机发送闸喃消息","timestamp":1774859112304}
{"id":30275,"type":"info","level":2,"name":"绑定id","meta":{"paths":["lp0hx8"]},"content":"用户1369814255绑定了twid：7215866296481733377","timestamp":1774859670750}
{"id":30312,"type":"warn","level":2,"name":"session","meta":{"paths":[]},"content":"娶群友\nTypeError: Cannot read properties of undefined (reading 'attrs')\n    at eval (eval at <anonymous> (/www/wwwroot/default/koishi/koishi-app/node_modules/koishi-plugin-blockly-null/lib/index.js:1:1), <anonymous>:22:77)\n    at Object.apply (/www/wwwroot/default/koishi/koishi-app/node_modules/@cordisjs/core/lib/index.cjs:171:28)\n    at next (/www/wwwroot/default/koishi/koishi-app/node_modules/@koishijs/core/lib/index.cjs:827:38)\n    at /www/wwwroot/default/koishi/koishi-app/node_modules/koishi-plugin-re-driftbottle/lib/index.js:1110:14\n    at Object.apply (/www/wwwroot/default/koishi/koishi-app/node_modules/@cordisjs/core/lib/index.cjs:171:28)\n    at next (/www/wwwroot/default/koishi/koishi-app/node_modules/@koishijs/core/lib/index.cjs:827:38)\n    at /www/wwwroot/default/koishi/koishi-app/node_modules/koishi-plugin-anti-space/lib/index.js:100:16\n    at Object.apply (/www/wwwroot/default/koishi/koishi-app/node_modules/@cordisjs/core/lib/index.cjs:171:28)\n    at next (/www/wwwroot/default/koishi/koishi-app/node_modules/@koishijs/core/lib/index.cjs:827:38)\n    at /www/wwwroot/default/koishi/koishi-app/node_modules/koishi-plugin-anti-space/lib/index.js:75:16","timestamp":1774859685883}
{"id":36657,"type":"info","level":2,"name":"绑定id","meta":{"paths":["lp0hx8"]},"content":"用户3538927108绑定了cnid：7487212098259344169","timestamp":1774869070403}
{"id":39740,"type":"info","level":2,"name":"关键词回复","meta":{"paths":["lp0hx8"]},"content":"已随机发送闸喃消息","timestamp":1774874203448}
{"id":40108,"type":"info","level":2,"name":"绑定id","meta":{"paths":["lp0hx8"]},"content":"用户2841902212绑定了cnid：7556266270342585107","timestamp":1774874510528}
{"id":40179,"type":"info","level":2,"name":"绑定id","meta":{"paths":["lp0hx8"]},"content":"用户2841902212绑定了cnid：7556266270342585107","timestamp":1774874586510}
{"id":42854,"type":"info","level":2,"name":"关键词回复","meta":{"paths":["lp0hx8"]},"content":"已随机发送哈基月消息","timestamp":1774877245825}
{"id":46981,"type":"info","level":2,"name":"关键词回复","meta":{"paths":["lp0hx8"]},"content":"已随机发送哈基月消息","timestamp":1774881243588}
{"id":48816,"type":"info","level":2,"name":"关键词回复","meta":{"paths":["lp0hx8"]},"content":"已随机发送闸喃消息","timestamp":1774883406113}
{"id":49053,"type":"info","level":2,"name":"关键词回复","meta":{"paths":["lp0hx8"]},"content":"已随机发送闸喃消息","timestamp":1774883533569}
{"id":50006,"type":"info","level":2,"name":"关键词回复","meta":{"paths":["lp0hx8"]},"content":"已随机发送闸喃消息","timestamp":1774884388912}
{"id":50672,"type":"info","level":2,"name":"关键词回复","meta":{"paths":["lp0hx8"]},"content":"已随机发送闸喃消息","timestamp":1774884879428}
{"id":51527,"type":"info","level":2,"name":"关键词回复","meta":{"paths":["lp0hx8"]},"content":"已随机发送哈基月消息","timestamp":1774885476512}
{"id":53911,"type":"info","level":2,"name":"关键词回复","meta":{"paths":["lp0hx8"]},"content":"已随机发送哈基月消息","timestamp":1774887390416}
{"id":54063,"type":"info","level":2,"name":"关键词回复","meta":{"paths":["lp0hx8"]},"content":"已随机发送哈基月消息","timestamp":1774887550580}
{"id":54227,"type":"info","level":2,"name":"关键词回复","meta":{"paths":["lp0hx8"]},"content":"已随机发送哈基月消息","timestamp":1774887722936}
{"id":56448,"type":"success","level":1,"name":"签到","meta":{"paths":["lp0hx8"]},"content":"2250804603完成了一次签到！","timestamp":1774909645420}
{"id":56521,"type":"success","level":1,"name":"签到","meta":{"paths":["lp0hx8"]},"content":"771353605完成了一次签到！","timestamp":1774910840981}
{"id":56644,"type":"success","level":1,"name":"签到","meta":{"paths":["lp0hx8"]},"content":"3479543026完成了一次签到！","timestamp":1774912336754}
{"id":56678,"type":"success","level":1,"name":"签到","meta":{"paths":["lp0hx8"]},"content":"1723814703完成了一次签到！","timestamp":1774912351197}
