{"id":400561,"type":"info","level":2,"name":"关键词回复","meta":{"paths":["lp0hx8"]},"content":"随机数为5，触发自动回复","timestamp":1773368476681}
{"id":401242,"type":"info","level":2,"name":"关键词回复","meta":{"paths":["lp0hx8"]},"content":"随机数为6，触发自动回复","timestamp":1773371173415}
{"id":401839,"type":"info","level":2,"name":"关键词回复","meta":{"paths":["lp0hx8"]},"content":"随机数为3，触发自动回复","timestamp":1773372975476}
{"id":402632,"type":"info","level":2,"name":"关键词回复","meta":{"paths":["lp0hx8"]},"content":"随机数为5，触发自动回复","timestamp":1773373802614}
{"id":402912,"type":"info","level":2,"name":"关键词回复","meta":{"paths":["lp0hx8"]},"content":"随机数为2，触发自动回复","timestamp":1773373941987}
{"id":405469,"type":"info","level":2,"name":"关键词回复","meta":{"paths":["lp0hx8"]},"content":"随机数为10，触发自动回复","timestamp":1773376122183}
{"id":406656,"type":"info","level":2,"name":"关键词回复","meta":{"paths":["lp0hx8"]},"content":"随机数为6，触发自动回复","timestamp":1773377103401}
{"id":407046,"type":"info","level":2,"name":"关键词回复","meta":{"paths":["lp0hx8"]},"content":"随机数为3，触发自动回复","timestamp":1773377929676}
{"id":411864,"type":"info","level":2,"name":"关键词回复","meta":{"paths":["lp0hx8"]},"content":"随机数为8，触发自动回复","timestamp":1773386547342}
{"id":411889,"type":"info","level":2,"name":"关键词回复","meta":{"paths":["lp0hx8"]},"content":"随机数为8，触发自动回复","timestamp":1773386587318}
{"id":411925,"type":"info","level":2,"name":"关键词回复","meta":{"paths":["lp0hx8"]},"content":"随机数为7，触发自动回复","timestamp":1773386622667}
{"id":416502,"type":"info","level":2,"name":"关键词回复","meta":{"paths":["lp0hx8"]},"content":"随机数为4，触发自动回复","timestamp":1773393071168}
{"id":416630,"type":"info","level":2,"name":"关键词回复","meta":{"paths":["lp0hx8"]},"content":"随机数为8，触发自动回复","timestamp":1773393155890}
{"id":417605,"type":"info","level":2,"name":"关键词回复","meta":{"paths":["lp0hx8"]},"content":"随机数为9，触发自动回复","timestamp":1773393783701}
{"id":417782,"type":"info","level":2,"name":"关键词回复","meta":{"paths":["lp0hx8"]},"content":"随机数为4，触发自动回复","timestamp":1773393958432}
{"id":417865,"type":"info","level":2,"name":"关键词回复","meta":{"paths":["lp0hx8"]},"content":"随机数为3，触发自动回复","timestamp":1773394016665}
{"id":418378,"type":"info","level":2,"name":"关键词回复","meta":{"paths":["lp0hx8"]},"content":"随机数为2，触发自动回复","timestamp":1773394373593}
{"id":421774,"type":"info","level":2,"name":"关键词回复","meta":{"paths":["lp0hx8"]},"content":"随机数为2，触发自动回复","timestamp":1773398180331}
{"id":421877,"type":"info","level":2,"name":"关键词回复","meta":{"paths":["lp0hx8"]},"content":"随机数为5，触发自动回复","timestamp":1773398252373}
{"id":422025,"type":"info","level":2,"name":"关键词回复","meta":{"paths":["lp0hx8"]},"content":"随机数为5，触发自动回复","timestamp":1773398381561}
{"id":422186,"type":"info","level":2,"name":"关键词回复","meta":{"paths":["lp0hx8"]},"content":"随机数为3，触发自动回复","timestamp":1773398501633}
{"id":422213,"type":"info","level":2,"name":"关键词回复","meta":{"paths":["lp0hx8"]},"content":"随机数为2，触发自动回复","timestamp":1773398520367}
{"id":422220,"type":"info","level":2,"name":"关键词回复","meta":{"paths":["lp0hx8"]},"content":"随机数为7，触发自动回复","timestamp":1773398525102}
{"id":422765,"type":"info","level":2,"name":"关键词回复","meta":{"paths":["lp0hx8"]},"content":"随机数为8，触发自动回复","timestamp":1773398942370}
{"id":422943,"type":"info","level":2,"name":"关键词回复","meta":{"paths":["lp0hx8"]},"content":"随机数为4，触发自动回复","timestamp":1773398997517}
{"id":424972,"type":"info","level":2,"name":"关键词回复","meta":{"paths":["lp0hx8"]},"content":"随机数为4，触发自动回复","timestamp":1773403353385}
{"id":425271,"type":"info","level":2,"name":"关键词回复","meta":{"paths":["lp0hx8"]},"content":"随机数为7，触发自动回复","timestamp":1773403594746}
{"id":425394,"type":"info","level":2,"name":"关键词回复","meta":{"paths":["lp0hx8"]},"content":"随机数为8，触发自动回复","timestamp":1773403638148}
{"id":425623,"type":"info","level":2,"name":"关键词回复","meta":{"paths":["lp0hx8"]},"content":"随机数为7，触发自动回复","timestamp":1773403745084}
{"id":425861,"type":"info","level":2,"name":"关键词回复","meta":{"paths":["lp0hx8"]},"content":"随机数为8，触发自动回复","timestamp":1773404006797}
{"id":427185,"type":"info","level":2,"name":"关键词回复","meta":{"paths":["lp0hx8"]},"content":"随机数为10，触发自动回复","timestamp":1773405958064}
{"id":427687,"type":"info","level":2,"name":"关键词回复","meta":{"paths":["lp0hx8"]},"content":"随机数为2，触发自动回复","timestamp":1773406481350}
{"id":428585,"type":"info","level":2,"name":"关键词回复","meta":{"paths":["lp0hx8"]},"content":"随机数为3，触发自动回复","timestamp":1773408325994}
{"id":428685,"type":"info","level":2,"name":"关键词回复","meta":{"paths":["lp0hx8"]},"content":"随机数为6，触发自动回复","timestamp":1773408522992}
{"id":428953,"type":"info","level":2,"name":"关键词回复","meta":{"paths":["lp0hx8"]},"content":"随机数为1，触发自动回复","timestamp":1773408692576}
{"id":432650,"type":"info","level":2,"name":"关键词回复","meta":{"paths":["lp0hx8"]},"content":"随机数为2，触发自动回复","timestamp":1773412625615}
{"id":432710,"type":"info","level":2,"name":"关键词回复","meta":{"paths":["lp0hx8"]},"content":"随机数为10，触发自动回复","timestamp":1773412709776}
{"id":433506,"type":"info","level":2,"name":"关键词回复","meta":{"paths":["lp0hx8"]},"content":"随机数为1，触发自动回复","timestamp":1773413192104}
{"id":433620,"type":"info","level":2,"name":"关键词回复","meta":{"paths":["lp0hx8"]},"content":"随机数为7，触发自动回复","timestamp":1773413228137}
{"id":434887,"type":"info","level":2,"name":"关键词回复","meta":{"paths":["lp0hx8"]},"content":"随机数为10，触发自动回复","timestamp":1773413755477}
{"id":435077,"type":"info","level":2,"name":"关键词回复","meta":{"paths":["lp0hx8"]},"content":"随机数为4，触发自动回复","timestamp":1773413829296}
{"id":436968,"type":"info","level":2,"name":"关键词回复","meta":{"paths":["lp0hx8"]},"content":"随机数为8，触发自动回复","timestamp":1773414708774}
{"id":437096,"type":"info","level":2,"name":"关键词回复","meta":{"paths":["lp0hx8"]},"content":"随机数为1，触发自动回复","timestamp":1773414771107}
{"id":437672,"type":"info","level":2,"name":"关键词回复","meta":{"paths":["lp0hx8"]},"content":"随机数为1，触发自动回复","timestamp":1773415068683}
{"id":437993,"type":"info","level":2,"name":"关键词回复","meta":{"paths":["lp0hx8"]},"content":"随机数为3，触发自动回复","timestamp":1773415198975}
{"id":438269,"type":"info","level":2,"name":"关键词回复","meta":{"paths":["lp0hx8"]},"content":"随机数为10，触发自动回复","timestamp":1773415313355}
{"id":438714,"type":"info","level":2,"name":"关键词回复","meta":{"paths":["lp0hx8"]},"content":"随机数为5，触发自动回复","timestamp":1773415557439}
{"id":438758,"type":"info","level":2,"name":"关键词回复","meta":{"paths":["lp0hx8"]},"content":"随机数为8，触发自动回复","timestamp":1773415568906}
{"id":439518,"type":"info","level":2,"name":"绑定id","meta":{"paths":["lp0hx8"]},"content":"用户3538927108绑定了id：165579689679216654","timestamp":1773415983373}
{"id":439943,"type":"info","level":2,"name":"绑定id","meta":{"paths":["lp0hx8"]},"content":"用户3538927108绑定了id：165579689679216654","timestamp":1773416183134}
{"id":440061,"type":"info","level":2,"name":"绑定id","meta":{"paths":["lp0hx8"]},"content":"用户3538927108绑定了id：165579689679216654","timestamp":1773416253419}
{"id":440369,"type":"info","level":2,"name":"关键词回复","meta":{"paths":["lp0hx8"]},"content":"随机数为4，触发自动回复","timestamp":1773416400870}
{"id":440777,"type":"info","level":2,"name":"关键词回复","meta":{"paths":["lp0hx8"]},"content":"随机数为1，触发自动回复","timestamp":1773416566081}
{"id":441006,"type":"info","level":2,"name":"关键词回复","meta":{"paths":["lp0hx8"]},"content":"随机数为2，触发自动回复","timestamp":1773416728936}
{"id":441563,"type":"info","level":2,"name":"关键词回复","meta":{"paths":["lp0hx8"]},"content":"随机数为5，触发自动回复","timestamp":1773417101209}
{"id":442466,"type":"info","level":2,"name":"关键词回复","meta":{"paths":["lp0hx8"]},"content":"随机数为10，触发自动回复","timestamp":1773417610898}
{"id":442968,"type":"info","level":2,"name":"关键词回复","meta":{"paths":["lp0hx8"]},"content":"随机数为6，触发自动回复","timestamp":1773417829986}
{"id":444451,"type":"success","level":1,"name":"签到","meta":{"paths":["lp0hx8"]},"content":"2250804603完成了一次签到！","timestamp":1773418751128}
{"id":456021,"type":"success","level":1,"name":"签到","meta":{"paths":["lp0hx8"]},"content":"3479543026完成了一次签到！","timestamp":1773429199997}
{"id":457321,"type":"info","level":2,"name":"关键词回复","meta":{"paths":["lp0hx8"]},"content":"随机数为2，触发自动回复","timestamp":1773443348110}
{"id":457398,"type":"error","level":1,"name":"绑定id","meta":{"paths":["lp0hx8"]},"content":"2875529979输入错误id：123456789，id过短","timestamp":1773443692498}
{"id":457410,"type":"error","level":1,"name":"绑定id","meta":{"paths":["lp0hx8"]},"content":"3130224867输入错误id：失败，请检查ID是否正确，id过短","timestamp":1773443693471}
{"id":457480,"type":"info","level":2,"name":"绑定id","meta":{"paths":["lp0hx8"]},"content":"用户2875529979绑定了cnid：7235085517535229619","timestamp":1773443929993}
{"id":457503,"type":"error","level":1,"name":"绑定id","meta":{"paths":["lp0hx8"]},"content":"3130224867输入错误id：失败，请检查ID是否正确，id过短","timestamp":1773443930991}
