{"id":100034,"type":"success","level":1,"name":"签到","meta":{"paths":["lp0hx8"]},"content":"3669154852完成了一次签到！","timestamp":1772841962888}
{"id":100053,"type":"info","level":2,"name":"抽卡与卡组","meta":{"paths":["lp0hx8"]},"content":"3669154852抽到了一张☆二星★卡，剩余281P点","timestamp":1772841967887}
{"id":100071,"type":"error","level":1,"name":"抽卡与卡组","meta":{"paths":["lp0hx8"]},"content":"3781132717抽卡失败，积分不足","timestamp":1772842016660}
{"id":100094,"type":"success","level":1,"name":"签到","meta":{"paths":["lp0hx8"]},"content":"3781132717完成了一次签到！","timestamp":1772842030095}
{"id":100120,"type":"info","level":2,"name":"抽卡与卡组","meta":{"paths":["lp0hx8"]},"content":"3781132717抽到了一张☆二星★卡，剩余25P点","timestamp":1772842042618}
{"id":101943,"type":"success","level":1,"name":"签到","meta":{"paths":["lp0hx8"]},"content":"2104851152完成了一次签到！","timestamp":1772853870184}
{"id":101967,"type":"info","level":2,"name":"抽卡与卡组","meta":{"paths":["lp0hx8"]},"content":"2104851152抽到了一张☆二星★卡，剩余33P点","timestamp":1772853876491}
{"id":102212,"type":"info","level":2,"name":"关键词回复","meta":{"paths":["lp0hx8"]},"content":"随机数为10，触发自动回复","timestamp":1772855672952}
{"id":102219,"type":"info","level":2,"name":"关键词回复","meta":{"paths":["lp0hx8"]},"content":"随机数为9，触发自动回复","timestamp":1772855676695}
{"id":102308,"type":"info","level":2,"name":"关键词回复","meta":{"paths":["lp0hx8"]},"content":"随机数为3，触发自动回复","timestamp":1772855880683}
{"id":103125,"type":"info","level":2,"name":"抽卡与卡组","meta":{"paths":["lp0hx8"]},"content":"1469078804抽到了一张❀三星☄卡，剩余771P点","timestamp":1772856969169}
{"id":103293,"type":"info","level":2,"name":"关键词回复","meta":{"paths":["lp0hx8"]},"content":"随机数为9，触发自动回复","timestamp":1772857081038}
{"id":103743,"type":"info","level":2,"name":"关键词回复","meta":{"paths":["lp0hx8"]},"content":"随机数为4，触发自动回复","timestamp":1772857689319}
{"id":104667,"type":"info","level":2,"name":"关键词回复","meta":{"paths":["lp0hx8"]},"content":"随机数为1，触发自动回复","timestamp":1772858270478}
{"id":104740,"type":"info","level":2,"name":"关键词回复","meta":{"paths":["lp0hx8"]},"content":"随机数为8，触发自动回复","timestamp":1772858292403}
{"id":104866,"type":"info","level":2,"name":"关键词回复","meta":{"paths":["lp0hx8"]},"content":"随机数为7，触发自动回复","timestamp":1772858355202}
{"id":106659,"type":"info","level":2,"name":"关键词回复","meta":{"paths":["lp0hx8"]},"content":"随机数为6，触发自动回复","timestamp":1772860079113}
{"id":106896,"type":"info","level":2,"name":"关键词回复","meta":{"paths":["lp0hx8"]},"content":"随机数为8，触发自动回复","timestamp":1772860174498}
{"id":107702,"type":"info","level":2,"name":"关键词回复","meta":{"paths":["lp0hx8"]},"content":"随机数为9，触发自动回复","timestamp":1772860566122}
{"id":107717,"type":"info","level":2,"name":"关键词回复","meta":{"paths":["lp0hx8"]},"content":"随机数为5，触发自动回复","timestamp":1772860569428}
{"id":107830,"type":"info","level":2,"name":"关键词回复","meta":{"paths":["lp0hx8"]},"content":"随机数为2，触发自动回复","timestamp":1772860614457}
{"id":107940,"type":"info","level":2,"name":"关键词回复","meta":{"paths":["lp0hx8"]},"content":"随机数为10，触发自动回复","timestamp":1772860655204}
{"id":108224,"type":"info","level":2,"name":"绑定id","meta":{"paths":["lp0hx8"]},"content":"用户3340311709绑定了cnid：7486432066352012068","timestamp":1772860796584}
{"id":108309,"type":"info","level":2,"name":"关键词回复","meta":{"paths":["lp0hx8"]},"content":"随机数为3，触发自动回复","timestamp":1772860831087}
{"id":108473,"type":"info","level":2,"name":"绑定id","meta":{"paths":["lp0hx8"]},"content":"用户3153466289绑定了cnid：7445137039986613001","timestamp":1772860922561}
{"id":109169,"type":"info","level":2,"name":"关键词回复","meta":{"paths":["lp0hx8"]},"content":"随机数为5，触发自动回复","timestamp":1772861622472}
{"id":109514,"type":"info","level":2,"name":"抽卡与卡组","meta":{"paths":["lp0hx8"]},"content":"1469078804抽到了一张☆二星★卡，剩余371P点","timestamp":1772862241731}
{"id":109561,"type":"success","level":1,"name":"签到","meta":{"paths":["lp0hx8"]},"content":"1723814703完成了一次签到！","timestamp":1772862249621}
{"id":109576,"type":"info","level":2,"name":"关键词回复","meta":{"paths":["lp0hx8"]},"content":"随机数为2，触发自动回复","timestamp":1772862253095}
{"id":109640,"type":"info","level":2,"name":"关键词回复","meta":{"paths":["lp0hx8"]},"content":"随机数为4，触发自动回复","timestamp":1772862406544}
{"id":110428,"type":"info","level":2,"name":"关键词回复","meta":{"paths":["lp0hx8"]},"content":"随机数为4，触发自动回复","timestamp":1772863156617}
{"id":110612,"type":"info","level":2,"name":"关键词回复","meta":{"paths":["lp0hx8"]},"content":"随机数为8，触发自动回复","timestamp":1772863314934}
{"id":110670,"type":"info","level":2,"name":"关键词回复","meta":{"paths":["lp0hx8"]},"content":"随机数为6，触发自动回复","timestamp":1772863346018}
{"id":111158,"type":"info","level":2,"name":"关键词回复","meta":{"paths":["lp0hx8"]},"content":"随机数为2，触发自动回复","timestamp":1772863577441}
{"id":111191,"type":"info","level":2,"name":"关键词回复","meta":{"paths":["lp0hx8"]},"content":"随机数为9，触发自动回复","timestamp":1772863589331}
{"id":111767,"type":"info","level":2,"name":"关键词回复","meta":{"paths":["lp0hx8"]},"content":"随机数为10，触发自动回复","timestamp":1772863850840}
{"id":111947,"type":"info","level":2,"name":"关键词回复","meta":{"paths":["lp0hx8"]},"content":"随机数为8，触发自动回复","timestamp":1772863928215}
{"id":112193,"type":"info","level":2,"name":"关键词回复","meta":{"paths":["lp0hx8"]},"content":"随机数为5，触发自动回复","timestamp":1772864033789}
{"id":112268,"type":"info","level":2,"name":"关键词回复","meta":{"paths":["lp0hx8"]},"content":"随机数为7，触发自动回复","timestamp":1772864061499}
{"id":112499,"type":"info","level":2,"name":"关键词回复","meta":{"paths":["lp0hx8"]},"content":"随机数为5，触发自动回复","timestamp":1772864164408}
{"id":112507,"type":"info","level":2,"name":"关键词回复","meta":{"paths":["lp0hx8"]},"content":"随机数为7，触发自动回复","timestamp":1772864168464}
{"id":113959,"type":"info","level":2,"name":"关键词回复","meta":{"paths":["lp0hx8"]},"content":"随机数为5，触发自动回复","timestamp":1772864757846}
{"id":114295,"type":"info","level":2,"name":"关键词回复","meta":{"paths":["lp0hx8"]},"content":"随机数为8，触发自动回复","timestamp":1772864878259}
{"id":115707,"type":"info","level":2,"name":"关键词回复","meta":{"paths":["lp0hx8"]},"content":"随机数为4，触发自动回复","timestamp":1772866247939}
{"id":115742,"type":"info","level":2,"name":"关键词回复","meta":{"paths":["lp0hx8"]},"content":"随机数为7，触发自动回复","timestamp":1772866293501}
{"id":119514,"type":"info","level":2,"name":"绑定id","meta":{"paths":["lp0hx8"]},"content":"用户3984730928绑定了cnid：7485969357320018726","timestamp":1772869612515}
{"id":122005,"type":"info","level":2,"name":"关键词回复","meta":{"paths":["lp0hx8"]},"content":"随机数为5，触发自动回复","timestamp":1772871454449}
{"id":122604,"type":"info","level":2,"name":"关键词回复","meta":{"paths":["lp0hx8"]},"content":"随机数为5，触发自动回复","timestamp":1772871879406}
{"id":123988,"type":"info","level":2,"name":"关键词回复","meta":{"paths":["lp0hx8"]},"content":"随机数为1，触发自动回复","timestamp":1772872806086}
{"id":125908,"type":"info","level":2,"name":"关键词回复","meta":{"paths":["lp0hx8"]},"content":"随机数为8，触发自动回复","timestamp":1772874467390}
{"id":130101,"type":"info","level":2,"name":"关键词回复","meta":{"paths":["lp0hx8"]},"content":"随机数为4，触发自动回复","timestamp":1772877361593}
{"id":130254,"type":"info","level":2,"name":"关键词回复","meta":{"paths":["lp0hx8"]},"content":"随机数为5，触发自动回复","timestamp":1772877429833}
{"id":131535,"type":"info","level":2,"name":"关键词回复","meta":{"paths":["lp0hx8"]},"content":"随机数为6，触发自动回复","timestamp":1772878382683}
{"id":140742,"type":"info","level":2,"name":"关键词回复","meta":{"paths":["lp0hx8"]},"content":"随机数为7，触发自动回复","timestamp":1772888180613}
{"id":141159,"type":"info","level":2,"name":"关键词回复","meta":{"paths":["lp0hx8"]},"content":"随机数为3，触发自动回复","timestamp":1772888476298}
{"id":141557,"type":"info","level":2,"name":"关键词回复","meta":{"paths":["lp0hx8"]},"content":"随机数为9，触发自动回复","timestamp":1772889646466}
{"id":146773,"type":"info","level":2,"name":"关键词回复","meta":{"paths":["lp0hx8"]},"content":"随机数为8，触发自动回复","timestamp":1772895559736}
{"id":146920,"type":"info","level":2,"name":"关键词回复","meta":{"paths":["lp0hx8"]},"content":"随机数为1，触发自动回复","timestamp":1772895605061}
{"id":147063,"type":"info","level":2,"name":"关键词回复","meta":{"paths":["lp0hx8"]},"content":"随机数为4，触发自动回复","timestamp":1772895678711}
{"id":147078,"type":"info","level":2,"name":"关键词回复","meta":{"paths":["lp0hx8"]},"content":"随机数为6，触发自动回复","timestamp":1772895685769}
{"id":147249,"type":"info","level":2,"name":"关键词回复","meta":{"paths":["lp0hx8"]},"content":"随机数为1，触发自动回复","timestamp":1772895856420}
{"id":147283,"type":"info","level":2,"name":"关键词回复","meta":{"paths":["lp0hx8"]},"content":"随机数为2，触发自动回复","timestamp":1772895909062}
{"id":149332,"type":"info","level":2,"name":"关键词回复","meta":{"paths":["lp0hx8"]},"content":"随机数为2，触发自动回复","timestamp":1772897972368}
{"id":152176,"type":"success","level":1,"name":"签到","meta":{"paths":["lp0hx8"]},"content":"3663735613完成了一次签到！","timestamp":1772899230416}
{"id":152268,"type":"info","level":2,"name":"关键词回复","meta":{"paths":["lp0hx8"]},"content":"随机数为5，触发自动回复","timestamp":1772899261779}
{"id":152732,"type":"success","level":1,"name":"签到","meta":{"paths":["lp0hx8"]},"content":"2250804603完成了一次签到！","timestamp":1772899431317}
{"id":152761,"type":"success","level":1,"name":"签到","meta":{"paths":["lp0hx8"]},"content":"3107224339完成了一次签到！","timestamp":1772899437124}
{"id":153876,"type":"info","level":2,"name":"关键词回复","meta":{"paths":["lp0hx8"]},"content":"随机数为5，触发自动回复","timestamp":1772899785929}
{"id":155052,"type":"info","level":2,"name":"关键词回复","meta":{"paths":["lp0hx8"]},"content":"随机数为6，触发自动回复","timestamp":1772900640870}
