{"id":516205,"type":"info","level":2,"name":"关键词回复","meta":{"paths":["lp0hx8"]},"content":"随机数为3，触发自动回复","timestamp":1773536760653}
{"id":517168,"type":"info","level":2,"name":"关键词回复","meta":{"paths":["lp0hx8"]},"content":"随机数为3，触发自动回复","timestamp":1773542374888}
{"id":517202,"type":"info","level":2,"name":"关键词回复","meta":{"paths":["lp0hx8"]},"content":"随机数为3，触发自动回复","timestamp":1773542403790}
{"id":517448,"type":"success","level":1,"name":"签到","meta":{"paths":["lp0hx8"]},"content":"3371944261完成了一次签到！","timestamp":1773542717794}
{"id":517492,"type":"info","level":2,"name":"抽卡与卡组","meta":{"paths":["lp0hx8"]},"content":"3371944261抽到了一张❀三星☄卡，剩余409P点","timestamp":1773542734436}
{"id":517516,"type":"info","level":2,"name":"抽卡与卡组","meta":{"paths":["lp0hx8"]},"content":"3371944261抽到了一张☆二星★卡，剩余9P点","timestamp":1773542746348}
{"id":518841,"type":"error","level":1,"name":"绑定id","meta":{"paths":["lp0hx8"]},"content":"3081114545输入错误id：7532901732033157924，id过短","timestamp":1773546139578}
{"id":518939,"type":"success","level":1,"name":"签到","meta":{"paths":["lp0hx8"]},"content":"3848204851完成了一次签到！","timestamp":1773546526865}
{"id":519004,"type":"success","level":1,"name":"签到","meta":{"paths":["lp0hx8"]},"content":"3076845346完成了一次签到！","timestamp":1773546575267}
{"id":519855,"type":"info","level":2,"name":"关键词回复","meta":{"paths":["lp0hx8"]},"content":"随机数为9，触发自动回复","timestamp":1773548179902}
{"id":519880,"type":"info","level":2,"name":"关键词回复","meta":{"paths":["lp0hx8"]},"content":"随机数为4，触发自动回复","timestamp":1773548206446}
{"id":520001,"type":"info","level":2,"name":"关键词回复","meta":{"paths":["lp0hx8"]},"content":"随机数为8，触发自动回复","timestamp":1773548303328}
{"id":521028,"type":"info","level":2,"name":"关键词回复","meta":{"paths":["lp0hx8"]},"content":"随机数为4，触发自动回复","timestamp":1773548987417}
{"id":521745,"type":"info","level":2,"name":"关键词回复","meta":{"paths":["lp0hx8"]},"content":"随机数为10，触发自动回复","timestamp":1773549744829}
{"id":522215,"type":"success","level":1,"name":"签到","meta":{"paths":["lp0hx8"]},"content":"1723814703完成了一次签到！","timestamp":1773550062702}
{"id":522256,"type":"info","level":2,"name":"关键词回复","meta":{"paths":["lp0hx8"]},"content":"随机数为4，触发自动回复","timestamp":1773550072324}
{"id":524379,"type":"success","level":1,"name":"签到","meta":{"paths":["lp0hx8"]},"content":"3663735613完成了一次签到！","timestamp":1773551894089}
{"id":524681,"type":"info","level":2,"name":"关键词回复","meta":{"paths":["lp0hx8"]},"content":"随机数为7，触发自动回复","timestamp":1773552213043}
{"id":529834,"type":"info","level":2,"name":"关键词回复","meta":{"paths":["lp0hx8"]},"content":"随机数为5，触发自动回复","timestamp":1773559062756}
{"id":529982,"type":"info","level":2,"name":"关键词回复","meta":{"paths":["lp0hx8"]},"content":"随机数为3，触发自动回复","timestamp":1773559158975}
{"id":530909,"type":"info","level":2,"name":"关键词回复","meta":{"paths":["lp0hx8"]},"content":"随机数为9，触发自动回复","timestamp":1773559981271}
{"id":531025,"type":"info","level":2,"name":"关键词回复","meta":{"paths":["lp0hx8"]},"content":"随机数为1，触发自动回复","timestamp":1773560137460}
{"id":531108,"type":"warn","level":2,"name":"re-driftbottle","meta":{},"content":"42号漂流瓶发送失败（已重试0/5次，将在500ms后重新抽一个瓶子重试）：Error: Error with request send_group_forward_msg, args: {\"group_id\":682255155,\"messages\":[{\"type\":\"node\",\"data\":{\"uin\":\"3678233304\",\"content\":[{\"type\":\"text\",\"data\":{\"text\":\"你捞到了42号漂流瓶，来自“キラキラ✨魔法zc目录（肉鸽糕首)”！\\n标题：\\n日期：2026年1月28日\"}}],\"time\":\"1773560275\"}},{\"type\":\"node\",\"data\":{\"name\":\"キラキラ✨魔法zc目录（肉鸽糕首)\",\"uin\":\"2992606656\",\"content\":[{\"type\":\"at\",\"data\":{\"qq\":\"3186254539\",\"name\":\"ket\"}},{\"type\":\"text\",\"data\":{\"text\":\" 即把\"}}],\"time\":\"1773560275\"}}]}, retcode: 1200","timestamp":1773560276021}
{"id":531298,"type":"info","level":2,"name":"关键词回复","meta":{"paths":["lp0hx8"]},"content":"随机数为5，触发自动回复","timestamp":1773560807420}
{"id":534643,"type":"info","level":2,"name":"关键词回复","meta":{"paths":["lp0hx8"]},"content":"随机数为10，触发自动回复","timestamp":1773565968313}
{"id":534666,"type":"info","level":2,"name":"关键词回复","meta":{"paths":["lp0hx8"]},"content":"随机数为2，触发自动回复","timestamp":1773565973364}
{"id":539447,"type":"info","level":2,"name":"关键词回复","meta":{"paths":["lp0hx8"]},"content":"随机数为4，触发自动回复","timestamp":1773572895523}
{"id":539555,"type":"info","level":2,"name":"关键词回复","meta":{"paths":["lp0hx8"]},"content":"随机数为10，触发自动回复","timestamp":1773573003038}
{"id":539836,"type":"info","level":2,"name":"关键词回复","meta":{"paths":["lp0hx8"]},"content":"随机数为6，触发自动回复","timestamp":1773573552890}
{"id":540184,"type":"info","level":2,"name":"关键词回复","meta":{"paths":["lp0hx8"]},"content":"随机数为3，触发自动回复","timestamp":1773573825298}
{"id":541281,"type":"info","level":2,"name":"关键词回复","meta":{"paths":["lp0hx8"]},"content":"随机数为3，触发自动回复","timestamp":1773575748489}
{"id":541490,"type":"info","level":2,"name":"关键词回复","meta":{"paths":["lp0hx8"]},"content":"随机数为5，触发自动回复","timestamp":1773576128223}
{"id":541653,"type":"info","level":2,"name":"关键词回复","meta":{"paths":["lp0hx8"]},"content":"随机数为6，触发自动回复","timestamp":1773576274300}
{"id":541715,"type":"info","level":2,"name":"关键词回复","meta":{"paths":["lp0hx8"]},"content":"随机数为5，触发自动回复","timestamp":1773576331608}
{"id":541825,"type":"info","level":2,"name":"关键词回复","meta":{"paths":["lp0hx8"]},"content":"随机数为2，触发自动回复","timestamp":1773576522231}
{"id":541840,"type":"info","level":2,"name":"关键词回复","meta":{"paths":["lp0hx8"]},"content":"随机数为9，触发自动回复","timestamp":1773576534902}
{"id":541970,"type":"info","level":2,"name":"关键词回复","meta":{"paths":["lp0hx8"]},"content":"随机数为3，触发自动回复","timestamp":1773576751505}
{"id":542033,"type":"info","level":2,"name":"关键词回复","meta":{"paths":["lp0hx8"]},"content":"随机数为9，触发自动回复","timestamp":1773576819241}
{"id":542904,"type":"info","level":2,"name":"关键词回复","meta":{"paths":["lp0hx8"]},"content":"随机数为9，触发自动回复","timestamp":1773578264569}
{"id":543673,"type":"info","level":2,"name":"关键词回复","meta":{"paths":["lp0hx8"]},"content":"随机数为5，触发自动回复","timestamp":1773578703997}
{"id":547137,"type":"info","level":2,"name":"关键词回复","meta":{"paths":["lp0hx8"]},"content":"随机数为2，触发自动回复","timestamp":1773582481053}
{"id":548580,"type":"info","level":2,"name":"关键词回复","meta":{"paths":["lp0hx8"]},"content":"随机数为4，触发自动回复","timestamp":1773584583702}
{"id":548694,"type":"info","level":2,"name":"关键词回复","meta":{"paths":["lp0hx8"]},"content":"随机数为3，触发自动回复","timestamp":1773584628313}
{"id":548891,"type":"info","level":2,"name":"关键词回复","meta":{"paths":["lp0hx8"]},"content":"随机数为4，触发自动回复","timestamp":1773584711985}
{"id":549310,"type":"info","level":2,"name":"关键词回复","meta":{"paths":["lp0hx8"]},"content":"随机数为8，触发自动回复","timestamp":1773584967723}
{"id":549365,"type":"info","level":2,"name":"关键词回复","meta":{"paths":["lp0hx8"]},"content":"随机数为6，触发自动回复","timestamp":1773585022946}
{"id":549597,"type":"info","level":2,"name":"关键词回复","meta":{"paths":["lp0hx8"]},"content":"随机数为3，触发自动回复","timestamp":1773585128624}
{"id":550474,"type":"info","level":2,"name":"关键词回复","meta":{"paths":["lp0hx8"]},"content":"随机数为1，触发自动回复","timestamp":1773585666290}
{"id":550857,"type":"info","level":2,"name":"关键词回复","meta":{"paths":["lp0hx8"]},"content":"随机数为5，触发自动回复","timestamp":1773585963904}
{"id":559548,"type":"success","level":1,"name":"签到","meta":{"paths":["lp0hx8"]},"content":"1559901047完成了一次签到！","timestamp":1773594673740}
{"id":561224,"type":"success","level":1,"name":"签到","meta":{"paths":["lp0hx8"]},"content":"3479543026完成了一次签到！","timestamp":1773600924913}
{"id":561286,"type":"success","level":1,"name":"签到","meta":{"paths":["lp0hx8"]},"content":"3414834251完成了一次签到！","timestamp":1773600973242}
{"id":562404,"type":"info","level":2,"name":"绑定id","meta":{"paths":["lp0hx8"]},"content":"用户3414834251绑定了cnid：7537970196943166251","timestamp":1773605052867}
{"id":562488,"type":"info","level":2,"name":"绑定id","meta":{"paths":["lp0hx8"]},"content":"用户3414834251绑定了cnid：7537970196943166251","timestamp":1773605587764}
{"id":562513,"type":"info","level":2,"name":"绑定id","meta":{"paths":["lp0hx8"]},"content":"用户3414834251绑定了cnid：7537970196943166251","timestamp":1773605776871}
{"id":562701,"type":"success","level":1,"name":"签到","meta":{"paths":["lp0hx8"]},"content":"2250804603完成了一次签到！","timestamp":1773612237487}
{"id":562786,"type":"success","level":1,"name":"签到","meta":{"paths":["lp0hx8"]},"content":"771353605完成了一次签到！","timestamp":1773614891349}
{"id":562973,"type":"success","level":1,"name":"签到","meta":{"paths":["lp0hx8"]},"content":"1723814703完成了一次签到！","timestamp":1773616366383}
{"id":563170,"type":"success","level":1,"name":"签到","meta":{"paths":["lp0hx8"]},"content":"3663735613完成了一次签到！","timestamp":1773618393813}
