{"id":646227,"type":"info","level":2,"name":"关键词回复","meta":{"paths":["lp0hx8"]},"content":"随机数为1，触发自动回复","timestamp":1773795574130}
{"id":647074,"type":"info","level":2,"name":"关键词回复","meta":{"paths":["lp0hx8"]},"content":"随机数为8，触发自动回复","timestamp":1773800612945}
{"id":647180,"type":"info","level":2,"name":"关键词回复","meta":{"paths":["lp0hx8"]},"content":"随机数为4，触发自动回复","timestamp":1773800802294}
{"id":647706,"type":"info","level":2,"name":"关键词回复","meta":{"paths":["lp0hx8"]},"content":"随机数为2，触发自动回复","timestamp":1773802198274}
{"id":648352,"type":"info","level":2,"name":"关键词回复","meta":{"paths":["lp0hx8"]},"content":"随机数为9，触发自动回复","timestamp":1773803740417}
{"id":648511,"type":"warn","level":2,"name":"re-driftbottle","meta":{},"content":"42号漂流瓶发送失败（已重试0/5次，将在500ms后重新抽一个瓶子重试）：Error: Error with request send_group_forward_msg, args: {\"group_id\":682255155,\"messages\":[{\"type\":\"node\",\"data\":{\"uin\":\"3678233304\",\"content\":[{\"type\":\"text\",\"data\":{\"text\":\"你捞到了42号漂流瓶，来自“キラキラ✨魔法zc目录（肉鸽糕首)”！\\n标题：\\n日期：2026年1月28日\"}}],\"time\":\"1773803910\"}},{\"type\":\"node\",\"data\":{\"name\":\"キラキラ✨魔法zc目录（肉鸽糕首)\",\"uin\":\"2992606656\",\"content\":[{\"type\":\"at\",\"data\":{\"qq\":\"3186254539\",\"name\":\"ket\"}},{\"type\":\"text\",\"data\":{\"text\":\" 即把\"}}],\"time\":\"1773803910\"}}]}, retcode: 1200","timestamp":1773803910417}
{"id":652577,"type":"info","level":2,"name":"关键词回复","meta":{"paths":["lp0hx8"]},"content":"随机数为7，触发自动回复","timestamp":1773810165402}
{"id":655879,"type":"info","level":2,"name":"关键词回复","meta":{"paths":["lp0hx8"]},"content":"随机数为4，触发自动回复","timestamp":1773820165839}
{"id":656426,"type":"info","level":2,"name":"关键词回复","meta":{"paths":["lp0hx8"]},"content":"随机数为3，触发自动回复","timestamp":1773820936583}
{"id":660760,"type":"warn","level":2,"name":"session","meta":{"paths":[]},"content":"娶群友\nTypeError: Cannot read properties of undefined (reading 'attrs')\n    at eval (eval at <anonymous> (/www/wwwroot/default/koishi/koishi-app/node_modules/koishi-plugin-blockly-null/lib/index.js:319:32), <anonymous>:22:77)\n    at Object.apply (/www/wwwroot/default/koishi/koishi-app/node_modules/@cordisjs/core/lib/index.cjs:171:28)\n    at next (/www/wwwroot/default/koishi/koishi-app/node_modules/@koishijs/core/lib/index.cjs:827:38)\n    at /www/wwwroot/default/koishi/koishi-app/node_modules/koishi-plugin-re-driftbottle/lib/index.js:1110:14\n    at Object.apply (/www/wwwroot/default/koishi/koishi-app/node_modules/@cordisjs/core/lib/index.cjs:171:28)\n    at next (/www/wwwroot/default/koishi/koishi-app/node_modules/@koishijs/core/lib/index.cjs:827:38)\n    at /www/wwwroot/default/koishi/koishi-app/node_modules/koishi-plugin-anti-space/lib/index.js:100:16\n    at Object.apply (/www/wwwroot/default/koishi/koishi-app/node_modules/@cordisjs/core/lib/index.cjs:171:28)\n    at next (/www/wwwroot/default/koishi/koishi-app/node_modules/@koishijs/core/lib/index.cjs:827:38)\n    at /www/wwwroot/default/koishi/koishi-app/node_modules/koishi-plugin-anti-space/lib/index.js:75:16","timestamp":1773831891153}
{"id":661549,"type":"info","level":2,"name":"关键词回复","meta":{"paths":["lp0hx8"]},"content":"随机数为10，触发自动回复","timestamp":1773834029236}
{"id":662478,"type":"info","level":2,"name":"关键词回复","meta":{"paths":["lp0hx8"]},"content":"随机数为4，触发自动回复","timestamp":1773835612269}
{"id":662534,"type":"info","level":2,"name":"关键词回复","meta":{"paths":["lp0hx8"]},"content":"随机数为2，触发自动回复","timestamp":1773835913602}
{"id":670282,"type":"success","level":1,"name":"签到","meta":{"paths":["lp0hx8"]},"content":"1559901047完成了一次签到！","timestamp":1773850020078}
{"id":670700,"type":"success","level":1,"name":"签到","meta":{"paths":["lp0hx8"]},"content":"2250804603完成了一次签到！","timestamp":1773850252574}
{"id":670765,"type":"info","level":2,"name":"绑定id","meta":{"paths":["lp0hx8"]},"content":"用户2841902212绑定了id：717242413430120462","timestamp":1773850308647}
{"id":672654,"type":"info","level":2,"name":"绑定id","meta":{"paths":["lp0hx8"]},"content":"用户2768272453绑定了id：416640751403003904","timestamp":1773852661645}
{"id":672708,"type":"info","level":2,"name":"绑定id","meta":{"paths":["lp0hx8"]},"content":"用户2301519821绑定了id：416640751403003904","timestamp":1773852702783}
{"id":672736,"type":"info","level":2,"name":"绑定id","meta":{"paths":["lp0hx8"]},"content":"用户2768272453绑定了id：416640751403003904","timestamp":1773852709328}
{"id":672807,"type":"error","level":1,"name":"绑定id","meta":{"paths":["lp0hx8"]},"content":"2301519821输入错误id：5230644049625101，id过短","timestamp":1773852911786}
{"id":672883,"type":"error","level":1,"name":"绑定id","meta":{"paths":["lp0hx8"]},"content":"1754354557输入错误id：5230644049625101，id过短","timestamp":1773852971973}
{"id":692417,"type":"info","level":2,"name":"关键词回复","meta":{"paths":["lp0hx8"]},"content":"随机数为7，触发自动回复","timestamp":1773877226698}
{"id":692429,"type":"info","level":2,"name":"关键词回复","meta":{"paths":["lp0hx8"]},"content":"随机数为9，触发自动回复","timestamp":1773877256925}
{"id":692459,"type":"success","level":1,"name":"签到","meta":{"paths":["lp0hx8"]},"content":"3663735613完成了一次签到！","timestamp":1773877455058}
{"id":692488,"type":"success","level":1,"name":"签到","meta":{"paths":["lp0hx8"]},"content":"2681925013完成了一次签到！","timestamp":1773877490378}
