{"id":252364,"type":"success","level":1,"name":"签到","meta":{"paths":["lp0hx8"]},"content":"3414834251完成了一次签到！","timestamp":1772410414416}
{"id":253663,"type":"success","level":1,"name":"签到","meta":{"paths":["lp0hx8"]},"content":"3663735613完成了一次签到！","timestamp":1772418184406}
{"id":256235,"type":"warn","level":2,"name":"session","meta":{},"content":"Error: Error with request send_group_msg, args: {\"group_id\":682255155,\"message\":[{\"type\":\"record\",\"data\":{\"file\":\"http://smmcat.cn/run/fa/哦，shit I'm sorry.mp3\",\"cache\":0}}]}, retcode: 1200\n    at _Internal._get (/www/wwwroot/default/koishi/koishi-app/node_modules/koishi-plugin-adapter-onebot/lib/index.js:119:11)\n    at process.processTicksAndRejections (node:internal/process/task_queues:103:5)\n    at async _Internal.<computed> [as sendGroupMsg] (/www/wwwroot/default/koishi/koishi-app/node_modules/koishi-plugin-adapter-onebot/lib/index.js:162:20)\n    at async OneBotMessageEncoder.flush (/www/wwwroot/default/koishi/koishi-app/node_modules/koishi-plugin-adapter-onebot/lib/index.js:771:338)\n    at async OneBotMessageEncoder.send (/www/wwwroot/default/koishi/koishi-app/node_modules/@satorijs/core/lib/index.cjs:755:5)\n    at async Proxy.sendMessage (/www/wwwroot/default/koishi/koishi-app/node_modules/@satorijs/core/lib/index.cjs:487:22)","timestamp":1772425591078}
{"id":257304,"type":"info","level":2,"name":"关键词回复","meta":{"paths":["lp0hx8"]},"content":"随机数为9，触发自动回复","timestamp":1772427901453}
{"id":258108,"type":"info","level":2,"name":"关键词回复","meta":{"paths":["lp0hx8"]},"content":"随机数为7，触发自动回复","timestamp":1772431015435}
{"id":258683,"type":"info","level":2,"name":"关键词回复","meta":{"paths":["lp0hx8"]},"content":"随机数为2，触发自动回复","timestamp":1772431833370}
{"id":258952,"type":"info","level":2,"name":"关键词回复","meta":{"paths":["lp0hx8"]},"content":"随机数为8，触发自动回复","timestamp":1772432155734}
{"id":259129,"type":"info","level":2,"name":"关键词回复","meta":{"paths":["lp0hx8"]},"content":"随机数为8，触发自动回复","timestamp":1772432292916}
{"id":259489,"type":"info","level":2,"name":"关键词回复","meta":{"paths":["lp0hx8"]},"content":"随机数为6，触发自动回复","timestamp":1772433319438}
{"id":259679,"type":"info","level":2,"name":"关键词回复","meta":{"paths":["lp0hx8"]},"content":"随机数为8，触发自动回复","timestamp":1772433640104}
{"id":259718,"type":"info","level":2,"name":"关键词回复","meta":{"paths":["lp0hx8"]},"content":"随机数为6，触发自动回复","timestamp":1772433687181}
{"id":259824,"type":"info","level":2,"name":"关键词回复","meta":{"paths":["lp0hx8"]},"content":"随机数为6，触发自动回复","timestamp":1772433823151}
{"id":259919,"type":"info","level":2,"name":"关键词回复","meta":{"paths":["lp0hx8"]},"content":"随机数为9，触发自动回复","timestamp":1772434244251}
{"id":259935,"type":"info","level":2,"name":"关键词回复","meta":{"paths":["lp0hx8"]},"content":"随机数为7，触发自动回复","timestamp":1772434277088}
{"id":261136,"type":"info","level":2,"name":"关键词回复","meta":{"paths":["lp0hx8"]},"content":"随机数为2，触发自动回复","timestamp":1772435501004}
{"id":261231,"type":"info","level":2,"name":"关键词回复","meta":{"paths":["lp0hx8"]},"content":"随机数为10，触发自动回复","timestamp":1772435539279}
{"id":261551,"type":"info","level":2,"name":"关键词回复","meta":{"paths":["lp0hx8"]},"content":"随机数为7，触发自动回复","timestamp":1772435676796}
{"id":262438,"type":"warn","level":2,"name":"session","meta":{},"content":"Error: Error with request send_group_msg, args: {\"group_id\":682255155,\"message\":[{\"type\":\"record\",\"data\":{\"file\":\"http://smmcat.cn/run/fa/啊啊啊啊（似乎是魔男）.mp3\",\"cache\":0}}]}, retcode: 1200\n    at _Internal._get (/www/wwwroot/default/koishi/koishi-app/node_modules/koishi-plugin-adapter-onebot/lib/index.js:119:11)\n    at process.processTicksAndRejections (node:internal/process/task_queues:103:5)\n    at async _Internal.<computed> [as sendGroupMsg] (/www/wwwroot/default/koishi/koishi-app/node_modules/koishi-plugin-adapter-onebot/lib/index.js:162:20)\n    at async OneBotMessageEncoder.flush (/www/wwwroot/default/koishi/koishi-app/node_modules/koishi-plugin-adapter-onebot/lib/index.js:771:338)\n    at async OneBotMessageEncoder.send (/www/wwwroot/default/koishi/koishi-app/node_modules/@satorijs/core/lib/index.cjs:755:5)\n    at async Proxy.sendMessage (/www/wwwroot/default/koishi/koishi-app/node_modules/@satorijs/core/lib/index.cjs:487:22)","timestamp":1772436750555}
{"id":262456,"type":"info","level":2,"name":"关键词回复","meta":{"paths":["lp0hx8"]},"content":"随机数为9，触发自动回复","timestamp":1772436769462}
{"id":262782,"type":"info","level":2,"name":"关键词回复","meta":{"paths":["lp0hx8"]},"content":"随机数为2，触发自动回复","timestamp":1772437613310}
{"id":264074,"type":"info","level":2,"name":"关键词回复","meta":{"paths":["lp0hx8"]},"content":"随机数为10，触发自动回复","timestamp":1772439475953}
{"id":264221,"type":"info","level":2,"name":"关键词回复","meta":{"paths":["lp0hx8"]},"content":"随机数为1，触发自动回复","timestamp":1772439757344}
{"id":265224,"type":"info","level":2,"name":"关键词回复","meta":{"paths":["lp0hx8"]},"content":"随机数为5，触发自动回复","timestamp":1772440421795}
{"id":266034,"type":"warn","level":2,"name":"session","meta":{},"content":"Error: Error with request send_group_msg, args: {\"group_id\":682255155,\"message\":[{\"type\":\"record\",\"data\":{\"file\":\"http://smmcat.cn/run/fa/哦！！~~~.mp3\",\"cache\":0}}]}, retcode: 1200\n    at _Internal._get (/www/wwwroot/default/koishi/koishi-app/node_modules/koishi-plugin-adapter-onebot/lib/index.js:119:11)\n    at process.processTicksAndRejections (node:internal/process/task_queues:103:5)\n    at async _Internal.<computed> [as sendGroupMsg] (/www/wwwroot/default/koishi/koishi-app/node_modules/koishi-plugin-adapter-onebot/lib/index.js:162:20)\n    at async OneBotMessageEncoder.flush (/www/wwwroot/default/koishi/koishi-app/node_modules/koishi-plugin-adapter-onebot/lib/index.js:771:338)\n    at async OneBotMessageEncoder.send (/www/wwwroot/default/koishi/koishi-app/node_modules/@satorijs/core/lib/index.cjs:755:5)\n    at async Proxy.sendMessage (/www/wwwroot/default/koishi/koishi-app/node_modules/@satorijs/core/lib/index.cjs:487:22)","timestamp":1772441257923}
{"id":266885,"type":"info","level":2,"name":"关键词回复","meta":{"paths":["lp0hx8"]},"content":"随机数为2，触发自动回复","timestamp":1772441988784}
{"id":267514,"type":"info","level":2,"name":"关键词回复","meta":{"paths":["lp0hx8"]},"content":"随机数为1，触发自动回复","timestamp":1772442562412}
{"id":267625,"type":"info","level":2,"name":"关键词回复","meta":{"paths":["lp0hx8"]},"content":"随机数为6，触发自动回复","timestamp":1772442601985}
{"id":267930,"type":"info","level":2,"name":"关键词回复","meta":{"paths":["lp0hx8"]},"content":"随机数为3，触发自动回复","timestamp":1772442715274}
{"id":268111,"type":"info","level":2,"name":"关键词回复","meta":{"paths":["lp0hx8"]},"content":"随机数为2，触发自动回复","timestamp":1772442792775}
{"id":268399,"type":"info","level":2,"name":"关键词回复","meta":{"paths":["lp0hx8"]},"content":"随机数为7，触发自动回复","timestamp":1772442988136}
{"id":268551,"type":"info","level":2,"name":"关键词回复","meta":{"paths":["lp0hx8"]},"content":"随机数为5，触发自动回复","timestamp":1772443185871}
{"id":268625,"type":"info","level":2,"name":"关键词回复","meta":{"paths":["lp0hx8"]},"content":"随机数为10，触发自动回复","timestamp":1772443240909}
{"id":268656,"type":"info","level":2,"name":"关键词回复","meta":{"paths":["lp0hx8"]},"content":"随机数为2，触发自动回复","timestamp":1772443266058}
{"id":268921,"type":"info","level":2,"name":"关键词回复","meta":{"paths":["lp0hx8"]},"content":"随机数为3，触发自动回复","timestamp":1772443434553}
{"id":269246,"type":"info","level":2,"name":"关键词回复","meta":{"paths":["lp0hx8"]},"content":"随机数为5，触发自动回复","timestamp":1772443633926}
{"id":269633,"type":"info","level":2,"name":"关键词回复","meta":{"paths":["lp0hx8"]},"content":"随机数为1，触发自动回复","timestamp":1772444143151}
{"id":269877,"type":"warn","level":2,"name":"session","meta":{},"content":"Error: Error with request send_group_msg, args: {\"group_id\":682255155,\"message\":[{\"type\":\"record\",\"data\":{\"file\":\"http://smmcat.cn/run/fa/哦，shit I'm sorry.mp3\",\"cache\":0}}]}, retcode: 1200\n    at _Internal._get (/www/wwwroot/default/koishi/koishi-app/node_modules/koishi-plugin-adapter-onebot/lib/index.js:119:11)\n    at process.processTicksAndRejections (node:internal/process/task_queues:103:5)\n    at async _Internal.<computed> [as sendGroupMsg] (/www/wwwroot/default/koishi/koishi-app/node_modules/koishi-plugin-adapter-onebot/lib/index.js:162:20)\n    at async OneBotMessageEncoder.flush (/www/wwwroot/default/koishi/koishi-app/node_modules/koishi-plugin-adapter-onebot/lib/index.js:771:338)\n    at async OneBotMessageEncoder.send (/www/wwwroot/default/koishi/koishi-app/node_modules/@satorijs/core/lib/index.cjs:755:5)\n    at async Proxy.sendMessage (/www/wwwroot/default/koishi/koishi-app/node_modules/@satorijs/core/lib/index.cjs:487:22)","timestamp":1772444413828}
{"id":270278,"type":"warn","level":2,"name":"session","meta":{},"content":"Error: Error with request send_group_msg, args: {\"group_id\":682255155,\"message\":[{\"type\":\"record\",\"data\":{\"file\":\"http://smmcat.cn/run/fa/嗯~~.mp3\",\"cache\":0}}]}, retcode: 1200\n    at _Internal._get (/www/wwwroot/default/koishi/koishi-app/node_modules/koishi-plugin-adapter-onebot/lib/index.js:119:11)\n    at process.processTicksAndRejections (node:internal/process/task_queues:103:5)\n    at async _Internal.<computed> [as sendGroupMsg] (/www/wwwroot/default/koishi/koishi-app/node_modules/koishi-plugin-adapter-onebot/lib/index.js:162:20)\n    at async OneBotMessageEncoder.flush (/www/wwwroot/default/koishi/koishi-app/node_modules/koishi-plugin-adapter-onebot/lib/index.js:771:338)\n    at async OneBotMessageEncoder.send (/www/wwwroot/default/koishi/koishi-app/node_modules/@satorijs/core/lib/index.cjs:755:5)\n    at async Proxy.sendMessage (/www/wwwroot/default/koishi/koishi-app/node_modules/@satorijs/core/lib/index.cjs:487:22)","timestamp":1772444802069}
{"id":270452,"type":"info","level":2,"name":"关键词回复","meta":{"paths":["lp0hx8"]},"content":"随机数为5，触发自动回复","timestamp":1772444918021}
{"id":270462,"type":"info","level":2,"name":"关键词回复","meta":{"paths":["lp0hx8"]},"content":"随机数为9，触发自动回复","timestamp":1772444921728}
{"id":270643,"type":"info","level":2,"name":"关键词回复","meta":{"paths":["lp0hx8"]},"content":"随机数为6，触发自动回复","timestamp":1772445036336}
{"id":270819,"type":"info","level":2,"name":"关键词回复","meta":{"paths":["lp0hx8"]},"content":"随机数为4，触发自动回复","timestamp":1772445137670}
{"id":271214,"type":"info","level":2,"name":"关键词回复","meta":{"paths":["lp0hx8"]},"content":"随机数为3，触发自动回复","timestamp":1772446475934}
{"id":271273,"type":"warn","level":2,"name":"session","meta":{},"content":"Error: Error with request send_group_msg, args: {\"group_id\":682255155,\"message\":[{\"type\":\"record\",\"data\":{\"file\":\"http://smmcat.cn/run/fa/哦！！~~~.mp3\",\"cache\":0}}]}, retcode: 1200\n    at _Internal._get (/www/wwwroot/default/koishi/koishi-app/node_modules/koishi-plugin-adapter-onebot/lib/index.js:119:11)\n    at process.processTicksAndRejections (node:internal/process/task_queues:103:5)\n    at async _Internal.<computed> [as sendGroupMsg] (/www/wwwroot/default/koishi/koishi-app/node_modules/koishi-plugin-adapter-onebot/lib/index.js:162:20)\n    at async OneBotMessageEncoder.flush (/www/wwwroot/default/koishi/koishi-app/node_modules/koishi-plugin-adapter-onebot/lib/index.js:771:338)\n    at async OneBotMessageEncoder.send (/www/wwwroot/default/koishi/koishi-app/node_modules/@satorijs/core/lib/index.cjs:755:5)\n    at async Proxy.sendMessage (/www/wwwroot/default/koishi/koishi-app/node_modules/@satorijs/core/lib/index.cjs:487:22)","timestamp":1772446550222}
{"id":272952,"type":"info","level":2,"name":"关键词回复","meta":{"paths":["lp0hx8"]},"content":"随机数为1，触发自动回复","timestamp":1772449264750}
{"id":272959,"type":"info","level":2,"name":"关键词回复","meta":{"paths":["lp0hx8"]},"content":"随机数为4，触发自动回复","timestamp":1772449269005}
{"id":275963,"type":"info","level":2,"name":"关键词回复","meta":{"paths":["lp0hx8"]},"content":"随机数为8，触发自动回复","timestamp":1772453945782}
{"id":276441,"type":"info","level":2,"name":"关键词回复","meta":{"paths":["lp0hx8"]},"content":"随机数为5，触发自动回复","timestamp":1772454583621}
{"id":276897,"type":"info","level":2,"name":"关键词回复","meta":{"paths":["lp0hx8"]},"content":"随机数为10，触发自动回复","timestamp":1772455229069}
{"id":277442,"type":"info","level":2,"name":"关键词回复","meta":{"paths":["lp0hx8"]},"content":"随机数为8，触发自动回复","timestamp":1772455668703}
{"id":278109,"type":"warn","level":2,"name":"app","meta":{},"content":"TypeError: Cannot read properties of undefined (reading 'type')\n    at Proxy.<anonymous> (/www/wwwroot/default/koishi/koishi-app/node_modules/koishi-plugin-word-core/lib/index.js:2239:27)\n    at Object.apply (/www/wwwroot/default/koishi/koishi-app/node_modules/@cordisjs/core/lib/index.cjs:417:23)\n    at Proxy.dispatch (/www/wwwroot/default/koishi/koishi-app/node_modules/@cordisjs/core/lib/index.cjs:514:27)\n    at dispatch.next (<anonymous>)\n    at Array.from (<anonymous>)\n    at Proxy.emit (/www/wwwroot/default/koishi/koishi-app/node_modules/@cordisjs/core/lib/index.cjs:521:11)\n    at OneBotBot.dispatch (/www/wwwroot/default/koishi/koishi-app/node_modules/@satorijs/core/lib/index.cjs:479:20)\n    at dispatchSession (/www/wwwroot/default/koishi/koishi-app/node_modules/koishi-plugin-adapter-onebot/lib/index.js:408:7)\n    at process.processTicksAndRejections (node:internal/process/task_queues:103:5)","timestamp":1772456614963}
{"id":279517,"type":"warn","level":2,"name":"session","meta":{},"content":"Error: Error with request send_group_msg, args: {\"group_id\":682255155,\"message\":[{\"type\":\"record\",\"data\":{\"file\":\"http://smmcat.cn/run/fa/啊~，啊~！.mp3\",\"cache\":0}}]}, retcode: 1200\n    at _Internal._get (/www/wwwroot/default/koishi/koishi-app/node_modules/koishi-plugin-adapter-onebot/lib/index.js:119:11)\n    at process.processTicksAndRejections (node:internal/process/task_queues:103:5)\n    at async _Internal.<computed> [as sendGroupMsg] (/www/wwwroot/default/koishi/koishi-app/node_modules/koishi-plugin-adapter-onebot/lib/index.js:162:20)\n    at async OneBotMessageEncoder.flush (/www/wwwroot/default/koishi/koishi-app/node_modules/koishi-plugin-adapter-onebot/lib/index.js:771:338)\n    at async OneBotMessageEncoder.send (/www/wwwroot/default/koishi/koishi-app/node_modules/@satorijs/core/lib/index.cjs:755:5)\n    at async Proxy.sendMessage (/www/wwwroot/default/koishi/koishi-app/node_modules/@satorijs/core/lib/index.cjs:487:22)","timestamp":1772458100473}
{"id":279747,"type":"warn","level":2,"name":"session","meta":{},"content":"Error: Error with request send_group_msg, args: {\"group_id\":1056859232,\"message\":[{\"type\":\"record\",\"data\":{\"file\":\"http://smmcat.cn/run/fa/哇！.mp3\",\"cache\":0}}]}, retcode: 1200\n    at _Internal._get (/www/wwwroot/default/koishi/koishi-app/node_modules/koishi-plugin-adapter-onebot/lib/index.js:119:11)\n    at process.processTicksAndRejections (node:internal/process/task_queues:103:5)\n    at async _Internal.<computed> [as sendGroupMsg] (/www/wwwroot/default/koishi/koishi-app/node_modules/koishi-plugin-adapter-onebot/lib/index.js:162:20)\n    at async OneBotMessageEncoder.flush (/www/wwwroot/default/koishi/koishi-app/node_modules/koishi-plugin-adapter-onebot/lib/index.js:771:338)\n    at async OneBotMessageEncoder.send (/www/wwwroot/default/koishi/koishi-app/node_modules/@satorijs/core/lib/index.cjs:755:5)\n    at async Proxy.sendMessage (/www/wwwroot/default/koishi/koishi-app/node_modules/@satorijs/core/lib/index.cjs:487:22)","timestamp":1772458574194}
{"id":280245,"type":"success","level":1,"name":"签到","meta":{"paths":["lp0hx8"]},"content":"1964024297完成了一次签到！","timestamp":1772458837399}
{"id":282483,"type":"info","level":2,"name":"关键词回复","meta":{"paths":["lp0hx8"]},"content":"随机数为7，触发自动回复","timestamp":1772463636457}
{"id":282820,"type":"info","level":2,"name":"关键词回复","meta":{"paths":["lp0hx8"]},"content":"随机数为7，触发自动回复","timestamp":1772464142139}
{"id":285140,"type":"warn","level":2,"name":"session","meta":{},"content":"Error: Error with request send_group_msg, args: {\"group_id\":682255155,\"message\":[{\"type\":\"record\",\"data\":{\"file\":\"http://smmcat.cn/run/fa/哦！！~~~.mp3\",\"cache\":0}}]}, retcode: 1200\n    at _Internal._get (/www/wwwroot/default/koishi/koishi-app/node_modules/koishi-plugin-adapter-onebot/lib/index.js:119:11)\n    at process.processTicksAndRejections (node:internal/process/task_queues:103:5)\n    at async _Internal.<computed> [as sendGroupMsg] (/www/wwwroot/default/koishi/koishi-app/node_modules/koishi-plugin-adapter-onebot/lib/index.js:162:20)\n    at async OneBotMessageEncoder.flush (/www/wwwroot/default/koishi/koishi-app/node_modules/koishi-plugin-adapter-onebot/lib/index.js:771:338)\n    at async OneBotMessageEncoder.send (/www/wwwroot/default/koishi/koishi-app/node_modules/@satorijs/core/lib/index.cjs:755:5)\n    at async Proxy.sendMessage (/www/wwwroot/default/koishi/koishi-app/node_modules/@satorijs/core/lib/index.cjs:487:22)","timestamp":1772466773225}
{"id":285619,"type":"success","level":1,"name":"签到","meta":{"paths":["lp0hx8"]},"content":"2250804603完成了一次签到！","timestamp":1772467237566}
{"id":285722,"type":"info","level":2,"name":"关键词回复","meta":{"paths":["lp0hx8"]},"content":"随机数为10，触发自动回复","timestamp":1772467295635}
{"id":286351,"type":"success","level":1,"name":"签到","meta":{"paths":["lp0hx8"]},"content":"3663735613完成了一次签到！","timestamp":1772467630317}
{"id":286398,"type":"success","level":1,"name":"签到","meta":{"paths":["lp0hx8"]},"content":"3479543026完成了一次签到！","timestamp":1772467661228}
{"id":287008,"type":"info","level":2,"name":"关键词回复","meta":{"paths":["lp0hx8"]},"content":"随机数为10，触发自动回复","timestamp":1772468037025}
{"id":287119,"type":"warn","level":2,"name":"session","meta":{},"content":"Error: Error with request send_group_msg, args: {\"group_id\":682255155,\"message\":[{\"type\":\"record\",\"data\":{\"file\":\"http://smmcat.cn/run/fa/额！！！~~~.mp3\",\"cache\":0}}]}, retcode: 1200\n    at _Internal._get (/www/wwwroot/default/koishi/koishi-app/node_modules/koishi-plugin-adapter-onebot/lib/index.js:119:11)\n    at process.processTicksAndRejections (node:internal/process/task_queues:103:5)\n    at async _Internal.<computed> [as sendGroupMsg] (/www/wwwroot/default/koishi/koishi-app/node_modules/koishi-plugin-adapter-onebot/lib/index.js:162:20)\n    at async OneBotMessageEncoder.flush (/www/wwwroot/default/koishi/koishi-app/node_modules/koishi-plugin-adapter-onebot/lib/index.js:771:338)\n    at async OneBotMessageEncoder.send (/www/wwwroot/default/koishi/koishi-app/node_modules/@satorijs/core/lib/index.cjs:755:5)\n    at async Proxy.sendMessage (/www/wwwroot/default/koishi/koishi-app/node_modules/@satorijs/core/lib/index.cjs:487:22)","timestamp":1772468102314}
{"id":288855,"type":"warn","level":2,"name":"session","meta":{},"content":"Error: Error with request send_group_msg, args: {\"group_id\":1056859232,\"message\":[{\"type\":\"record\",\"data\":{\"file\":\"http://smmcat.cn/run/fa/嗯~~.mp3\",\"cache\":0}}]}, retcode: 1200\n    at _Internal._get (/www/wwwroot/default/koishi/koishi-app/node_modules/koishi-plugin-adapter-onebot/lib/index.js:119:11)\n    at process.processTicksAndRejections (node:internal/process/task_queues:103:5)\n    at async _Internal.<computed> [as sendGroupMsg] (/www/wwwroot/default/koishi/koishi-app/node_modules/koishi-plugin-adapter-onebot/lib/index.js:162:20)\n    at async OneBotMessageEncoder.flush (/www/wwwroot/default/koishi/koishi-app/node_modules/koishi-plugin-adapter-onebot/lib/index.js:771:338)\n    at async OneBotMessageEncoder.send (/www/wwwroot/default/koishi/koishi-app/node_modules/@satorijs/core/lib/index.cjs:755:5)\n    at async Proxy.sendMessage (/www/wwwroot/default/koishi/koishi-app/node_modules/@satorijs/core/lib/index.cjs:487:22)","timestamp":1772469648305}
{"id":289091,"type":"info","level":2,"name":"关键词回复","meta":{"paths":["lp0hx8"]},"content":"随机数为6，触发自动回复","timestamp":1772470057265}
{"id":289674,"type":"info","level":2,"name":"关键词回复","meta":{"paths":["lp0hx8"]},"content":"随机数为5，触发自动回复","timestamp":1772470570714}
{"id":290494,"type":"info","level":2,"name":"关键词回复","meta":{"paths":["lp0hx8"]},"content":"随机数为4，触发自动回复","timestamp":1772471385315}
{"id":290510,"type":"info","level":2,"name":"关键词回复","meta":{"paths":["lp0hx8"]},"content":"随机数为2，触发自动回复","timestamp":1772471393767}
{"id":290519,"type":"info","level":2,"name":"关键词回复","meta":{"paths":["lp0hx8"]},"content":"随机数为10，触发自动回复","timestamp":1772471396527}
{"id":290884,"type":"info","level":2,"name":"关键词回复","meta":{"paths":["lp0hx8"]},"content":"随机数为4，触发自动回复","timestamp":1772472301610}
{"id":291048,"type":"info","level":2,"name":"关键词回复","meta":{"paths":["lp0hx8"]},"content":"随机数为8，触发自动回复","timestamp":1772472678010}
{"id":291516,"type":"info","level":2,"name":"关键词回复","meta":{"paths":["lp0hx8"]},"content":"随机数为9，触发自动回复","timestamp":1772473141267}
{"id":291559,"type":"info","level":2,"name":"关键词回复","meta":{"paths":["lp0hx8"]},"content":"随机数为4，触发自动回复","timestamp":1772473164061}
{"id":291839,"type":"info","level":2,"name":"关键词回复","meta":{"paths":["lp0hx8"]},"content":"随机数为3，触发自动回复","timestamp":1772473358309}
{"id":292217,"type":"info","level":2,"name":"关键词回复","meta":{"paths":["lp0hx8"]},"content":"随机数为7，触发自动回复","timestamp":1772473693061}
{"id":292275,"type":"info","level":2,"name":"关键词回复","meta":{"paths":["lp0hx8"]},"content":"随机数为8，触发自动回复","timestamp":1772473731893}
{"id":292533,"type":"info","level":2,"name":"关键词回复","meta":{"paths":["lp0hx8"]},"content":"随机数为8，触发自动回复","timestamp":1772473878548}
{"id":292743,"type":"info","level":2,"name":"关键词回复","meta":{"paths":["lp0hx8"]},"content":"随机数为9，触发自动回复","timestamp":1772474263716}
{"id":292753,"type":"info","level":2,"name":"关键词回复","meta":{"paths":["lp0hx8"]},"content":"随机数为8，触发自动回复","timestamp":1772474272817}
{"id":293281,"type":"warn","level":2,"name":"session","meta":{},"content":"Error: Error with request send_group_msg, args: {\"group_id\":682255155,\"message\":[{\"type\":\"record\",\"data\":{\"file\":\"http://smmcat.cn/run/fa/哦，shit I'm sorry.mp3\",\"cache\":0}}]}, retcode: 1200\n    at _Internal._get (/www/wwwroot/default/koishi/koishi-app/node_modules/koishi-plugin-adapter-onebot/lib/index.js:119:11)\n    at process.processTicksAndRejections (node:internal/process/task_queues:103:5)\n    at async _Internal.<computed> [as sendGroupMsg] (/www/wwwroot/default/koishi/koishi-app/node_modules/koishi-plugin-adapter-onebot/lib/index.js:162:20)\n    at async OneBotMessageEncoder.flush (/www/wwwroot/default/koishi/koishi-app/node_modules/koishi-plugin-adapter-onebot/lib/index.js:771:338)\n    at async OneBotMessageEncoder.send (/www/wwwroot/default/koishi/koishi-app/node_modules/@satorijs/core/lib/index.cjs:755:5)\n    at async Proxy.sendMessage (/www/wwwroot/default/koishi/koishi-app/node_modules/@satorijs/core/lib/index.cjs:487:22)","timestamp":1772477972606}
{"id":293549,"type":"warn","level":2,"name":"session","meta":{},"content":"Error: Error with request send_group_msg, args: {\"group_id\":682255155,\"message\":[{\"type\":\"record\",\"data\":{\"file\":\"http://smmcat.cn/run/fa/嗯~~.mp3\",\"cache\":0}}]}, retcode: 1200\n    at _Internal._get (/www/wwwroot/default/koishi/koishi-app/node_modules/koishi-plugin-adapter-onebot/lib/index.js:119:11)\n    at process.processTicksAndRejections (node:internal/process/task_queues:103:5)\n    at async _Internal.<computed> [as sendGroupMsg] (/www/wwwroot/default/koishi/koishi-app/node_modules/koishi-plugin-adapter-onebot/lib/index.js:162:20)\n    at async OneBotMessageEncoder.flush (/www/wwwroot/default/koishi/koishi-app/node_modules/koishi-plugin-adapter-onebot/lib/index.js:771:338)\n    at async OneBotMessageEncoder.send (/www/wwwroot/default/koishi/koishi-app/node_modules/@satorijs/core/lib/index.cjs:755:5)\n    at async Proxy.sendMessage (/www/wwwroot/default/koishi/koishi-app/node_modules/@satorijs/core/lib/index.cjs:487:22)","timestamp":1772479244781}
{"id":293690,"type":"info","level":2,"name":"关键词回复","meta":{"paths":["lp0hx8"]},"content":"随机数为6，触发自动回复","timestamp":1772479608704}
