{"id":230775,"type":"success","level":1,"name":"签到","meta":{"paths":["lp0hx8"]},"content":"3912426259完成了一次签到！","timestamp":1774665669895}
{"id":230881,"type":"success","level":1,"name":"签到","meta":{"paths":["lp0hx8"]},"content":"3669154852完成了一次签到！","timestamp":1774665889950}
{"id":230901,"type":"info","level":2,"name":"抽卡与卡组","meta":{"paths":["lp0hx8"]},"content":"3669154852抽到了一张❀三星☄卡，剩余983P点","timestamp":1774665906112}
{"id":230920,"type":"info","level":2,"name":"抽卡与卡组","meta":{"paths":["lp0hx8"]},"content":"3669154852抽到了一张❀三星☄卡，剩余583P点","timestamp":1774665910307}
{"id":230939,"type":"info","level":2,"name":"抽卡与卡组","meta":{"paths":["lp0hx8"]},"content":"3669154852抽到了一张☆二星★卡，剩余183P点","timestamp":1774665913893}
{"id":233931,"type":"info","level":2,"name":"绑定id","meta":{"paths":["lp0hx8"]},"content":"用户3669154852绑定了cnid：7621914453684312847","timestamp":1774669584231}
{"id":234009,"type":"info","level":2,"name":"绑定id","meta":{"paths":["lp0hx8"]},"content":"用户3669154852绑定了cnid：7485968570380278562","timestamp":1774669652402}
{"id":234172,"type":"info","level":2,"name":"关键词回复","meta":{"paths":["lp0hx8"]},"content":"已随机发送闸喃消息","timestamp":1774669748181}
{"id":234308,"type":"warn","level":2,"name":"session","meta":{"paths":[]},"content":"娶群友\nTypeError: Cannot read properties of undefined (reading 'attrs')\n    at eval (eval at <anonymous> (/www/wwwroot/default/koishi/koishi-app/node_modules/koishi-plugin-blockly-null/lib/index.js:319:32), <anonymous>:22:77)\n    at Object.apply (/www/wwwroot/default/koishi/koishi-app/node_modules/@cordisjs/core/lib/index.cjs:171:28)\n    at next (/www/wwwroot/default/koishi/koishi-app/node_modules/@koishijs/core/lib/index.cjs:827:38)\n    at /www/wwwroot/default/koishi/koishi-app/node_modules/koishi-plugin-re-driftbottle/lib/index.js:1110:14\n    at Object.apply (/www/wwwroot/default/koishi/koishi-app/node_modules/@cordisjs/core/lib/index.cjs:171:28)\n    at next (/www/wwwroot/default/koishi/koishi-app/node_modules/@koishijs/core/lib/index.cjs:827:38)\n    at /www/wwwroot/default/koishi/koishi-app/node_modules/koishi-plugin-anti-space/lib/index.js:100:16\n    at Object.apply (/www/wwwroot/default/koishi/koishi-app/node_modules/@cordisjs/core/lib/index.cjs:171:28)\n    at next (/www/wwwroot/default/koishi/koishi-app/node_modules/@koishijs/core/lib/index.cjs:827:38)\n    at /www/wwwroot/default/koishi/koishi-app/node_modules/koishi-plugin-anti-space/lib/index.js:75:16","timestamp":1774669897443}
{"id":234358,"type":"warn","level":2,"name":"session","meta":{"paths":[]},"content":"娶群友\nTypeError: Cannot read properties of undefined (reading 'attrs')\n    at eval (eval at <anonymous> (/www/wwwroot/default/koishi/koishi-app/node_modules/koishi-plugin-blockly-null/lib/index.js:319:32), <anonymous>:22:77)\n    at Object.apply (/www/wwwroot/default/koishi/koishi-app/node_modules/@cordisjs/core/lib/index.cjs:171:28)\n    at next (/www/wwwroot/default/koishi/koishi-app/node_modules/@koishijs/core/lib/index.cjs:827:38)\n    at /www/wwwroot/default/koishi/koishi-app/node_modules/koishi-plugin-re-driftbottle/lib/index.js:1110:14\n    at Object.apply (/www/wwwroot/default/koishi/koishi-app/node_modules/@cordisjs/core/lib/index.cjs:171:28)\n    at next (/www/wwwroot/default/koishi/koishi-app/node_modules/@koishijs/core/lib/index.cjs:827:38)\n    at /www/wwwroot/default/koishi/koishi-app/node_modules/koishi-plugin-anti-space/lib/index.js:100:16\n    at Object.apply (/www/wwwroot/default/koishi/koishi-app/node_modules/@cordisjs/core/lib/index.cjs:171:28)\n    at next (/www/wwwroot/default/koishi/koishi-app/node_modules/@koishijs/core/lib/index.cjs:827:38)\n    at /www/wwwroot/default/koishi/koishi-app/node_modules/koishi-plugin-anti-space/lib/index.js:75:16","timestamp":1774669917505}
{"id":234385,"type":"warn","level":2,"name":"session","meta":{"paths":[]},"content":"娶群友\nTypeError: Cannot read properties of undefined (reading 'attrs')\n    at eval (eval at <anonymous> (/www/wwwroot/default/koishi/koishi-app/node_modules/koishi-plugin-blockly-null/lib/index.js:319:32), <anonymous>:22:77)\n    at Object.apply (/www/wwwroot/default/koishi/koishi-app/node_modules/@cordisjs/core/lib/index.cjs:171:28)\n    at next (/www/wwwroot/default/koishi/koishi-app/node_modules/@koishijs/core/lib/index.cjs:827:38)\n    at /www/wwwroot/default/koishi/koishi-app/node_modules/koishi-plugin-re-driftbottle/lib/index.js:1110:14\n    at Object.apply (/www/wwwroot/default/koishi/koishi-app/node_modules/@cordisjs/core/lib/index.cjs:171:28)\n    at next (/www/wwwroot/default/koishi/koishi-app/node_modules/@koishijs/core/lib/index.cjs:827:38)\n    at /www/wwwroot/default/koishi/koishi-app/node_modules/koishi-plugin-anti-space/lib/index.js:100:16\n    at Object.apply (/www/wwwroot/default/koishi/koishi-app/node_modules/@cordisjs/core/lib/index.cjs:171:28)\n    at next (/www/wwwroot/default/koishi/koishi-app/node_modules/@koishijs/core/lib/index.cjs:827:38)\n    at /www/wwwroot/default/koishi/koishi-app/node_modules/koishi-plugin-anti-space/lib/index.js:75:16","timestamp":1774669924922}
{"id":239691,"type":"error","level":1,"name":"签到","meta":{"paths":["lp0hx8"]},"content":"3669154852签到失败！原因：该用户已经签到","timestamp":1774677040653}
{"id":243568,"type":"info","level":2,"name":"关键词回复","meta":{"paths":["lp0hx8"]},"content":"已随机发送闸喃消息","timestamp":1774685686179}
{"id":243848,"type":"info","level":2,"name":"关键词回复","meta":{"paths":["lp0hx8"]},"content":"已随机发送闸喃消息","timestamp":1774685937146}
{"id":244786,"type":"info","level":2,"name":"关键词回复","meta":{"paths":["lp0hx8"]},"content":"已随机发送闸喃消息","timestamp":1774688390913}
{"id":254101,"type":"info","level":2,"name":"关键词回复","meta":{"paths":["lp0hx8"]},"content":"已随机发送闸喃消息","timestamp":1774700956091}
{"id":254361,"type":"info","level":2,"name":"关键词回复","meta":{"paths":["lp0hx8"]},"content":"已随机发送闸喃消息","timestamp":1774701410698}
{"id":258311,"type":"info","level":2,"name":"关键词回复","meta":{"paths":["lp0hx8"]},"content":"已随机发送哈基月消息","timestamp":1774705222090}
{"id":261553,"type":"info","level":2,"name":"关键词回复","meta":{"paths":["lp0hx8"]},"content":"已随机发送哈基月消息","timestamp":1774709211030}
{"id":262166,"type":"info","level":2,"name":"关键词回复","meta":{"paths":["lp0hx8"]},"content":"已随机发送哈基月消息","timestamp":1774709541375}
{"id":262446,"type":"info","level":2,"name":"关键词回复","meta":{"paths":["lp0hx8"]},"content":"已随机发送闸喃消息","timestamp":1774709661562}
{"id":262926,"type":"info","level":2,"name":"关键词回复","meta":{"paths":["lp0hx8"]},"content":"已随机发送闸喃消息","timestamp":1774710107851}
{"id":262980,"type":"info","level":2,"name":"关键词回复","meta":{"paths":["lp0hx8"]},"content":"已随机发送闸喃消息","timestamp":1774710224737}
{"id":266898,"type":"success","level":1,"name":"签到","meta":{"paths":["lp0hx8"]},"content":"2250804603完成了一次签到！","timestamp":1774713666681}
{"id":266931,"type":"success","level":1,"name":"签到","meta":{"paths":["lp0hx8"]},"content":"3669154852完成了一次签到！","timestamp":1774713678772}
{"id":266950,"type":"info","level":2,"name":"抽卡与卡组","meta":{"paths":["lp0hx8"]},"content":"3669154852抽到了一张☆二星★卡，剩余439P点","timestamp":1774713681695}
{"id":266969,"type":"info","level":2,"name":"抽卡与卡组","meta":{"paths":["lp0hx8"]},"content":"3669154852抽到了一张☆二星★卡，剩余39P点","timestamp":1774713686155}
{"id":267125,"type":"success","level":1,"name":"签到","meta":{"paths":["lp0hx8"]},"content":"3076845346完成了一次签到！","timestamp":1774713811519}
{"id":267155,"type":"info","level":2,"name":"抽卡与卡组","meta":{"paths":["lp0hx8"]},"content":"3076845346抽到了一张☆二星★卡，剩余2684P点","timestamp":1774713819220}
{"id":267185,"type":"info","level":2,"name":"抽卡与卡组","meta":{"paths":["lp0hx8"]},"content":"3076845346抽到了一张☆二星★卡，剩余2284P点","timestamp":1774713825580}
{"id":267209,"type":"info","level":2,"name":"抽卡与卡组","meta":{"paths":["lp0hx8"]},"content":"3076845346抽到了一张☆二星★卡，剩余1884P点","timestamp":1774713832086}
{"id":267241,"type":"info","level":2,"name":"抽卡与卡组","meta":{"paths":["lp0hx8"]},"content":"3076845346抽到了一张❀三星☄卡，剩余1484P点","timestamp":1774713843451}
{"id":267343,"type":"info","level":2,"name":"关键词回复","meta":{"paths":["lp0hx8"]},"content":"已随机发送哈基月消息","timestamp":1774714178978}
{"id":268157,"type":"info","level":2,"name":"关键词回复","meta":{"paths":["lp0hx8"]},"content":"已随机发送哈基月消息","timestamp":1774715243019}
{"id":268728,"type":"info","level":2,"name":"关键词回复","meta":{"paths":["lp0hx8"]},"content":"已随机发送哈基月消息","timestamp":1774715824234}
{"id":269337,"type":"info","level":2,"name":"关键词回复","meta":{"paths":["lp0hx8"]},"content":"已随机发送哈基月消息","timestamp":1774716427998}
{"id":270289,"type":"info","level":2,"name":"关键词回复","meta":{"paths":["lp0hx8"]},"content":"已随机发送哈基月消息","timestamp":1774718199569}
{"id":270560,"type":"success","level":1,"name":"签到","meta":{"paths":["lp0hx8"]},"content":"3479543026完成了一次签到！","timestamp":1774719512368}
{"id":270624,"type":"info","level":2,"name":"抽卡与卡组","meta":{"paths":["lp0hx8"]},"content":"3479543026抽到了一张☆二星★卡，剩余2380P点","timestamp":1774719778723}
{"id":270644,"type":"info","level":2,"name":"抽卡与卡组","meta":{"paths":["lp0hx8"]},"content":"3479543026抽到了一张☆二星★卡，剩余1980P点","timestamp":1774719783389}
{"id":270681,"type":"info","level":2,"name":"抽卡与卡组","meta":{"paths":["lp0hx8"]},"content":"3479543026抽到了一张☆二星★卡，剩余1580P点","timestamp":1774719800778}
{"id":270700,"type":"info","level":2,"name":"抽卡与卡组","meta":{"paths":["lp0hx8"]},"content":"3479543026抽到了一张☆二星★卡，剩余1180P点","timestamp":1774719805739}
{"id":270727,"type":"info","level":2,"name":"抽卡与卡组","meta":{"paths":["lp0hx8"]},"content":"3479543026抽到了一张☆二星★卡，剩余780P点","timestamp":1774719810364}
{"id":270798,"type":"info","level":2,"name":"抽卡与卡组","meta":{"paths":["lp0hx8"]},"content":"3479543026抽到了一张☆二星★卡，剩余380P点","timestamp":1774719848691}
{"id":271168,"type":"info","level":2,"name":"关键词回复","meta":{"paths":["lp0hx8"]},"content":"已随机发送哈基月消息","timestamp":1774720222251}
{"id":271319,"type":"success","level":1,"name":"签到","meta":{"paths":["lp0hx8"]},"content":"3663735613完成了一次签到！","timestamp":1774720436681}
