[info] | 2026-03-31 15:12:27 | WebSocket 事件上报 ws://localhost:3939/ws meta_event

[info] | 2026-03-31 15:13:27 | WebSocket 事件上报 ws://localhost:3939/ws meta_event

[info] | 2026-03-31 15:14:27 | WebSocket 事件上报 ws://localhost:3939/ws meta_event

[info] | 2026-03-31 15:15:00 | [收-群] 25点，worldlink2见！(1056859232) 小和(1945398301)：
瓦斯已然35

[info] | 2026-03-31 15:15:00 | WebSocket 事件上报 ws://localhost:3939/ws message.group

[info] | 2026-03-31 15:15:08 | [收-群] 25点，worldlink2见！(1056859232) 小和(1945398301)：
但是我没我在团分

[info] | 2026-03-31 15:15:08 | WebSocket 事件上报 ws://localhost:3939/ws message.group

[info] | 2026-03-31 15:15:11 | WebSocket 事件上报 ws://localhost:3939/ws notice.group_recall

[info] | 2026-03-31 15:15:16 | [收-群] 重生归来六子护我不吃井(789037781) 花里实乃理智商低(449326080)：
我去的时候说套餐没有了，只有贴纸，然后就给了我四个

[info] | 2026-03-31 15:15:16 | WebSocket 事件上报 ws://localhost:3939/ws message.group

[info] | 2026-03-31 15:15:16 | [收-群] 25点，worldlink2见！(1056859232) 小和(1945398301)：
但是我没瓦斯团分

[info] | 2026-03-31 15:15:16 | WebSocket 事件上报 ws://localhost:3939/ws message.group

[info] | 2026-03-31 15:15:27 | WebSocket 事件上报 ws://localhost:3939/ws meta_event

[info] | 2026-03-31 15:15:41 | 群表情回应 { target: { sequence: 106762 }, info: { code: '297', count: 1, operatorUid: 'u_BqN7HYN3BJv_wd_IIWVJfg', type: 1 } }

[info] | 2026-03-31 15:15:41 | WebSocket 事件上报 ws://localhost:3939/ws notice.group_msg_emoji_like

[info] | 2026-03-31 15:15:44 | [收-群] 25点，worldlink2见！(1056859232) 小和(1945398301)：
还只有一个nene升了专家

[info] | 2026-03-31 15:15:44 | WebSocket 事件上报 ws://localhost:3939/ws message.group

[info] | 2026-03-31 15:15:46 | 群表情回应 { target: { sequence: 106760 }, info: { code: '297', count: 3, operatorUid: 'u_Wz0BHlTK-DAEwy6FBcn8tA', type: 1 } }

[info] | 2026-03-31 15:15:46 | WebSocket 事件上报 ws://localhost:3939/ws notice.group_msg_emoji_like

[info] | 2026-03-31 15:15:49 | 群表情回应 { target: { sequence: 106761 }, info: { code: '144', count: 1, operatorUid: 'u_Wz0BHlTK-DAEwy6FBcn8tA', type: 1 } }

[info] | 2026-03-31 15:15:49 | WebSocket 事件上报 ws://localhost:3939/ws notice.group_msg_emoji_like

[info] | 2026-03-31 15:16:03 | [收-群] 25点，worldlink2见！(1056859232) 小和(1945398301)：
而且居然没有厕纸！！

[info] | 2026-03-31 15:16:03 | WebSocket 事件上报 ws://localhost:3939/ws message.group

[info] | 2026-03-31 15:16:27 | WebSocket 事件上报 ws://localhost:3939/ws meta_event

[info] | 2026-03-31 15:16:30 | 群表情回应 { target: { sequence: 106760 }, info: { code: '297', count: 4, operatorUid: 'u_gT9sQZKeIDf2hg1nHnmuUw', type: 1 } }

[info] | 2026-03-31 15:16:30 | WebSocket 事件上报 ws://localhost:3939/ws notice.group_msg_emoji_like

[info] | 2026-03-31 15:16:31 | [收-群] 重生归来六子护我不吃井(789037781) 天马司智商高(2098916995)：
傻东西

[info] | 2026-03-31 15:16:31 | WebSocket 事件上报 ws://localhost:3939/ws message.group

[info] | 2026-03-31 15:17:27 | WebSocket 事件上报 ws://localhost:3939/ws meta_event

[info] | 2026-03-31 15:17:49 | [收-群] 重生归来六子护我不吃井(789037781) 天马司智商高(2098916995)：
小葡萄

[info] | 2026-03-31 15:17:49 | WebSocket 事件上报 ws://localhost:3939/ws message.group

[info] | 2026-03-31 15:17:49 | 收到反向 Websocket 消息 { action: 'get_msg', params: { message_id: 2033695782 }, echo: { seq: 2956 } }

[info] | 2026-03-31 15:17:49 | 收到反向 Websocket 消息 { action: 'get_msg', params: { message_id: 2033695782 }, echo: 158 }

[info] | 2026-03-31 15:17:49 | 收到反向 Websocket 消息 { action: 'get_msg', params: { message_id: 2033695782 }, echo: '451' }

[info] | 2026-03-31 15:18:03 | 群表情回应 { target: { sequence: 210992 }, info: { code: '297', count: 3, operatorUid: 'u_a8CtcTcAiCHcGI7Ts_Dqlg', type: 1 } }

[info] | 2026-03-31 15:18:03 | WebSocket 事件上报 ws://localhost:3939/ws notice.group_msg_emoji_like

[info] | 2026-03-31 15:18:27 | WebSocket 事件上报 ws://localhost:3939/ws meta_event

[info] | 2026-03-31 15:18:28 | 群表情回应 { target: { sequence: 211037 }, info: { code: '424', count: 1, operatorUid: 'u_KovF783ICbYtuitZ4ZqWhw', type: 1 } }

[info] | 2026-03-31 15:18:28 | WebSocket 事件上报 ws://localhost:3939/ws notice.group_msg_emoji_like

[info] | 2026-03-31 15:19:23 | 群表情回应 { target: { sequence: 113534 }, info: { code: '49', count: 1, operatorUid: 'u_0P11Ouan9UAhE-6ZGHIiJA', type: 1 } }

[info] | 2026-03-31 15:19:23 | WebSocket 事件上报 ws://localhost:3939/ws notice.group_msg_emoji_like

[info] | 2026-03-31 15:19:27 | WebSocket 事件上报 ws://localhost:3939/ws meta_event

[info] | 2026-03-31 15:20:27 | WebSocket 事件上报 ws://localhost:3939/ws meta_event

[info] | 2026-03-31 15:20:33 | WebSocket 事件上报 ws://localhost:3939/ws notice.notify

[info] | 2026-03-31 15:20:36 | 群表情回应 { target: { sequence: 113534 }, info: { code: '49', count: 2, operatorUid: 'u_CWzo2FEppZgbqHFnGuTVoA', type: 1 } }

[info] | 2026-03-31 15:20:36 | WebSocket 事件上报 ws://localhost:3939/ws notice.group_msg_emoji_like

[info] | 2026-03-31 15:21:04 | [收-群] 红豆帝国(1059649545) 红豆Fantasy(1321248541)：
红豆水包

[info] | 2026-03-31 15:21:04 | WebSocket 事件上报 ws://localhost:3939/ws message.group

[info] | 2026-03-31 15:21:27 | WebSocket 事件上报 ws://localhost:3939/ws meta_event

[info] | 2026-03-31 15:22:21 | [收-群] PJSK世界计划(682255155) ECHO(2238615396)：
[图片]928EBC13A89E79B704EF0484C4045110.jpg


[info] | 2026-03-31 15:22:21 | WebSocket 事件上报 ws://localhost:3939/ws message.group

[info] | 2026-03-31 15:22:27 | WebSocket 事件上报 ws://localhost:3939/ws meta_event

[info] | 2026-03-31 15:23:27 | WebSocket 事件上报 ws://localhost:3939/ws meta_event

[info] | 2026-03-31 15:24:25 | [收-群] PJSK世界计划(682255155) かなで(1550318633)：
[图片]CBF7A78C55EBF093D836CD0144DA0B75.jpg


[info] | 2026-03-31 15:24:25 | WebSocket 事件上报 ws://localhost:3939/ws message.group

[info] | 2026-03-31 15:24:27 | WebSocket 事件上报 ws://localhost:3939/ws meta_event

[info] | 2026-03-31 15:25:27 | WebSocket 事件上报 ws://localhost:3939/ws meta_event

[info] | 2026-03-31 15:25:42 | [收-群] 重生归来六子护我不吃井(789037781) 花里实乃理智商低(449326080)：
[图片]A8EC47BCEF5444F674191FCB3234FF27.jpg


[info] | 2026-03-31 15:25:42 | WebSocket 事件上报 ws://localhost:3939/ws message.group

[info] | 2026-03-31 15:26:01 | [收-群] 重生归来六子护我不吃井(789037781) 花里实乃理智商低(449326080)：
天马司旁边放青椒？

[info] | 2026-03-31 15:26:01 | WebSocket 事件上报 ws://localhost:3939/ws message.group

[info] | 2026-03-31 15:26:21 | [收-群] 重生归来六子护我不吃井(789037781) 花里实乃理智商低(449326080)：
天马司怕啥来着

[info] | 2026-03-31 15:26:21 | WebSocket 事件上报 ws://localhost:3939/ws message.group

[info] | 2026-03-31 15:26:27 | WebSocket 事件上报 ws://localhost:3939/ws meta_event

[info] | 2026-03-31 15:26:31 | [收-群] 重生归来六子护我不吃井(789037781) 天马司智商高(2098916995)：
。。

[info] | 2026-03-31 15:26:31 | WebSocket 事件上报 ws://localhost:3939/ws message.group

[info] | 2026-03-31 15:26:37 | [收-群] 重生归来六子护我不吃井(789037781) 天马司智商高(2098916995)：
喂

[info] | 2026-03-31 15:26:37 | WebSocket 事件上报 ws://localhost:3939/ws message.group

[info] | 2026-03-31 15:26:57 | [收-群] PJSK世界计划(682255155) 哈基蓝（群ln全员厨代吃雌二醇）(1469078804)：
[图片]044F109E70A4506531157E7C081B1E0A.jpg


[info] | 2026-03-31 15:26:57 | WebSocket 事件上报 ws://localhost:3939/ws message.group

[info] | 2026-03-31 15:27:07 | WebSocket 事件上报 ws://localhost:3939/ws notice.notify

[info] | 2026-03-31 15:27:27 | WebSocket 事件上报 ws://localhost:3939/ws meta_event

[info] | 2026-03-31 15:27:48 | [收-群] 重生归来六子护我不吃井(789037781) 等待wl2&1小冬回家中(1716526752)：
tms不爱吃青椒

[info] | 2026-03-31 15:27:48 | WebSocket 事件上报 ws://localhost:3939/ws message.group

[info] | 2026-03-31 15:27:51 | [收-群] 重生归来六子护我不吃井(789037781) 等待wl2&1小冬回家中(1716526752)：
怕虫子（

[info] | 2026-03-31 15:27:51 | WebSocket 事件上报 ws://localhost:3939/ws message.group

[info] | 2026-03-31 15:28:01 | [收-群] 重生归来六子护我不吃井(789037781) 花里实乃理智商低(449326080)：
笑死我了

[info] | 2026-03-31 15:28:01 | WebSocket 事件上报 ws://localhost:3939/ws message.group

[info] | 2026-03-31 15:28:10 | [收-群] 重生归来六子护我不吃井(789037781) 等待wl2&1小冬回家中(1716526752)：
这和那个挂件

[info] | 2026-03-31 15:28:10 | WebSocket 事件上报 ws://localhost:3939/ws message.group

[info] | 2026-03-31 15:28:14 | WebSocket 事件上报 ws://localhost:3939/ws notice.notify

[info] | 2026-03-31 15:28:15 | 群表情回应 { target: { sequence: 106766 }, info: { code: '424', count: 1, operatorUid: 'u_j_t_PE0xscP_p3oCqTGokw', type: 1 } }

[info] | 2026-03-31 15:28:15 | WebSocket 事件上报 ws://localhost:3939/ws notice.group_msg_emoji_like

[info] | 2026-03-31 15:28:17 | 群表情回应 { target: { sequence: 2771731 }, info: { code: '12951', count: 1, operatorUid: 'u_9gLXmojpsk0VvnJ3pBhLag', type: 1 } }

[info] | 2026-03-31 15:28:18 | WebSocket 事件上报 ws://localhost:3939/ws notice.group_msg_emoji_like

[info] | 2026-03-31 15:28:20 | [收-群] 25点，worldlink2见！(1056859232) 奈白(2220163251)：
@小和 那很坏了

[info] | 2026-03-31 15:28:20 | WebSocket 事件上报 ws://localhost:3939/ws message.group

[info] | 2026-03-31 15:28:20 | 收到反向 Websocket 消息 { action: 'get_msg', params: { message_id: 2104733714 }, echo: 160 }

[info] | 2026-03-31 15:28:20 | 收到反向 Websocket 消息 { action: 'get_msg', params: { message_id: 2104733714 }, echo: { seq: 2957 } }

[info] | 2026-03-31 15:28:20 | 收到反向 Websocket 消息 { action: 'get_group_member_info', params: { group_id: 1056859232, user_id: 1945398301, no_cache: false }, echo: { seq: 2958 } }

[info] | 2026-03-31 15:28:20 | 收到反向 Websocket 消息 { action: 'get_msg', params: { message_id: 2104733714 }, echo: '491' }

[info] | 2026-03-31 15:28:23 | [收-群] 重生归来六子护我不吃井(789037781) 等待wl2&1小冬回家中(1716526752)：
小豆头上是番茄有异曲同工之妙（

[info] | 2026-03-31 15:28:23 | WebSocket 事件上报 ws://localhost:3939/ws message.group

[info] | 2026-03-31 15:28:27 | WebSocket 事件上报 ws://localhost:3939/ws meta_event

[info] | 2026-03-31 15:28:43 | [收-群] 重生归来六子护我不吃井(789037781) 花里实乃理智商低(449326080)：
白石杏不喜欢番茄吧

[info] | 2026-03-31 15:28:43 | WebSocket 事件上报 ws://localhost:3939/ws message.group

[info] | 2026-03-31 15:28:48 | [收-群] 重生归来六子护我不吃井(789037781) 花里实乃理智商低(449326080)：
小豆也不喜欢吗

[info] | 2026-03-31 15:28:48 | WebSocket 事件上报 ws://localhost:3939/ws message.group

[info] | 2026-03-31 15:29:03 | [收-群] PJSK世界计划(682255155) 25时，滚去睡觉-Zelova(1415785556)：
@NeneRobo /ycm 

[info] | 2026-03-31 15:29:03 | WebSocket 事件上报 ws://localhost:3939/ws message.group

[info] | 2026-03-31 15:29:03 | 收到反向 Websocket 消息 { action: 'get_group_member_info', params: { group_id: 682255155, user_id: 3889630528, no_cache: false }, echo: { seq: 2959 } }

[info] | 2026-03-31 15:29:04 | 收到反向 Websocket 消息 { action: 'get_stranger_info', params: { user_id: 3889630528, no_cache: false }, echo: { seq: 2960 } }

[info] | 2026-03-31 15:29:06 | [收-群] PJSK世界计划(682255155) NeneRobo(3889630528)：
[图片]c342d733e520d844f0746edd6b8f7bd9.png
@25时，滚去睡觉-Zelova  

[info] | 2026-03-31 15:29:06 | WebSocket 事件上报 ws://localhost:3939/ws message.group

[info] | 2026-03-31 15:29:06 | 收到反向 Websocket 消息 { action: 'get_group_member_info', params: { group_id: 682255155, user_id: 1415785556, no_cache: false }, echo: { seq: 2961 } }

[info] | 2026-03-31 15:29:18 | [收-群] 重生归来六子护我不吃井(789037781) 天马司智商高(2098916995)：
豆没有

[info] | 2026-03-31 15:29:18 | WebSocket 事件上报 ws://localhost:3939/ws message.group

